Log file open, 04/05/20 17:57:49
LogWindows: Failed to load 'aqProf.dll' (GetLastError=126)
LogWindows: File 'aqProf.dll' does not exist
LogWindows: Failed to load 'VtuneApi.dll' (GetLastError=126)
LogWindows: File 'VtuneApi.dll' does not exist
LogWindows: Failed to load 'VtuneApi32e.dll' (GetLastError=126)
LogWindows: File 'VtuneApi32e.dll' does not exist
LogConsoleResponse: Display: Failed to find resolution value strings in scalability ini. Falling back to default.
LogInit: Display: Running engine for game: Gra_o_szopie
LogPlatformFile: Not using cached read wrapper
LogTaskGraph: Started task graph with 5 named threads and 47 total threads with 3 sets of task threads.
LogStats: Stats thread started at 0.070629
LogD3D11RHI: Loaded GFSDK_Aftermath_Lib.x64.dll
LogICUInternationalization: ICU TimeZone Detection - Raw Offset: +1:00, Platform Override: ''
LogPluginManager: Mounting plugin Paper2D
LogPluginManager: Mounting plugin AISupport
LogPluginManager: Mounting plugin LightPropagationVolume
LogPluginManager: Mounting plugin ActorLayerUtilities
LogPluginManager: Mounting plugin AnimationSharing
LogPluginManager: Mounting plugin CLionSourceCodeAccess
LogPluginManager: Mounting plugin CodeLiteSourceCodeAccess
LogPluginManager: Mounting plugin GitSourceControl
LogPluginManager: Mounting plugin KDevelopSourceCodeAccess
LogPluginManager: Mounting plugin NullSourceCodeAccess
LogPluginManager: Mounting plugin PerforceSourceControl
LogPluginManager: Mounting plugin PlasticSourceControl
LogPluginManager: Mounting plugin SubversionSourceControl
LogPluginManager: Mounting plugin UObjectPlugin
LogPluginManager: Mounting plugin VisualStudioCodeSourceCodeAccess
LogPluginManager: Mounting plugin VisualStudioSourceCodeAccess
LogPluginManager: Mounting plugin XCodeSourceCodeAccess
LogPluginManager: Mounting plugin AssetManagerEditor
LogPluginManager: Mounting plugin CryptoKeys
LogPluginManager: Mounting plugin CurveEditorTools
LogPluginManager: Mounting plugin DataValidation
LogPluginManager: Mounting plugin FacialAnimation
LogPluginManager: Mounting plugin GameplayTagsEditor
LogPluginManager: Mounting plugin MacGraphicsSwitching
LogPluginManager: Mounting plugin MaterialAnalyzer
LogPluginManager: Mounting plugin MobileLauncherProfileWizard
LogPluginManager: Mounting plugin PluginBrowser
LogPluginManager: Mounting plugin SpeedTreeImporter
LogPluginManager: Mounting plugin DatasmithContent
LogPluginManager: Mounting plugin VariantManagerContent
LogPluginManager: Mounting plugin AlembicImporter
LogPluginManager: Mounting plugin AutomationUtils
LogPluginManager: Mounting plugin BackChannel
LogPluginManager: Mounting plugin CharacterAI
LogPluginManager: Mounting plugin GeometryCache
LogPluginManager: Mounting plugin PlatformCrypto
LogPluginManager: Mounting plugin ProxyLODPlugin
LogPluginManager: Mounting plugin SkeletalReduction
LogPluginManager: Mounting plugin MagicLeap
LogPluginManager: Mounting plugin MagicLeapMedia
LogPluginManager: Mounting plugin MLSDK
LogPluginManager: Mounting plugin AndroidMedia
LogPluginManager: Mounting plugin AvfMedia
LogPluginManager: Mounting plugin ImgMedia
LogPluginManager: Mounting plugin MediaCompositing
LogPluginManager: Mounting plugin MediaPlayerEditor
LogPluginManager: Mounting plugin WebMMedia
LogPluginManager: Mounting plugin WmfMedia
LogPluginManager: Mounting plugin TcpMessaging
LogPluginManager: Mounting plugin UdpMessaging
LogPluginManager: Mounting plugin ActorSequence
LogPluginManager: Mounting plugin LevelSequenceEditor
LogPluginManager: Mounting plugin MatineeToLevelSequence
LogPluginManager: Mounting plugin NetcodeUnitTest
LogPluginManager: Mounting plugin NUTUnrealEngine4
LogPluginManager: Mounting plugin OnlineSubsystemGooglePlay
LogPluginManager: Mounting plugin OnlineSubsystemIOS
LogPluginManager: Mounting plugin OnlineSubsystem
LogPluginManager: Mounting plugin OnlineSubsystemNull
LogPluginManager: Mounting plugin OnlineSubsystemUtils
LogPluginManager: Mounting plugin LauncherChunkInstaller
LogPluginManager: Mounting plugin AndroidDeviceProfileSelector
LogPluginManager: Mounting plugin AndroidMoviePlayer
LogPluginManager: Mounting plugin AndroidPermission
LogPluginManager: Mounting plugin AppleImageUtils
LogPluginManager: Mounting plugin AppleMoviePlayer
LogPluginManager: Mounting plugin ArchVisCharacter
LogPluginManager: Mounting plugin AssetTags
LogPluginManager: Mounting plugin AudioCapture
LogPluginManager: Mounting plugin CableComponent
LogPluginManager: Mounting plugin CustomMeshComponent
LogPluginManager: Mounting plugin EditableMesh
LogPluginManager: Mounting plugin ExampleDeviceProfileSelector
LogPluginManager: Mounting plugin GoogleCloudMessaging
LogPluginManager: Mounting plugin IOSDeviceProfileSelector
LogPluginManager: Mounting plugin LinuxDeviceProfileSelector
LogPluginManager: Mounting plugin LocationServicesBPLibrary
LogPluginManager: Mounting plugin MobilePatchingUtils
LogPluginManager: Mounting plugin OculusVR
LogPluginManager: Mounting plugin PhysXVehicles
LogPluginManager: Mounting plugin PostSplashScreen
LogPluginManager: Mounting plugin ProceduralMeshComponent
LogPluginManager: Mounting plugin RuntimePhysXCooking
LogPluginManager: Mounting plugin SignificanceManager
LogPluginManager: Mounting plugin SteamVR
LogPluginManager: Mounting plugin WebMMoviePlayer
LogPluginManager: Mounting plugin WindowsMoviePlayer
LogPluginManager: Mounting plugin ScreenshotTools
LogInit: Using libcurl 7.55.1-DEV
LogInit:  - built for x86_64-pc-win32
LogInit:  - supports SSL with OpenSSL/1.1.1
LogInit:  - supports HTTP deflate (compression) using libz 1.2.8
LogInit:  - other features:
LogInit:      CURL_VERSION_SSL
LogInit:      CURL_VERSION_LIBZ
LogInit:      CURL_VERSION_IPV6
LogInit:      CURL_VERSION_ASYNCHDNS
LogInit:      CURL_VERSION_LARGEFILE
LogInit:      CURL_VERSION_IDN
LogInit:  CurlRequestOptions (configurable via config and command line):
LogInit:  - bVerifyPeer = true  - Libcurl will verify peer certificate
LogInit:  - bUseHttpProxy = false  - Libcurl will NOT use HTTP proxy
LogInit:  - bDontReuseConnections = false  - Libcurl will reuse connections
LogInit:  - MaxHostConnections = 16  - Libcurl will limit the number of connections to a host
LogInit:  - LocalHostAddr = Default
LogInit:  - BufferSize = 65536
LogOnline: OSS: Creating online subsystem instance for: NULL
LogInit: WinSock: version 1.1 (2.2), MaxSocks=32767, MaxUdp=65467
LogOnline: OSS: TryLoadSubsystemAndSetDefault: Loaded subsystem for module [NULL]
LogInit: Build: ++UE4+Release-4.24-CL-11590370
LogInit: Engine Version: 4.24.3-11590370+++UE4+Release-4.24
LogInit: Compatible Engine Version: 4.24.0-10570792+++UE4+Release-4.24
LogInit: Net CL: 10570792
LogInit: OS: Windows 10 (Release 1909) (), CPU: AMD Ryzen 7 1700X Eight-Core Processor         , GPU: NVIDIA GeForce GTX 1060 6GB
LogInit: Compiled (64-bit): Feb 24 2020 15:39:18
LogInit: Compiled with Visual C++: 19.16.27032.01
LogInit: Build Configuration: Development
LogInit: Branch Name: ++UE4+Release-4.24
LogInit: Command Line: 
LogInit: Base Directory: F:/UE_4.24/Engine/Binaries/Win64/
LogInit: Installed Engine Build: 1
LogDevObjectVersion: Number of dev versions registered: 25
LogDevObjectVersion:   Dev-Blueprints (B0D832E4-1F89-4F0D-ACCF-7EB736FD4AA2): 10
LogDevObjectVersion:   Dev-Build (E1C64328-A22C-4D53-A36C-8E866417BD8C): 0
LogDevObjectVersion:   Dev-Core (375EC13C-06E4-48FB-B500-84F0262A717E): 3
LogDevObjectVersion:   Dev-Editor (E4B068ED-F494-42E9-A231-DA0B2E46BB41): 37
LogDevObjectVersion:   Dev-Framework (CFFC743F-43B0-4480-9391-14DF171D2073): 36
LogDevObjectVersion:   Dev-Mobile (B02B49B5-BB20-44E9-A304-32B752E40360): 2
LogDevObjectVersion:   Dev-Networking (A4E4105C-59A1-49B5-A7C5-40C4547EDFEE): 0
LogDevObjectVersion:   Dev-Online (39C831C9-5AE6-47DC-9A44-9C173E1C8E7C): 0
LogDevObjectVersion:   Dev-Physics (78F01B33-EBEA-4F98-B9B4-84EACCB95AA2): 2
LogDevObjectVersion:   Dev-Platform (6631380F-2D4D-43E0-8009-CF276956A95A): 0
LogDevObjectVersion:   Dev-Rendering (12F88B9F-8875-4AFC-A67C-D90C383ABD29): 36
LogDevObjectVersion:   Dev-Sequencer (7B5AE74C-D270-4C10-A958-57980B212A5A): 11
LogDevObjectVersion:   Dev-VR (D7296918-1DD6-4BDD-9DE2-64A83CC13884): 2
LogDevObjectVersion:   Dev-LoadTimes (C2A15278-BFE7-4AFE-6C17-90FF531DF755): 1
LogDevObjectVersion:   Private-Geometry (6EACA3D4-40EC-4CC1-B786-8BED09428FC5): 3
LogDevObjectVersion:   Dev-AnimPhys (29E575DD-E0A3-4627-9D10-D276232CDCEA): 17
LogDevObjectVersion:   Dev-Anim (AF43A65D-7FD3-4947-9873-3E8ED9C1BB05): 2
LogDevObjectVersion:   Dev-ReflectionCapture (6B266CEC-1EC7-4B8F-A30B-E4D90942FC07): 1
LogDevObjectVersion:   Dev-Automation (0DF73D61-A23F-47EA-B727-89E90C41499A): 1
LogDevObjectVersion:   FortniteMain (601D1886-AC64-4F84-AA16-D3DE0DEAC7D6): 31
LogDevObjectVersion:   Dev-Enterprise (9DFFBCD6-494F-0158-E221-12823C92A888): 8
LogDevObjectVersion:   Dev-Niagara (F2AED0AC-9AFE-416F-8664-AA7FFA26D6FC): 1
LogDevObjectVersion:   Dev-Destruction (174F1F0B-B4C6-45A5-B13F-2EE8D0FB917D): 9
LogDevObjectVersion:   Dev-Physics-Ext (35F94A83-E258-406C-A318-09F59610247C): 8
LogDevObjectVersion:   Dev-CineCamera (B2E18506-4273-CFC2-A54E-F4BB758BBA07): 1
LogInit: Presizing for max 25165824 objects, including 0 objects not considered by GC, pre-allocating 0 bytes for permanent pool.
LogInit: Object subsystem initialized
LogConfig: Setting CVar [[con.DebugEarlyDefault:1]]
LogConfig: Setting CVar [[r.setres:1280x720]]
[2020.04.05-15.57.49:247][  0]LogConfig: Setting CVar [[r.VSync:0]]
[2020.04.05-15.57.49:247][  0]LogConfig: Setting CVar [[r.RHICmdBypass:0]]
[2020.04.05-15.57.49:247][  0]LogConfig: Applying CVar settings from Section [/Script/Engine.RendererSettings] File [F:/Nowy folder (2)/Gra_o_szopie 4.24/Saved/Config/Windows/Engine.ini]
[2020.04.05-15.57.49:247][  0]LogConfig: Setting CVar [[r.GPUCrashDebugging:0]]
[2020.04.05-15.57.49:247][  0]LogConfig: Applying CVar settings from Section [/Script/Engine.RendererOverrideSettings] File [F:/Nowy folder (2)/Gra_o_szopie 4.24/Saved/Config/Windows/Engine.ini]
[2020.04.05-15.57.49:247][  0]LogConfig: Applying CVar settings from Section [/Script/Engine.StreamingSettings] File [F:/Nowy folder (2)/Gra_o_szopie 4.24/Saved/Config/Windows/Engine.ini]
[2020.04.05-15.57.49:247][  0]LogConfig: Setting CVar [[s.MinBulkDataSizeForAsyncLoading:131072]]
[2020.04.05-15.57.49:247][  0]LogConfig: Setting CVar [[s.AsyncLoadingThreadEnabled:0]]
[2020.04.05-15.57.49:247][  0]LogConfig: Setting CVar [[s.EventDrivenLoaderEnabled:1]]
[2020.04.05-15.57.49:247][  0]LogConfig: Setting CVar [[s.WarnIfTimeLimitExceeded:0]]
[2020.04.05-15.57.49:247][  0]LogConfig: Setting CVar [[s.TimeLimitExceededMultiplier:1.5]]
[2020.04.05-15.57.49:247][  0]LogConfig: Setting CVar [[s.TimeLimitExceededMinTime:0.005]]
[2020.04.05-15.57.49:247][  0]LogConfig: Setting CVar [[s.UseBackgroundLevelStreaming:1]]
[2020.04.05-15.57.49:247][  0]LogConfig: Setting CVar [[s.PriorityAsyncLoadingExtraTime:15.0]]
[2020.04.05-15.57.49:247][  0]LogConfig: Setting CVar [[s.LevelStreamingActorsUpdateTimeLimit:5.0]]
[2020.04.05-15.57.49:247][  0]LogConfig: Setting CVar [[s.PriorityLevelStreamingActorsUpdateExtraTime:5.0]]
[2020.04.05-15.57.49:247][  0]LogConfig: Setting CVar [[s.LevelStreamingComponentsRegistrationGranularity:10]]
[2020.04.05-15.57.49:247][  0]LogConfig: Setting CVar [[s.UnregisterComponentsTimeLimit:1.0]]
[2020.04.05-15.57.49:247][  0]LogConfig: Setting CVar [[s.LevelStreamingComponentsUnregistrationGranularity:5]]
[2020.04.05-15.57.49:247][  0]LogConfig: Setting CVar [[s.FlushStreamingOnExit:1]]
[2020.04.05-15.57.49:247][  0]LogConfig: Applying CVar settings from Section [/Script/Engine.GarbageCollectionSettings] File [F:/Nowy folder (2)/Gra_o_szopie 4.24/Saved/Config/Windows/Engine.ini]
[2020.04.05-15.57.49:247][  0]LogConfig: Setting CVar [[gc.MaxObjectsNotConsideredByGC:1]]
[2020.04.05-15.57.49:247][  0]LogConfig: Setting CVar [[gc.SizeOfPermanentObjectPool:0]]
[2020.04.05-15.57.49:247][  0]LogConfig: Setting CVar [[gc.FlushStreamingOnGC:0]]
[2020.04.05-15.57.49:247][  0]LogConfig: Setting CVar [[gc.NumRetriesBeforeForcingGC:10]]
[2020.04.05-15.57.49:247][  0]LogConfig: Setting CVar [[gc.AllowParallelGC:1]]
[2020.04.05-15.57.49:247][  0]LogConfig: Setting CVar [[gc.TimeBetweenPurgingPendingKillObjects:61.1]]
[2020.04.05-15.57.49:247][  0]LogConfig: Setting CVar [[gc.MaxObjectsInEditor:25165824]]
[2020.04.05-15.57.49:247][  0]LogConfig: Setting CVar [[gc.IncrementalBeginDestroyEnabled:1]]
[2020.04.05-15.57.49:247][  0]LogConfig: Setting CVar [[gc.CreateGCClusters:1]]
[2020.04.05-15.57.49:247][  0]LogConfig: Setting CVar [[gc.MinGCClusterSize:5]]
[2020.04.05-15.57.49:247][  0]LogConfig: Setting CVar [[gc.ActorClusteringEnabled:0]]
[2020.04.05-15.57.49:247][  0]LogConfig: Setting CVar [[gc.BlueprintClusteringEnabled:0]]
[2020.04.05-15.57.49:247][  0]LogConfig: Setting CVar [[gc.UseDisregardForGCOnDedicatedServers:0]]
[2020.04.05-15.57.49:247][  0]LogConfig: Applying CVar settings from Section [/Script/Engine.NetworkSettings] File [F:/Nowy folder (2)/Gra_o_szopie 4.24/Saved/Config/Windows/Engine.ini]
[2020.04.05-15.57.49:247][  0]LogConfig: Applying CVar settings from Section [/Script/UnrealEd.CookerSettings] File [F:/Nowy folder (2)/Gra_o_szopie 4.24/Saved/Config/Windows/Engine.ini]
[2020.04.05-15.57.49:252][  0]LogConfig: Applying CVar settings from Section [ViewDistanceQuality@3] File [F:/Nowy folder (2)/Gra_o_szopie 4.24/Saved/Config/Windows/Scalability.ini]
[2020.04.05-15.57.49:252][  0]LogConfig: Setting CVar [[r.SkeletalMeshLODBias:0]]
[2020.04.05-15.57.49:252][  0]LogConfig: Setting CVar [[r.ViewDistanceScale:1.0]]
[2020.04.05-15.57.49:252][  0]LogConfig: Applying CVar settings from Section [AntiAliasingQuality@3] File [F:/Nowy folder (2)/Gra_o_szopie 4.24/Saved/Config/Windows/Scalability.ini]
[2020.04.05-15.57.49:252][  0]LogConfig: Setting CVar [[r.PostProcessAAQuality:4]]
[2020.04.05-15.57.49:252][  0]LogConfig: Applying CVar settings from Section [ShadowQuality@3] File [F:/Nowy folder (2)/Gra_o_szopie 4.24/Saved/Config/Windows/Scalability.ini]
[2020.04.05-15.57.49:252][  0]LogConfig: Setting CVar [[r.LightFunctionQuality:1]]
[2020.04.05-15.57.49:252][  0]LogConfig: Setting CVar [[r.ShadowQuality:5]]
[2020.04.05-15.57.49:252][  0]LogConfig: Setting CVar [[r.Shadow.CSM.MaxCascades:10]]
[2020.04.05-15.57.49:252][  0]LogConfig: Setting CVar [[r.Shadow.MaxResolution:2048]]
[2020.04.05-15.57.49:252][  0]LogConfig: Setting CVar [[r.Shadow.MaxCSMResolution:2048]]
[2020.04.05-15.57.49:252][  0]LogConfig: Setting CVar [[r.Shadow.RadiusThreshold:0.01]]
[2020.04.05-15.57.49:252][  0]LogConfig: Setting CVar [[r.Shadow.DistanceScale:1.0]]
[2020.04.05-15.57.49:252][  0]LogConfig: Setting CVar [[r.Shadow.CSM.TransitionScale:1.0]]
[2020.04.05-15.57.49:252][  0]LogConfig: Setting CVar [[r.Shadow.PreShadowResolutionFactor:1.0]]
[2020.04.05-15.57.49:252][  0]LogConfig: Setting CVar [[r.DistanceFieldShadowing:1]]
[2020.04.05-15.57.49:252][  0]LogConfig: Setting CVar [[r.DistanceFieldAO:1]]
[2020.04.05-15.57.49:252][  0]LogConfig: Setting CVar [[r.AOQuality:2]]
[2020.04.05-15.57.49:252][  0]LogConfig: Setting CVar [[r.VolumetricFog:1]]
[2020.04.05-15.57.49:252][  0]LogConfig: Setting CVar [[r.VolumetricFog.GridPixelSize:8]]
[2020.04.05-15.57.49:252][  0]LogConfig: Setting CVar [[r.VolumetricFog.GridSizeZ:128]]
[2020.04.05-15.57.49:252][  0]LogConfig: Setting CVar [[r.VolumetricFog.HistoryMissSupersampleCount:4]]
[2020.04.05-15.57.49:252][  0]LogConfig: Setting CVar [[r.LightMaxDrawDistanceScale:1]]
[2020.04.05-15.57.49:252][  0]LogConfig: Setting CVar [[r.CapsuleShadows:1]]
[2020.04.05-15.57.49:252][  0]LogConfig: Applying CVar settings from Section [PostProcessQuality@3] File [F:/Nowy folder (2)/Gra_o_szopie 4.24/Saved/Config/Windows/Scalability.ini]
[2020.04.05-15.57.49:252][  0]LogConfig: Setting CVar [[r.MotionBlurQuality:4]]
[2020.04.05-15.57.49:252][  0]LogConfig: Setting CVar [[r.AmbientOcclusionMipLevelFactor:0.4]]
[2020.04.05-15.57.49:252][  0]LogConfig: Setting CVar [[r.AmbientOcclusionMaxQuality:100]]
[2020.04.05-15.57.49:252][  0]LogConfig: Setting CVar [[r.AmbientOcclusionLevels:-1]]
[2020.04.05-15.57.49:252][  0]LogConfig: Setting CVar [[r.AmbientOcclusionRadiusScale:1.0]]
[2020.04.05-15.57.49:252][  0]LogConfig: Setting CVar [[r.DepthOfFieldQuality:2]]
[2020.04.05-15.57.49:252][  0]LogConfig: Setting CVar [[r.RenderTargetPoolMin:400]]
[2020.04.05-15.57.49:252][  0]LogConfig: Setting CVar [[r.LensFlareQuality:2]]
[2020.04.05-15.57.49:252][  0]LogConfig: Setting CVar [[r.SceneColorFringeQuality:1]]
[2020.04.05-15.57.49:252][  0]LogConfig: Setting CVar [[r.EyeAdaptationQuality:2]]
[2020.04.05-15.57.49:252][  0]LogConfig: Setting CVar [[r.BloomQuality:5]]
[2020.04.05-15.57.49:252][  0]LogConfig: Setting CVar [[r.FastBlurThreshold:100]]
[2020.04.05-15.57.49:252][  0]LogConfig: Setting CVar [[r.Upscale.Quality:3]]
[2020.04.05-15.57.49:252][  0]LogConfig: Setting CVar [[r.Tonemapper.GrainQuantization:1]]
[2020.04.05-15.57.49:252][  0]LogConfig: Setting CVar [[r.LightShaftQuality:1]]
[2020.04.05-15.57.49:252][  0]LogConfig: Setting CVar [[r.Filter.SizeScale:1]]
[2020.04.05-15.57.49:252][  0]LogConfig: Setting CVar [[r.Tonemapper.Quality:5]]
[2020.04.05-15.57.49:252][  0]LogConfig: Setting CVar [[r.DOF.Gather.AccumulatorQuality:1        ; higher gathering accumulator quality]]
[2020.04.05-15.57.49:252][  0]LogConfig: Setting CVar [[r.DOF.Gather.PostfilterMethod:1          ; Median3x3 postfilering method]]
[2020.04.05-15.57.49:252][  0]LogConfig: Setting CVar [[r.DOF.Gather.EnableBokehSettings:0       ; no bokeh simulation when gathering]]
[2020.04.05-15.57.49:252][  0]LogConfig: Setting CVar [[r.DOF.Gather.RingCount:4                 ; medium number of samples when gathering]]
[2020.04.05-15.57.49:252][  0]LogConfig: Setting CVar [[r.DOF.Scatter.ForegroundCompositing:1    ; additive foreground scattering]]
[2020.04.05-15.57.49:252][  0]LogConfig: Setting CVar [[r.DOF.Scatter.BackgroundCompositing:2    ; additive background scattering]]
[2020.04.05-15.57.49:252][  0]LogConfig: Setting CVar [[r.DOF.Scatter.EnableBokehSettings:1      ; bokeh simulation when scattering]]
[2020.04.05-15.57.49:252][  0]LogConfig: Setting CVar [[r.DOF.Scatter.MaxSpriteRatio:0.1         ; only a maximum of 10% of scattered bokeh]]
[2020.04.05-15.57.49:252][  0]LogConfig: Setting CVar [[r.DOF.Recombine.Quality:1                ; cheap slight out of focus]]
[2020.04.05-15.57.49:252][  0]LogConfig: Setting CVar [[r.DOF.Recombine.EnableBokehSettings:0    ; no bokeh simulation on slight out of focus]]
[2020.04.05-15.57.49:252][  0]LogConfig: Setting CVar [[r.DOF.TemporalAAQuality:1                ; more stable temporal accumulation]]
[2020.04.05-15.57.49:252][  0]LogConfig: Setting CVar [[r.DOF.Kernel.MaxForegroundRadius:0.025]]
[2020.04.05-15.57.49:252][  0]LogConfig: Setting CVar [[r.DOF.Kernel.MaxBackgroundRadius:0.025]]
[2020.04.05-15.57.49:252][  0]LogConfig: Applying CVar settings from Section [TextureQuality@3] File [F:/Nowy folder (2)/Gra_o_szopie 4.24/Saved/Config/Windows/Scalability.ini]
[2020.04.05-15.57.49:252][  0]LogConfig: Setting CVar [[r.Streaming.MipBias:0]]
[2020.04.05-15.57.49:252][  0]LogConfig: Setting CVar [[r.Streaming.AmortizeCPUToGPUCopy:0]]
[2020.04.05-15.57.49:252][  0]LogConfig: Setting CVar [[r.Streaming.MaxNumTexturesToStreamPerFrame:0]]
[2020.04.05-15.57.49:252][  0]LogConfig: Setting CVar [[r.Streaming.Boost:1]]
[2020.04.05-15.57.49:252][  0]LogConfig: Setting CVar [[r.MaxAnisotropy:8]]
[2020.04.05-15.57.49:252][  0]LogConfig: Setting CVar [[r.VT.MaxAnisotropy:8]]
[2020.04.05-15.57.49:252][  0]LogConfig: Setting CVar [[r.Streaming.LimitPoolSizeToVRAM:0]]
[2020.04.05-15.57.49:252][  0]LogConfig: Setting CVar [[r.Streaming.PoolSize:1000]]
[2020.04.05-15.57.49:252][  0]LogConfig: Setting CVar [[r.Streaming.MaxEffectiveScreenSize:0]]
[2020.04.05-15.57.49:252][  0]LogConfig: Applying CVar settings from Section [EffectsQuality@3] File [F:/Nowy folder (2)/Gra_o_szopie 4.24/Saved/Config/Windows/Scalability.ini]
[2020.04.05-15.57.49:252][  0]LogConfig: Setting CVar [[r.TranslucencyLightingVolumeDim:64]]
[2020.04.05-15.57.49:252][  0]LogConfig: Setting CVar [[r.RefractionQuality:2]]
[2020.04.05-15.57.49:252][  0]LogConfig: Setting CVar [[r.SSR.Quality:3]]
[2020.04.05-15.57.49:252][  0]LogConfig: Setting CVar [[r.SSR.HalfResSceneColor:0]]
[2020.04.05-15.57.49:252][  0]LogConfig: Setting CVar [[r.SceneColorFormat:4]]
[2020.04.05-15.57.49:252][  0]LogConfig: Setting CVar [[r.DetailMode:2]]
[2020.04.05-15.57.49:252][  0]LogConfig: Setting CVar [[r.TranslucencyVolumeBlur:1]]
[2020.04.05-15.57.49:252][  0]LogConfig: Setting CVar [[r.MaterialQualityLevel:1 ; High quality]]
[2020.04.05-15.57.49:252][  0]LogConfig: Setting CVar [[r.SSS.Scale:1]]
[2020.04.05-15.57.49:252][  0]LogConfig: Setting CVar [[r.SSS.SampleSet:2]]
[2020.04.05-15.57.49:252][  0]LogConfig: Setting CVar [[r.SSS.Quality:1]]
[2020.04.05-15.57.49:252][  0]LogConfig: Setting CVar [[r.SSS.HalfRes:1]]
[2020.04.05-15.57.49:252][  0]LogConfig: Setting CVar [[r.SSGI.Quality:3]]
[2020.04.05-15.57.49:252][  0]LogConfig: Setting CVar [[r.EmitterSpawnRateScale:1.0]]
[2020.04.05-15.57.49:252][  0]LogConfig: Setting CVar [[r.ParticleLightQuality:2]]
[2020.04.05-15.57.49:252][  0]LogConfig: Setting CVar [[r.SkyAtmosphere.AerialPerspectiveLUT.FastApplyOnOpaque:1 ; Always have FastSkyLUT 1 in this case to avoid wrong sky]]
[2020.04.05-15.57.49:252][  0]LogConfig: Setting CVar [[r.SkyAtmosphere.AerialPerspectiveLUT.SampleCountPerSlice:1]]
[2020.04.05-15.57.49:252][  0]LogConfig: Setting CVar [[r.SkyAtmosphere.AerialPerspectiveLUT.DepthResolution:16.0]]
[2020.04.05-15.57.49:252][  0]LogConfig: Setting CVar [[r.SkyAtmosphere.FastSkyLUT:1]]
[2020.04.05-15.57.49:252][  0]LogConfig: Setting CVar [[r.SkyAtmosphere.FastSkyLUT.SampleCountMin:4.0]]
[2020.04.05-15.57.49:252][  0]LogConfig: Setting CVar [[r.SkyAtmosphere.FastSkyLUT.SampleCountMax:32.0]]
[2020.04.05-15.57.49:252][  0]LogConfig: Setting CVar [[r.SkyAtmosphere.SampleCountMin:4.0]]
[2020.04.05-15.57.49:252][  0]LogConfig: Setting CVar [[r.SkyAtmosphere.SampleCountMax:32.0]]
[2020.04.05-15.57.49:252][  0]LogConfig: Setting CVar [[r.SkyAtmosphere.TransmittanceLUT.UseSmallFormat:0]]
[2020.04.05-15.57.49:252][  0]LogConfig: Setting CVar [[r.SkyAtmosphere.TransmittanceLUT.SampleCount:10.0]]
[2020.04.05-15.57.49:252][  0]LogConfig: Setting CVar [[r.SkyAtmosphere.MultiScatteringLUT.SampleCount:15.0]]
[2020.04.05-15.57.49:252][  0]LogConfig: Applying CVar settings from Section [FoliageQuality@3] File [F:/Nowy folder (2)/Gra_o_szopie 4.24/Saved/Config/Windows/Scalability.ini]
[2020.04.05-15.57.49:252][  0]LogConfig: Setting CVar [[foliage.DensityScale:1.0]]
[2020.04.05-15.57.49:252][  0]LogConfig: Setting CVar [[grass.DensityScale:1.0]]
[2020.04.05-15.57.49:252][  0]LogConfig: Applying CVar settings from Section [ShadingQuality@3] File [F:/Nowy folder (2)/Gra_o_szopie 4.24/Saved/Config/Windows/Scalability.ini]
[2020.04.05-15.57.49:252][  0]LogConfig: Setting CVar [[r.HairStrands.SkyLighting.SampleCount:16]]
[2020.04.05-15.57.49:252][  0]LogConfig: Setting CVar [[r.HairStrands.SkyLighting.JitterIntegration:0]]
[2020.04.05-15.57.49:252][  0]LogConfig: Setting CVar [[r.HairStrands.SkyAO.SampleCount:16]]
[2020.04.05-15.57.49:252][  0]LogInit: Selected Device Profile: [Windows]
[2020.04.05-15.57.49:252][  0]LogInit: Applying CVar settings loaded from the selected device profile: [Windows]
[2020.04.05-15.57.49:255][  0]LogHAL: Display: Platform has ~ 16 GB [17129906176 / 17179869184 / 16], which maps to Larger [LargestMinGB=32, LargerMinGB=12, DefaultMinGB=8, SmallerMinGB=6, SmallestMinGB=0)
[2020.04.05-15.57.49:255][  0]LogInit: Going up to parent DeviceProfile []
[2020.04.05-15.57.49:255][  0]LogConfig: Applying CVar settings from Section [ViewDistanceQuality@3] File [F:/Nowy folder (2)/Gra_o_szopie 4.24/Saved/Config/Windows/Scalability.ini]
[2020.04.05-15.57.49:255][  0]LogConfig: Setting CVar [[r.SkeletalMeshLODBias:0]]
[2020.04.05-15.57.49:255][  0]LogConfig: Setting CVar [[r.ViewDistanceScale:1.0]]
[2020.04.05-15.57.49:255][  0]LogConfig: Applying CVar settings from Section [AntiAliasingQuality@3] File [F:/Nowy folder (2)/Gra_o_szopie 4.24/Saved/Config/Windows/Scalability.ini]
[2020.04.05-15.57.49:255][  0]LogConfig: Setting CVar [[r.PostProcessAAQuality:4]]
[2020.04.05-15.57.49:255][  0]LogConfig: Applying CVar settings from Section [ShadowQuality@3] File [F:/Nowy folder (2)/Gra_o_szopie 4.24/Saved/Config/Windows/Scalability.ini]
[2020.04.05-15.57.49:255][  0]LogConfig: Setting CVar [[r.LightFunctionQuality:1]]
[2020.04.05-15.57.49:255][  0]LogConfig: Setting CVar [[r.ShadowQuality:5]]
[2020.04.05-15.57.49:255][  0]LogConfig: Setting CVar [[r.Shadow.CSM.MaxCascades:10]]
[2020.04.05-15.57.49:255][  0]LogConfig: Setting CVar [[r.Shadow.MaxResolution:2048]]
[2020.04.05-15.57.49:255][  0]LogConfig: Setting CVar [[r.Shadow.MaxCSMResolution:2048]]
[2020.04.05-15.57.49:255][  0]LogConfig: Setting CVar [[r.Shadow.RadiusThreshold:0.01]]
[2020.04.05-15.57.49:255][  0]LogConfig: Setting CVar [[r.Shadow.DistanceScale:1.0]]
[2020.04.05-15.57.49:255][  0]LogConfig: Setting CVar [[r.Shadow.CSM.TransitionScale:1.0]]
[2020.04.05-15.57.49:255][  0]LogConfig: Setting CVar [[r.Shadow.PreShadowResolutionFactor:1.0]]
[2020.04.05-15.57.49:255][  0]LogConfig: Setting CVar [[r.DistanceFieldShadowing:1]]
[2020.04.05-15.57.49:255][  0]LogConfig: Setting CVar [[r.DistanceFieldAO:1]]
[2020.04.05-15.57.49:255][  0]LogConfig: Setting CVar [[r.AOQuality:2]]
[2020.04.05-15.57.49:255][  0]LogConfig: Setting CVar [[r.VolumetricFog:1]]
[2020.04.05-15.57.49:255][  0]LogConfig: Setting CVar [[r.VolumetricFog.GridPixelSize:8]]
[2020.04.05-15.57.49:255][  0]LogConfig: Setting CVar [[r.VolumetricFog.GridSizeZ:128]]
[2020.04.05-15.57.49:255][  0]LogConfig: Setting CVar [[r.VolumetricFog.HistoryMissSupersampleCount:4]]
[2020.04.05-15.57.49:255][  0]LogConfig: Setting CVar [[r.LightMaxDrawDistanceScale:1]]
[2020.04.05-15.57.49:255][  0]LogConfig: Setting CVar [[r.CapsuleShadows:1]]
[2020.04.05-15.57.49:255][  0]LogConfig: Applying CVar settings from Section [PostProcessQuality@3] File [F:/Nowy folder (2)/Gra_o_szopie 4.24/Saved/Config/Windows/Scalability.ini]
[2020.04.05-15.57.49:255][  0]LogConfig: Setting CVar [[r.MotionBlurQuality:4]]
[2020.04.05-15.57.49:255][  0]LogConfig: Setting CVar [[r.AmbientOcclusionMipLevelFactor:0.4]]
[2020.04.05-15.57.49:257][  0]LogConfig: Setting CVar [[r.AmbientOcclusionMaxQuality:100]]
[2020.04.05-15.57.49:257][  0]LogConfig: Setting CVar [[r.AmbientOcclusionLevels:-1]]
[2020.04.05-15.57.49:257][  0]LogConfig: Setting CVar [[r.AmbientOcclusionRadiusScale:1.0]]
[2020.04.05-15.57.49:257][  0]LogConfig: Setting CVar [[r.DepthOfFieldQuality:2]]
[2020.04.05-15.57.49:257][  0]LogConfig: Setting CVar [[r.RenderTargetPoolMin:400]]
[2020.04.05-15.57.49:257][  0]LogConfig: Setting CVar [[r.LensFlareQuality:2]]
[2020.04.05-15.57.49:257][  0]LogConfig: Setting CVar [[r.SceneColorFringeQuality:1]]
[2020.04.05-15.57.49:257][  0]LogConfig: Setting CVar [[r.EyeAdaptationQuality:2]]
[2020.04.05-15.57.49:257][  0]LogConfig: Setting CVar [[r.BloomQuality:5]]
[2020.04.05-15.57.49:257][  0]LogConfig: Setting CVar [[r.FastBlurThreshold:100]]
[2020.04.05-15.57.49:257][  0]LogConfig: Setting CVar [[r.Upscale.Quality:3]]
[2020.04.05-15.57.49:257][  0]LogConfig: Setting CVar [[r.Tonemapper.GrainQuantization:1]]
[2020.04.05-15.57.49:257][  0]LogConfig: Setting CVar [[r.LightShaftQuality:1]]
[2020.04.05-15.57.49:257][  0]LogConfig: Setting CVar [[r.Filter.SizeScale:1]]
[2020.04.05-15.57.49:257][  0]LogConfig: Setting CVar [[r.Tonemapper.Quality:5]]
[2020.04.05-15.57.49:257][  0]LogConfig: Setting CVar [[r.DOF.Gather.AccumulatorQuality:1        ; higher gathering accumulator quality]]
[2020.04.05-15.57.49:257][  0]LogConfig: Setting CVar [[r.DOF.Gather.PostfilterMethod:1          ; Median3x3 postfilering method]]
[2020.04.05-15.57.49:257][  0]LogConfig: Setting CVar [[r.DOF.Gather.EnableBokehSettings:0       ; no bokeh simulation when gathering]]
[2020.04.05-15.57.49:257][  0]LogConfig: Setting CVar [[r.DOF.Gather.RingCount:4                 ; medium number of samples when gathering]]
[2020.04.05-15.57.49:257][  0]LogConfig: Setting CVar [[r.DOF.Scatter.ForegroundCompositing:1    ; additive foreground scattering]]
[2020.04.05-15.57.49:257][  0]LogConfig: Setting CVar [[r.DOF.Scatter.BackgroundCompositing:2    ; additive background scattering]]
[2020.04.05-15.57.49:257][  0]LogConfig: Setting CVar [[r.DOF.Scatter.EnableBokehSettings:1      ; bokeh simulation when scattering]]
[2020.04.05-15.57.49:257][  0]LogConfig: Setting CVar [[r.DOF.Scatter.MaxSpriteRatio:0.1         ; only a maximum of 10% of scattered bokeh]]
[2020.04.05-15.57.49:257][  0]LogConfig: Setting CVar [[r.DOF.Recombine.Quality:1                ; cheap slight out of focus]]
[2020.04.05-15.57.49:257][  0]LogConfig: Setting CVar [[r.DOF.Recombine.EnableBokehSettings:0    ; no bokeh simulation on slight out of focus]]
[2020.04.05-15.57.49:257][  0]LogConfig: Setting CVar [[r.DOF.TemporalAAQuality:1                ; more stable temporal accumulation]]
[2020.04.05-15.57.49:257][  0]LogConfig: Setting CVar [[r.DOF.Kernel.MaxForegroundRadius:0.025]]
[2020.04.05-15.57.49:257][  0]LogConfig: Setting CVar [[r.DOF.Kernel.MaxBackgroundRadius:0.025]]
[2020.04.05-15.57.49:257][  0]LogConfig: Applying CVar settings from Section [TextureQuality@3] File [F:/Nowy folder (2)/Gra_o_szopie 4.24/Saved/Config/Windows/Scalability.ini]
[2020.04.05-15.57.49:257][  0]LogConfig: Setting CVar [[r.Streaming.MipBias:0]]
[2020.04.05-15.57.49:257][  0]LogConfig: Setting CVar [[r.Streaming.AmortizeCPUToGPUCopy:0]]
[2020.04.05-15.57.49:257][  0]LogConfig: Setting CVar [[r.Streaming.MaxNumTexturesToStreamPerFrame:0]]
[2020.04.05-15.57.49:257][  0]LogConfig: Setting CVar [[r.Streaming.Boost:1]]
[2020.04.05-15.57.49:257][  0]LogConfig: Setting CVar [[r.MaxAnisotropy:8]]
[2020.04.05-15.57.49:257][  0]LogConfig: Setting CVar [[r.VT.MaxAnisotropy:8]]
[2020.04.05-15.57.49:257][  0]LogConfig: Setting CVar [[r.Streaming.LimitPoolSizeToVRAM:0]]
[2020.04.05-15.57.49:257][  0]LogConfig: Setting CVar [[r.Streaming.PoolSize:1000]]
[2020.04.05-15.57.49:257][  0]LogConfig: Setting CVar [[r.Streaming.MaxEffectiveScreenSize:0]]
[2020.04.05-15.57.49:257][  0]LogConfig: Applying CVar settings from Section [EffectsQuality@3] File [F:/Nowy folder (2)/Gra_o_szopie 4.24/Saved/Config/Windows/Scalability.ini]
[2020.04.05-15.57.49:257][  0]LogConfig: Setting CVar [[r.TranslucencyLightingVolumeDim:64]]
[2020.04.05-15.57.49:257][  0]LogConfig: Setting CVar [[r.RefractionQuality:2]]
[2020.04.05-15.57.49:257][  0]LogConfig: Setting CVar [[r.SSR.Quality:3]]
[2020.04.05-15.57.49:257][  0]LogConfig: Setting CVar [[r.SSR.HalfResSceneColor:0]]
[2020.04.05-15.57.49:257][  0]LogConfig: Setting CVar [[r.SceneColorFormat:4]]
[2020.04.05-15.57.49:257][  0]LogConfig: Setting CVar [[r.DetailMode:2]]
[2020.04.05-15.57.49:257][  0]LogConfig: Setting CVar [[r.TranslucencyVolumeBlur:1]]
[2020.04.05-15.57.49:257][  0]LogConfig: Setting CVar [[r.MaterialQualityLevel:1 ; High quality]]
[2020.04.05-15.57.49:257][  0]LogConfig: Setting CVar [[r.SSS.Scale:1]]
[2020.04.05-15.57.49:257][  0]LogConfig: Setting CVar [[r.SSS.SampleSet:2]]
[2020.04.05-15.57.49:257][  0]LogConfig: Setting CVar [[r.SSS.Quality:1]]
[2020.04.05-15.57.49:257][  0]LogConfig: Setting CVar [[r.SSS.HalfRes:1]]
[2020.04.05-15.57.49:257][  0]LogConfig: Setting CVar [[r.SSGI.Quality:3]]
[2020.04.05-15.57.49:257][  0]LogConfig: Setting CVar [[r.EmitterSpawnRateScale:1.0]]
[2020.04.05-15.57.49:257][  0]LogConfig: Setting CVar [[r.ParticleLightQuality:2]]
[2020.04.05-15.57.49:257][  0]LogConfig: Setting CVar [[r.SkyAtmosphere.AerialPerspectiveLUT.FastApplyOnOpaque:1 ; Always have FastSkyLUT 1 in this case to avoid wrong sky]]
[2020.04.05-15.57.49:257][  0]LogConfig: Setting CVar [[r.SkyAtmosphere.AerialPerspectiveLUT.SampleCountPerSlice:1]]
[2020.04.05-15.57.49:257][  0]LogConfig: Setting CVar [[r.SkyAtmosphere.AerialPerspectiveLUT.DepthResolution:16.0]]
[2020.04.05-15.57.49:257][  0]LogConfig: Setting CVar [[r.SkyAtmosphere.FastSkyLUT:1]]
[2020.04.05-15.57.49:257][  0]LogConfig: Setting CVar [[r.SkyAtmosphere.FastSkyLUT.SampleCountMin:4.0]]
[2020.04.05-15.57.49:257][  0]LogConfig: Setting CVar [[r.SkyAtmosphere.FastSkyLUT.SampleCountMax:32.0]]
[2020.04.05-15.57.49:257][  0]LogConfig: Setting CVar [[r.SkyAtmosphere.SampleCountMin:4.0]]
[2020.04.05-15.57.49:257][  0]LogConfig: Setting CVar [[r.SkyAtmosphere.SampleCountMax:32.0]]
[2020.04.05-15.57.49:257][  0]LogConfig: Setting CVar [[r.SkyAtmosphere.TransmittanceLUT.UseSmallFormat:0]]
[2020.04.05-15.57.49:257][  0]LogConfig: Setting CVar [[r.SkyAtmosphere.TransmittanceLUT.SampleCount:10.0]]
[2020.04.05-15.57.49:257][  0]LogConfig: Setting CVar [[r.SkyAtmosphere.MultiScatteringLUT.SampleCount:15.0]]
[2020.04.05-15.57.49:258][  0]LogConfig: Applying CVar settings from Section [FoliageQuality@3] File [F:/Nowy folder (2)/Gra_o_szopie 4.24/Saved/Config/Windows/Scalability.ini]
[2020.04.05-15.57.49:258][  0]LogConfig: Setting CVar [[foliage.DensityScale:1.0]]
[2020.04.05-15.57.49:258][  0]LogConfig: Setting CVar [[grass.DensityScale:1.0]]
[2020.04.05-15.57.49:258][  0]LogConfig: Applying CVar settings from Section [ShadingQuality@3] File [F:/Nowy folder (2)/Gra_o_szopie 4.24/Saved/Config/Windows/Scalability.ini]
[2020.04.05-15.57.49:258][  0]LogConfig: Setting CVar [[r.HairStrands.SkyLighting.SampleCount:16]]
[2020.04.05-15.57.49:258][  0]LogConfig: Setting CVar [[r.HairStrands.SkyLighting.JitterIntegration:0]]
[2020.04.05-15.57.49:258][  0]LogConfig: Setting CVar [[r.HairStrands.SkyAO.SampleCount:16]]
[2020.04.05-15.57.49:258][  0]LogConfig: Applying CVar settings from Section [Startup] File [../../../Engine/Config/ConsoleVariables.ini]
[2020.04.05-15.57.49:258][  0]LogConfig: Setting CVar [[net.UseAdaptiveNetUpdateFrequency:0]]
[2020.04.05-15.57.49:258][  0]LogConfig: Setting CVar [[p.chaos.AllowCreatePhysxBodies:1]]
[2020.04.05-15.57.49:258][  0]LogConfig: Applying CVar settings from Section [ConsoleVariables] File [F:/Nowy folder (2)/Gra_o_szopie 4.24/Saved/Config/Windows/Engine.ini]
[2020.04.05-15.57.49:258][  0]LogInit: Computer: DESKTOP-UD6UGMJ
[2020.04.05-15.57.49:258][  0]LogInit: User: CtrlArt
[2020.04.05-15.57.49:258][  0]LogInit: CPU Page size=4096, Cores=8
[2020.04.05-15.57.49:258][  0]LogInit: High frequency timer resolution =10.000000 MHz
[2020.04.05-15.57.49:258][  0]LogMemory: Memory total: Physical=16.0GB (16GB approx)
[2020.04.05-15.57.49:258][  0]LogMemory: Platform Memory Stats for Windows
[2020.04.05-15.57.49:258][  0]LogMemory: Process Physical Memory: 106.14 MB used, 106.14 MB peak
[2020.04.05-15.57.49:258][  0]LogMemory: Process Virtual Memory: 102.50 MB used, 102.50 MB peak
[2020.04.05-15.57.49:258][  0]LogMemory: Physical Memory: 12011.73 MB used,  4324.63 MB free, 16336.35 MB total
[2020.04.05-15.57.49:258][  0]LogMemory: Virtual Memory: 5179.37 MB used,  134212552.00 MB free, 134217728.00 MB total
[2020.04.05-15.57.49:520][  0]LogWindows: WindowsPlatformFeatures enabled
[2020.04.05-15.57.49:538][  0]LogInit: Using OS detected language (pl-PL).
[2020.04.05-15.57.49:538][  0]LogInit: Using OS detected locale (pl-PL).
[2020.04.05-15.57.49:539][  0]LogTextLocalizationManager: No specific localization for 'pl-PL' exists, so the 'pl' localization will be used.
[2020.04.05-15.57.49:539][  0]LogTextLocalizationResource: LocRes '../../../Engine/Content/Localization/Editor/pl/Editor.locres' could not be opened for reading!
[2020.04.05-15.57.49:539][  0]LogTextLocalizationResource: LocRes '../../../Engine/Content/Localization/EditorTutorials/pl/EditorTutorials.locres' could not be opened for reading!
[2020.04.05-15.57.49:539][  0]LogTextLocalizationResource: LocRes '../../../Engine/Content/Localization/Keywords/pl/Keywords.locres' could not be opened for reading!
[2020.04.05-15.57.49:539][  0]LogTextLocalizationResource: LocRes '../../../Engine/Content/Localization/Category/pl/Category.locres' could not be opened for reading!
[2020.04.05-15.57.49:540][  0]LogTextLocalizationResource: LocRes '../../../Engine/Content/Localization/ToolTips/pl/ToolTips.locres' could not be opened for reading!
[2020.04.05-15.57.49:540][  0]LogTextLocalizationResource: LocRes '../../../Engine/Content/Localization/PropertyNames/pl/PropertyNames.locres' could not be opened for reading!
[2020.04.05-15.57.49:540][  0]LogTextLocalizationResource: LocRes '../../../Engine/Content/Localization/Engine/pl/Engine.locres' could not be opened for reading!
[2020.04.05-15.57.49:541][  0]LogInit: Setting process to per monitor DPI aware
[2020.04.05-15.57.49:587][  0]LogSlate: New Slate User Created.  User Index 0, Is Virtual User: 0
[2020.04.05-15.57.49:587][  0]LogSlate: Slate User Registered.  User Index 0, Is Virtual User: 0
[2020.04.05-15.57.49:758][  0]LogHMD: Failed to initialize OpenVR with code 110
[2020.04.05-15.57.49:759][  0]LogD3D11RHI: D3D11 min allowed feature level: 11_0
[2020.04.05-15.57.49:759][  0]LogD3D11RHI: D3D11 max allowed feature level: 11_0
[2020.04.05-15.57.49:759][  0]LogD3D11RHI: D3D11 adapters:
[2020.04.05-15.57.49:845][  0]LogD3D11RHI:    0. 'NVIDIA GeForce GTX 1060 6GB' (Feature Level 11_0)
[2020.04.05-15.57.49:846][  0]LogD3D11RHI:       6052/0/8168 MB DedicatedVideo/DedicatedSystem/SharedSystem, Outputs:2, VendorId:0x10de
[2020.04.05-15.57.49:849][  0]LogD3D11RHI:    1. 'Microsoft Basic Render Driver' (Feature Level 11_0)
[2020.04.05-15.57.49:849][  0]LogD3D11RHI:       0/0/8168 MB DedicatedVideo/DedicatedSystem/SharedSystem, Outputs:0, VendorId:0x1414
[2020.04.05-15.57.49:849][  0]LogD3D11RHI: Chosen D3D11 Adapter: 0
[2020.04.05-15.57.49:860][  0]LogD3D11RHI: Creating new Direct3DDevice
[2020.04.05-15.57.49:860][  0]LogD3D11RHI:     GPU DeviceId: 0x1c03 (for the marketing name, search the web for "GPU Device Id")
[2020.04.05-15.57.49:860][  0]LogWindows: EnumDisplayDevices:
[2020.04.05-15.57.49:861][  0]LogWindows:    0. 'NVIDIA GeForce GTX 1060 6GB' (P:0 D:1)
[2020.04.05-15.57.49:861][  0]LogWindows:    1. 'NVIDIA GeForce GTX 1060 6GB' (P:1 D:1)
[2020.04.05-15.57.49:861][  0]LogWindows:    2. 'NVIDIA GeForce GTX 1060 6GB' (P:0 D:0)
[2020.04.05-15.57.49:861][  0]LogWindows:    3. 'NVIDIA GeForce GTX 1060 6GB' (P:0 D:0)
[2020.04.05-15.57.49:862][  0]LogWindows: DebugString: FoundDriverCount:4 
[2020.04.05-15.57.49:862][  0]LogD3D11RHI:     Adapter Name: NVIDIA GeForce GTX 1060 6GB
[2020.04.05-15.57.49:862][  0]LogD3D11RHI:   Driver Version: 432.00 (internal:26.21.14.3200, unified:432.00)
[2020.04.05-15.57.49:862][  0]LogD3D11RHI:      Driver Date: 7-24-2019
[2020.04.05-15.57.49:862][  0]LogRHI: Texture pool is 4236 MB (70% of 6052 MB)
[2020.04.05-15.57.49:915][  0]LogD3D11RHI: RHI has support for 64 bit atomics
[2020.04.05-15.57.49:916][  0]LogD3D11RHI: Async texture creation enabled
[2020.04.05-15.57.50:041][  0]LogD3D11RHI: GPU Timing Frequency: 1000.000000 (Debug: 2 1)
[2020.04.05-15.57.50:336][  0]LogTargetPlatformManager: Display: Loaded TargetPlatform 'AllDesktop'
[2020.04.05-15.57.50:374][  0]LogTargetPlatformManager: Display: Loaded TargetPlatform 'Android'
[2020.04.05-15.57.50:374][  0]LogTargetPlatformManager: Display: Loaded TargetPlatform 'Android_ASTC'
[2020.04.05-15.57.50:374][  0]LogTargetPlatformManager: Display: Loaded TargetPlatform 'Android_ATC'
[2020.04.05-15.57.50:374][  0]LogTargetPlatformManager: Display: Loaded TargetPlatform 'Android_DXT'
[2020.04.05-15.57.50:374][  0]LogTargetPlatformManager: Display: Loaded TargetPlatform 'Android_ETC1'
[2020.04.05-15.57.50:374][  0]LogTargetPlatformManager: Display: Loaded TargetPlatform 'Android_ETC1a'
[2020.04.05-15.57.50:374][  0]LogTargetPlatformManager: Display: Loaded TargetPlatform 'Android_ETC2'
[2020.04.05-15.57.50:374][  0]LogTargetPlatformManager: Display: Loaded TargetPlatform 'Android_PVRTC'
[2020.04.05-15.57.50:374][  0]LogTargetPlatformManager: Display: Loaded TargetPlatform 'AndroidClient'
[2020.04.05-15.57.50:374][  0]LogTargetPlatformManager: Display: Loaded TargetPlatform 'Android_ASTCClient'
[2020.04.05-15.57.50:374][  0]LogTargetPlatformManager: Display: Loaded TargetPlatform 'Android_ATCClient'
[2020.04.05-15.57.50:374][  0]LogTargetPlatformManager: Display: Loaded TargetPlatform 'Android_DXTClient'
[2020.04.05-15.57.50:374][  0]LogTargetPlatformManager: Display: Loaded TargetPlatform 'Android_ETC1Client'
[2020.04.05-15.57.50:374][  0]LogTargetPlatformManager: Display: Loaded TargetPlatform 'Android_ETC1aClient'
[2020.04.05-15.57.50:374][  0]LogTargetPlatformManager: Display: Loaded TargetPlatform 'Android_ETC2Client'
[2020.04.05-15.57.50:374][  0]LogTargetPlatformManager: Display: Loaded TargetPlatform 'Android_PVRTCClient'
[2020.04.05-15.57.50:374][  0]LogTargetPlatformManager: Display: Loaded TargetPlatform 'Android_Multi'
[2020.04.05-15.57.50:374][  0]LogTargetPlatformManager: Display: Loaded TargetPlatform 'Android_MultiClient'
[2020.04.05-15.57.50:396][  0]LogTargetPlatformManager: Display: Loaded TargetPlatform 'IOSClient'
[2020.04.05-15.57.50:396][  0]LogTargetPlatformManager: Display: Loaded TargetPlatform 'IOS'
[2020.04.05-15.57.50:404][  0]LogTargetPlatformManager: Display: Loaded TargetPlatform 'LinuxNoEditor'
[2020.04.05-15.57.50:412][  0]LogTargetPlatformManager: Display: Loaded TargetPlatform 'LinuxClient'
[2020.04.05-15.57.50:420][  0]LogTargetPlatformManager: Display: Loaded TargetPlatform 'LinuxServer'
[2020.04.05-15.57.50:428][  0]LogTargetPlatformManager: Display: Loaded TargetPlatform 'LinuxAArch64NoEditor'
[2020.04.05-15.57.50:437][  0]LogTargetPlatformManager: Display: Loaded TargetPlatform 'LinuxAArch64Client'
[2020.04.05-15.57.50:445][  0]LogTargetPlatformManager: Display: Loaded TargetPlatform 'LinuxAArch64Server'
[2020.04.05-15.57.50:474][  0]LogTargetPlatformManager: Display: Loaded TargetPlatform 'Lumin'
[2020.04.05-15.57.50:474][  0]LogTargetPlatformManager: Display: Loaded TargetPlatform 'LuminClient'
[2020.04.05-15.57.50:489][  0]LogTargetPlatformManager: Display: Loaded TargetPlatform 'TVOSClient'
[2020.04.05-15.57.50:489][  0]LogTargetPlatformManager: Display: Loaded TargetPlatform 'TVOS'
[2020.04.05-15.57.50:497][  0]LogTargetPlatformManager: Display: Loaded TargetPlatform 'WindowsNoEditor'
[2020.04.05-15.57.50:506][  0]LogTargetPlatformManager: Display: Loaded TargetPlatform 'Windows'
[2020.04.05-15.57.50:514][  0]LogTargetPlatformManager: Display: Loaded TargetPlatform 'WindowsClient'
[2020.04.05-15.57.50:527][  0]LogTargetPlatformManager: Display: Loaded TargetPlatform 'WindowsServer'
[2020.04.05-15.57.50:527][  0]LogTargetPlatformManager: Display: Building Assets For Windows
[2020.04.05-15.57.50:530][  0]LogAudioDebug: Display: Lib vorbis DLL was dynamically loaded.
[2020.04.05-15.57.50:555][  0]LogShaderCompilers: Guid format shader working directory is 3 characters bigger than the processId version (../../../../Nowy folder (2)/Gra_o_szopie 4.24/Intermediate/Shaders/WorkingDirectory/8732/).
[2020.04.05-15.57.50:556][  0]LogShaderCompilers: Cleaned the shader compiler working directory 'C:/Users/CtrlArt/AppData/Local/Temp/UnrealShaderWorkingDir/8C62D5494E557C9F2FB5C59B64369210/'.
[2020.04.05-15.57.50:556][  0]LogXGEController: Cannot use XGE Controller as Incredibuild is not installed on this machine.
[2020.04.05-15.57.50:556][  0]LogShaderCompilers: Cannot use XGE Shader Compiler as Incredibuild is not installed on this machine.
[2020.04.05-15.57.50:556][  0]LogShaderCompilers: Display: Using Local Shader Compiler.
[2020.04.05-15.57.51:437][  0]LogDerivedDataCache: Display: Max Cache Size: 512 MB
[2020.04.05-15.57.51:519][  0]LogDerivedDataCache: Loaded boot cache 0.08s 78MB C:/Users/CtrlArt/AppData/Local/UnrealEngine/4.24/DerivedDataCache/Boot.ddc.
[2020.04.05-15.57.51:519][  0]LogDerivedDataCache: Display: Loaded Boot cache: C:/Users/CtrlArt/AppData/Local/UnrealEngine/4.24/DerivedDataCache/Boot.ddc
[2020.04.05-15.57.51:519][  0]LogDerivedDataCache: FDerivedDataBackendGraph:  Pak pak cache file ../../../../Nowy folder (2)/Gra_o_szopie 4.24/DerivedDataCache/DDC.ddp not found, will not use a pak cache.
[2020.04.05-15.57.51:519][  0]LogDerivedDataCache: Unable to find inner node Pak for hierarchical cache Hierarchy.
[2020.04.05-15.57.51:519][  0]LogDerivedDataCache: FDerivedDataBackendGraph:  CompressedPak pak cache file ../../../../Nowy folder (2)/Gra_o_szopie 4.24/DerivedDataCache/Compressed.ddp not found, will not use a pak cache.
[2020.04.05-15.57.51:519][  0]LogDerivedDataCache: Unable to find inner node CompressedPak for hierarchical cache Hierarchy.
[2020.04.05-15.57.51:531][  0]LogDerivedDataCache: Display: Pak cache opened for reading ../../../Engine/DerivedDataCache/Compressed.ddp.
[2020.04.05-15.57.51:531][  0]LogDerivedDataCache: FDerivedDataBackendGraph:  EnterprisePak pak cache file ../../../Enterprise/DerivedDataCache/Compressed.ddp not found, will not use a pak cache.
[2020.04.05-15.57.51:531][  0]LogDerivedDataCache: Unable to find inner node EnterprisePak for hierarchical cache Hierarchy.
[2020.04.05-15.57.51:532][  0]LogDerivedDataCache: Using Local data cache path C:/Users/CtrlArt/AppData/Local/UnrealEngine/Common/DerivedDataCache: Writable
[2020.04.05-15.57.51:532][  0]LogDerivedDataCache: Shared data cache path not found in *engine.ini, will not use an Shared cache.
[2020.04.05-15.57.51:533][  0]LogDerivedDataCache: Unable to find inner node Shared for hierarchical cache Hierarchy.
[2020.04.05-15.57.51:562][  0]LogMaterial: Verifying Global Shaders for PCD3D_SM5
[2020.04.05-15.57.51:565][  0]LogSlate: Using FreeType 2.10.0
[2020.04.05-15.57.51:566][  0]LogSlate: SlateFontServices - WITH_FREETYPE: 1, WITH_HARFBUZZ: 1
[2020.04.05-15.57.51:622][  0]LogAssetRegistry: FAssetRegistry took 0.0037 seconds to start up
[2020.04.05-15.57.51:972][  0]LogInit: Selected Device Profile: [Windows]
[2020.04.05-15.57.52:134][  0]LogMeshReduction: Using QuadricMeshReduction for automatic static mesh reduction
[2020.04.05-15.57.52:134][  0]LogMeshReduction: Using SimplygonMeshReduction for automatic skeletal mesh reduction
[2020.04.05-15.57.52:134][  0]LogMeshReduction: Using ProxyLODMeshReduction for automatic mesh merging
[2020.04.05-15.57.52:134][  0]LogMeshReduction: No distributed automatic mesh merging module available
[2020.04.05-15.57.52:134][  0]LogMeshMerging: No distributed automatic mesh merging module available
[2020.04.05-15.57.52:149][  0]LogNetVersion: Gra_o_szopie 1.0.0, NetCL: 10570792, EngineNetVer: 13, GameNetVer: 0 (Checksum: 2173554342)
[2020.04.05-15.57.52:198][  0]LogInput: Warning: Action Jump uses deprecated key MotionController_Left_Trigger.
[2020.04.05-15.57.52:198][  0]LogInput: Warning: Action ResetVR uses deprecated key MotionController_Left_Grip1.
[2020.04.05-15.57.52:198][  0]LogInput: Warning: Action Jump uses deprecated key MotionController_Right_Trigger.
[2020.04.05-15.57.52:198][  0]LogInput: Warning: Axis MoveForward uses deprecated key MotionController_Left_Thumbstick_Y.
[2020.04.05-15.57.52:198][  0]LogInput: Warning: Axis MoveRight uses deprecated key MotionController_Left_Thumbstick_X.
[2020.04.05-15.57.52:198][  0]LogInput: Warning: Axis TurnRate uses deprecated key MotionController_Right_Thumbstick_X.
[2020.04.05-15.57.53:226][  0]LogPackageLocalizationCache: Processed 10 localized package path(s) for 1 prioritized culture(s) in 0.050320 seconds
[2020.04.05-15.57.53:238][  0]LogUObjectArray: 46750 objects as part of root set at end of initial load.
[2020.04.05-15.57.53:238][  0]LogUObjectAllocator: 8137160 out of 0 bytes used by permanent object pool.
[2020.04.05-15.57.53:238][  0]LogUObjectArray: CloseDisregardForGC: 0/0 objects in disregard for GC pool
[2020.04.05-15.57.53:682][  0]LogTcpMessaging: Initializing TcpMessaging bridge
[2020.04.05-15.57.53:687][  0]LogUdpMessaging: Initializing bridge on interface 0.0.0.0:0 to multicast group 230.0.0.1:6666.
[2020.04.05-15.57.53:742][  0]SourceControl: Source control is disabled
[2020.04.05-15.57.53:742][  0]SourceControl: Source control is disabled
[2020.04.05-15.57.53:743][  0]SourceControl: Source control is disabled
[2020.04.05-15.57.53:744][  0]SourceControl: Source control is disabled
[2020.04.05-15.57.53:744][  0]SourceControl: Source control is disabled
[2020.04.05-15.57.53:752][  0]LogVSAccessor: Display: Unable to create Visual Studio setup instance: 80040154
[2020.04.05-15.57.53:753][  0]LogVSAccessor: Display: Unable to create Visual Studio setup instance: 80040154
[2020.04.05-15.57.53:830][  0]LogAndroidPermission: UAndroidPermissionCallbackProxy::GetInstance
[2020.04.05-15.57.53:843][  0]LogAudioCaptureCore: Display: No Audio Capture implementations found. Audio input will be silent.
[2020.04.05-15.57.53:843][  0]LogAudioCaptureCore: Display: No Audio Capture implementations found. Audio input will be silent.
[2020.04.05-15.57.53:937][  0]LogOcInput: OculusInput pre-init called
[2020.04.05-15.57.53:944][  0]LogWindows: Failed to load 'OVRPlugin.dll' (GetLastError=126)
[2020.04.05-15.57.53:944][  0]LogWindows: File 'OVRPlugin.dll' does not exist
[2020.04.05-15.57.54:020][  0]LogEngine: Initializing Engine...
[2020.04.05-15.57.54:021][  0]LogHMD: Failed to initialize OpenVR with code 110
[2020.04.05-15.57.54:022][  0]LogStats: UGameplayTagsManager::InitializeManager -  0.000 s
[2020.04.05-15.57.54:390][  0]LogInit: Initializing FReadOnlyCVARCache
[2020.04.05-15.57.54:399][  0]LogAIModule: Creating AISystem for world Untitled
[2020.04.05-15.57.54:409][  0]LogAudioMixer: Display: Audio Mixer Platform Settings:
[2020.04.05-15.57.54:409][  0]LogAudioMixer: Display: 	Sample Rate:						  48000
[2020.04.05-15.57.54:409][  0]LogAudioMixer: Display: 	Callback Buffer Frame Size Requested: 1024
[2020.04.05-15.57.54:409][  0]LogAudioMixer: Display: 	Callback Buffer Frame Size To Use:	  1024
[2020.04.05-15.57.54:409][  0]LogAudioMixer: Display: 	Number of buffers to queue:			  2
[2020.04.05-15.57.54:409][  0]LogAudioMixer: Display: 	Max Channels (voices):				  32
[2020.04.05-15.57.54:409][  0]LogAudioMixer: Display: 	Number of Async Source Workers:		  0
[2020.04.05-15.57.54:409][  0]LogAudio: Display: AudioDevice MaxSources: 32
[2020.04.05-15.57.54:409][  0]LogAudio: Display: Using built-in audio occlusion.
[2020.04.05-15.57.54:409][  0]LogAudioMixer: Display: Initializing audio mixer.
[2020.04.05-15.57.54:440][  0]LogAudioMixer: Display: Audio Device Output Speaker Info:
[2020.04.05-15.57.54:440][  0]LogAudioMixer: Display: Name: Zestaw słuchawkowy (Razer Kraken 7.1 V2)
[2020.04.05-15.57.54:440][  0]LogAudioMixer: Display: Is Default: Yes
[2020.04.05-15.57.54:440][  0]LogAudioMixer: Display: Sample Rate: 48000
[2020.04.05-15.57.54:440][  0]LogAudioMixer: Display: Channel Count Used: 2
[2020.04.05-15.57.54:440][  0]LogAudioMixer: Display: Device Channel Count: 2
[2020.04.05-15.57.54:440][  0]LogAudioMixer: Display: Channel Order:
[2020.04.05-15.57.54:440][  0]LogAudioMixer: Display: 0: FrontLeft
[2020.04.05-15.57.54:440][  0]LogAudioMixer: Display: 1: FrontRight
[2020.04.05-15.57.54:481][  0]LogAudioMixer: Display: Using Audio Device Zestaw słuchawkowy (Razer Kraken 7.1 V2)
[2020.04.05-15.57.54:486][  0]LogInit: FAudioDevice initialized.
[2020.04.05-15.57.54:486][  0]LogNetVersion: Set ProjectVersion to 1.0.0.0. Version Checksum will be recalculated on next use.
[2020.04.05-15.57.54:583][  0]LogDerivedDataCache: Saved boot cache 0.10s 78MB C:/Users/CtrlArt/AppData/Local/UnrealEngine/4.24/DerivedDataCache/Boot.ddc.
[2020.04.05-15.57.54:588][  0]LogInit: Texture streaming: Enabled
[2020.04.05-15.57.54:599][  0]LogEngineSessionManager: EngineSessionManager initialized
[2020.04.05-15.57.54:599][  0]LogEditorSessionSummary: Verbose: Initializing EditorSessionSummaryWriter for editor session tracking
[2020.04.05-15.57.54:603][  0]LogEditorSessionSummary: EditorSessionSummaryWriter initialized
[2020.04.05-15.57.54:662][  0]LogInit: Transaction tracking system initialized
[2020.04.05-15.57.54:671][  0]BlueprintLog: New page: Editor Load
[2020.04.05-15.57.54:702][  0]LocalizationService: Localization service is disabled
[2020.04.05-15.57.54:754][  0]LogVSAccessor: Display: Unable to create Visual Studio setup instance: 80040154
[2020.04.05-15.57.54:754][  0]LogVSAccessor: Display: Unable to create Visual Studio setup instance: 80040154
[2020.04.05-15.57.54:972][  0]LogFileCache: Scanning file cache for directory 'F:/Nowy folder (2)/Gra_o_szopie 4.24/Content/' took 0.00s
[2020.04.05-15.57.54:972][  0]LogCook: Display: Max memory allowance for cook 16384mb min free memory 0mb
[2020.04.05-15.57.54:972][  0]LogCook: Display: Mobile HDR setting 1
[2020.04.05-15.57.55:619][  0]SourceControl: Source control is disabled
[2020.04.05-15.57.55:619][  0]Cmd: MAP LOAD FILE="../../../../Nowy folder (2)/Gra_o_szopie 4.24/Content/ThirdPersonBP/Maps/ThirdPersonExampleMap.umap" TEMPLATE=0 SHOWPROGRESS=1 FEATURELEVEL=3
[2020.04.05-15.57.55:620][  0]LightingResults: New page: Lighting Build
[2020.04.05-15.57.55:620][  0]LogWorld: UWorld::CleanupWorld for Untitled, bSessionEnded=true, bCleanupResources=true
[2020.04.05-15.57.55:620][  0]LogSlate: InvalidateAllWidgets triggered.  All widgets were invalidated
[2020.04.05-15.57.55:620][  0]MapCheck: New page: Map Check
[2020.04.05-15.57.55:620][  0]LightingResults: New page: Lighting Build
[2020.04.05-15.57.55:667][  0]LogUObjectHash: Compacting FUObjectHashTables data took   1.98ms
[2020.04.05-15.57.57:133][  0]LogAIModule: Creating AISystem for world ThirdPersonExampleMap
[2020.04.05-15.57.57:204][  0]LogMaterial: Display: Material /Game/StarterContent/Materials/M_Tech_Hex_Tile_Pulse.M_Tech_Hex_Tile_Pulse needed to have new flag set bUsedWithSkeletalMesh !
[2020.04.05-15.57.57:209][  0]LogMaterial: Display: Missing cached shader map for material M_Tech_Hex_Tile_Pulse, compiling. 
[2020.04.05-15.57.57:310][  0]MapCheck: Warning: M_Tech_Hex_Tile_Pulse Material /Game/StarterContent/Materials/M_Tech_Hex_Tile_Pulse.M_Tech_Hex_Tile_Pulse was missing the usage flag bUsedWithSkeletalMesh. If the material asset is not re-saved, it may not render correctly when run outside the editor. Fix
[2020.04.05-15.57.57:342][  0]LogShaderCompilers: Display: Worker (1/13): shaders left to compile 48
[2020.04.05-15.57.57:343][  0]LogShaderCompilers: Display: Worker (2/13): shaders left to compile 44
[2020.04.05-15.57.57:343][  0]LogShaderCompilers: Display: Worker (3/13): shaders left to compile 40
[2020.04.05-15.57.57:343][  0]LogShaderCompilers: Display: Worker (4/13): shaders left to compile 36
[2020.04.05-15.57.57:343][  0]LogShaderCompilers: Display: Worker (5/13): shaders left to compile 32
[2020.04.05-15.57.57:343][  0]LogShaderCompilers: Display: Worker (6/13): shaders left to compile 28
[2020.04.05-15.57.57:343][  0]LogShaderCompilers: Display: Worker (7/13): shaders left to compile 24
[2020.04.05-15.57.57:343][  0]LogShaderCompilers: Display: Worker (8/13): shaders left to compile 20
[2020.04.05-15.57.57:343][  0]LogShaderCompilers: Display: Worker (9/13): shaders left to compile 16
[2020.04.05-15.57.57:343][  0]LogShaderCompilers: Display: Worker (10/13): shaders left to compile 12
[2020.04.05-15.57.57:343][  0]LogShaderCompilers: Display: Worker (11/13): shaders left to compile 8
[2020.04.05-15.57.57:343][  0]LogShaderCompilers: Display: Worker (12/13): shaders left to compile 4
[2020.04.05-15.57.57:343][  0]LogEditorServer: Finished looking for orphan Actors (0.000 secs)
[2020.04.05-15.57.57:471][  0]LogUObjectHash: Compacting FUObjectHashTables data took   6.55ms
[2020.04.05-15.57.57:473][  0]Cmd: MAP CHECKDEP NOCLEARLOG
[2020.04.05-15.57.57:473][  0]MapCheck: Map check complete: 0 Error(s), 1 Warning(s), took 0,608ms to complete.
[2020.04.05-15.57.57:492][  0]LogFileHelpers: Loading map 'ThirdPersonExampleMap' took 1.873
[2020.04.05-15.57.57:704][  0]LogSlate: Updating window title bar state: overlay mode, drag disabled, window buttons hidden, title bar hidden
[2020.04.05-15.57.57:723][  0]LogSlate: Updating window title bar state: overlay mode, drag disabled, window buttons hidden, title bar hidden
[2020.04.05-15.57.57:742][  0]LogSlate: Updating window title bar state: overlay mode, drag disabled, window buttons hidden, title bar hidden
[2020.04.05-15.57.57:763][  0]LogSlate: Updating window title bar state: overlay mode, drag disabled, window buttons hidden, title bar hidden
[2020.04.05-15.57.57:773][  0]LogCollectionManager: Loaded 0 collections in 0.001565 seconds
[2020.04.05-15.57.57:822][  0]LogFileCache: Scanning file cache for directory 'F:/Nowy folder (2)/Gra_o_szopie 4.24/Saved/Collections/' took 0.00s
[2020.04.05-15.57.57:822][  0]LogFileCache: Scanning file cache for directory 'F:/Nowy folder (2)/Gra_o_szopie 4.24/Content/Developers/CtrlArt/Collections/' took 0.01s
[2020.04.05-15.57.57:822][  0]LogFileCache: Scanning file cache for directory 'F:/Nowy folder (2)/Gra_o_szopie 4.24/Content/Collections/' took 0.00s
[2020.04.05-15.57.57:822][  0]LogContentBrowser: Native class hierarchy populated in 0.0296 seconds. Added 3015 classes and 717 folders.
[2020.04.05-15.57.57:831][  0]LogContentBrowser: Native class hierarchy updated for 'WidgetCarousel' in 0.0009 seconds. Added 0 classes and 0 folders.
[2020.04.05-15.57.58:054][  0]LogContentBrowser: Native class hierarchy updated for 'AddContentDialog' in 0.0015 seconds. Added 0 classes and 0 folders.
[2020.04.05-15.57.58:087][  0]LogContentBrowser: Native class hierarchy updated for 'SceneOutliner' in 0.0025 seconds. Added 2 classes and 3 folders.
[2020.04.05-15.57.58:199][  0]LogSlate: Took 0.000636 seconds to synchronously load lazily loaded font '../../../Engine/Content/Slate/Fonts/Roboto-Regular.ttf' (155K)
[2020.04.05-15.57.58:210][  0]LogSlate: Took 0.001236 seconds to synchronously load lazily loaded font '../../../Engine/Content/Slate/Fonts/Roboto-Bold.ttf' (160K)
[2020.04.05-15.57.58:228][  0]LogSlate: Took 0.001029 seconds to synchronously load lazily loaded font '../../../Engine/Content/Editor/Slate/Fonts/FontAwesome.ttf' (139K)
[2020.04.05-15.57.58:657][  0]LogRenderer: Reallocating scene render targets to support 1208x572 Format 10 NumSamples 1 (Frame:1).
[2020.04.05-15.58.00:898][  0]LogContentBrowser: Native class hierarchy updated for 'HierarchicalLODOutliner' in 0.0021 seconds. Added 0 classes and 0 folders.
[2020.04.05-15.58.00:899][  0]LogLoad: (Engine Initialization) Total time: 12.72 seconds
[2020.04.05-15.58.00:899][  0]LogLoad: (Engine Initialization) Total Blueprint compile time: 0.00 seconds
[2020.04.05-15.58.01:364][  0]LogContentStreaming: Texture pool size now 1000 MB
[2020.04.05-15.58.01:457][  0]LogSlate: Took 0.000655 seconds to synchronously load lazily loaded font '../../../Engine/Content/Slate/Fonts/Roboto-Light.ttf' (167K)
[2020.04.05-15.58.02:289][  1]LogAssetRegistry: Asset discovery search completed in 10.6678 seconds
[2020.04.05-15.58.02:292][  1]LogCollectionManager: Fixed up redirectors for 0 collections in 0.000009 seconds (updated 0 objects)
[2020.04.05-15.58.48:620][685]LogActorFactory: Actor Factory created szoppraczAssetPack_Cylinder_002
[2020.04.05-15.58.50:528][843]LogActorFactory: Actor Factory created szoppraczAssetPack_Cylinder_002
[2020.04.05-15.58.58:323][217]LogEditorViewport: Clicking on Actor (LMB): StaticMeshActor (szoppraczAssetPack_Plane_201)
[2020.04.05-15.58.59:422][306]LogEditorViewport: Clicking on Actor (LMB): Landscape (Landscape)
[2020.04.05-15.58.59:927][346]LogEditorViewport: Clicking on Actor (LMB): StaticMeshActor (szoppraczAssetPack_Cylinder_002)
[2020.04.05-15.59.25:543][198]LogEditorViewport: Clicking on Actor (context menu): StaticMeshActor (szoppraczAssetPack_Plane_127)
[2020.04.05-15.59.27:301][202]LogEditorViewport: Clicking on Actor (LMB): StaticMeshActor (szoppraczAssetPack_Plane_132)
[2020.04.05-15.59.31:056][469]LogEditorViewport: Clicking on Actor (LMB): StaticMeshActor (szoppraczAssetPack_Cylinder_5)
[2020.04.05-15.59.41:755][681]LogEditorViewport: Clicking on Actor (context menu): Landscape (Landscape)
[2020.04.05-15.59.43:640][685]LogEditorViewport: Clicking on Actor (LMB): TriggerVolume (Camera_area_)
[2020.04.05-15.59.44:887][773]LogEditorViewport: Clicking on Actor (LMB): StaticMeshActor (szoppraczAssetPack_Cylinder_7)
[2020.04.05-15.59.53:381][240]LogEditorViewport: Clicking on Actor (LMB): StaticMeshActor (szoppraczAssetPack_Plane_139)
[2020.04.05-15.59.54:941][244]LogEditorViewport: Clicking on Actor (context menu): StaticMeshActor (1M_Cube42)
[2020.04.05-15.59.56:313][247]Cmd: TRANSACTION UNDO
[2020.04.05-15.59.56:313][247]LogEditorTransaction: Undo Clicking on Actors (context menu)
[2020.04.05-15.59.56:503][247]LogSlate: Took 0.000275 seconds to synchronously load lazily loaded font '../../../Engine/Content/Slate/Fonts/Roboto-Light.ttf' (167K)
[2020.04.05-15.59.58:226][250]LogEditorViewport: Clicking on Actor (LMB): Landscape (Landscape)
[2020.04.05-15.59.59:029][253]Cmd: TRANSACTION UNDO
[2020.04.05-15.59.59:029][253]LogEditorTransaction: Undo Clicking on Actors
[2020.04.05-16.00.00:213][257]Cmd: TRANSACTION UNDO
[2020.04.05-16.00.00:213][257]LogEditorTransaction: Undo Clicking on Actors
[2020.04.05-16.00.04:072][268]Cmd: TRANSACTION UNDO
[2020.04.05-16.00.04:072][268]LogEditorTransaction: Undo Move Actors
[2020.04.05-16.00.23:682][217]LogEditorViewport: Clicking on Actor (context menu): Landscape (Landscape)
[2020.04.05-16.00.25:369][222]LogEditorViewport: Clicking on Actor (LMB): StaticMeshActor (szoppraczAssetPack_Cylinder_12)
[2020.04.05-16.00.28:168][437]LogEditorViewport: Clicking on Actor (LMB): StaticMeshActor (szoppraczAssetPack_Cylinder_11)
[2020.04.05-16.00.53:236][ 32]LogUObjectHash: Compacting FUObjectHashTables data took   2.37ms
[2020.04.05-16.00.54:535][ 32]LogSavePackage: Moving '../../../../Nowy folder (2)/Gra_o_szopie 4.24/Saved/ThirdPersonExampleMapDC7B4EB346B456892B78F68579B2EBE6.tmp' to '../../../../Nowy folder (2)/Gra_o_szopie 4.24/Content/ThirdPersonBP/Maps/ThirdPersonExampleMap.umap'
[2020.04.05-16.00.54:798][ 32]LogSavePackage: Moving '../../../../Nowy folder (2)/Gra_o_szopie 4.24/Saved/ThirdPersonExampleMap_BuiltData7AE919FD44D3BB81498314949B894D75.tmp' to '../../../../Nowy folder (2)/Gra_o_szopie 4.24/Content/ThirdPersonBP/Maps/ThirdPersonExampleMap_BuiltData.uasset'
[2020.04.05-16.00.54:832][ 32]AssetCheck: New page: Asset Save: multiple assets
[2020.04.05-16.00.54:833][ 32]LogContentValidation: Display: Validating World /Game/ThirdPersonBP/Maps/ThirdPersonExampleMap.ThirdPersonExampleMap
[2020.04.05-16.00.54:833][ 32]LogContentValidation: Display: Validating MapBuildDataRegistry /Game/ThirdPersonBP/Maps/ThirdPersonExampleMap_BuiltData.ThirdPersonExampleMap_BuiltData
[2020.04.05-16.01.03:518][539]LogEditorViewport: Clicking on Actor (context menu): Landscape (Landscape)
[2020.04.05-16.01.05:586][543]LogEditorViewport: Clicking on Actor (LMB): Landscape (Landscape)
[2020.04.05-16.01.09:584][831]LogEditorViewport: Clicking on Actor (LMB): StaticMeshActor (szoppraczAssetPack_Cylinder_19)
[2020.04.05-16.01.18:267][186]LogEditorViewport: Clicking on Actor (LMB): StaticMeshActor (szoppraczAssetPack_Cylinder_22)
[2020.04.05-16.01.21:699][281]LogEditorViewport: Clicking on Actor (LMB): StaticMeshActor (szoppraczAssetPack_Cylinder_21)
[2020.04.05-16.01.34:266][752]LogEditorViewport: Clicking on Actor (LMB): StaticMeshActor (szoppraczAssetPack_Cylinder_22)
[2020.04.05-16.01.43:794][204]LogEditorViewport: Clicking on Actor (LMB): StaticMeshActor (szoppraczZakret)
[2020.04.05-16.01.49:694][693]LogEditorViewport: Clicking on Actor (LMB): StaticMeshActor (szoppraczAssetPack_Plane_76)
[2020.04.05-16.01.54:755][792]LogEditorViewport: Clicking on Actor (context menu): StaticMeshActor (1M_Cube12)
[2020.04.05-16.01.56:757][797]LogEditorViewport: Clicking on Actor (LMB): Landscape (Landscape)
[2020.04.05-16.01.59:783][ 22]LogEditorViewport: Clicking on Actor (LMB): StaticMeshActor (szoppraczAssetPack_Plane_890)
[2020.04.05-16.02.03:981][384]LogEditorViewport: Clicking on Actor (LMB): StaticMeshActor (szoppraczAssetPack_Plane_76)
[2020.04.05-16.02.08:638][507]LogEditorViewport: Clicking on Actor (LMB): StaticMeshActor (szoppraczAssetPack_Plane_892)
[2020.04.05-16.02.11:245][592]Cmd: TRANSACTION UNDO
[2020.04.05-16.02.11:245][592]LogEditorTransaction: Undo Move Actors
[2020.04.05-16.02.16:343][599]LogEditorViewport: Clicking on Actor (LMB): StaticMeshActor (szoppraczAssetPack_Plane_891)
[2020.04.05-16.02.21:590][988]LogEditorViewport: Clicking on Actor (LMB): StaticMeshActor (szoppraczAssetPack_Plane_892)
[2020.04.05-16.02.49:451][  5]LogEditorViewport: Clicking on Actor (LMB): StaticMeshActor (szoppraczAssetPack_Plane_896)
[2020.04.05-16.02.51:004][135]LogEditorViewport: Clicking on Actor (LMB): StaticMeshActor (szoppraczAssetPack_Plane_895)
[2020.04.05-16.02.53:486][346]LogEditorViewport: Clicking on Actor (LMB): StaticMeshActor (szoppraczAssetPack_Plane_896)
[2020.04.05-16.02.57:050][424]LogEditorViewport: Clicking on Actor (LMB): StaticMeshActor (szoppraczAssetPack_Plane_897)
[2020.04.05-16.03.08:989][236]LogEditorViewport: Clicking on Actor (LMB): TriggerVolume (Camera_Area_12)
[2020.04.05-16.03.09:897][308]LogEditorViewport: Clicking on Actor (LMB): TriggerVolume (Camera_Area_12)
[2020.04.05-16.03.10:986][406]LogEditorViewport: Clicking on Actor (LMB): StaticMeshActor (szoppraczAssetPack_Cylinder_002)
[2020.04.05-16.03.15:242][537]LogEditorViewport: Clicking on Actor (LMB): StaticMeshActor (szoppraczAssetPack_Cylinder_8)
[2020.04.05-16.03.21:530][701]LogEditorViewport: Clicking on Actor (context menu): StaticMeshActor (szoppraczAssetPack_Plane_142)
[2020.04.05-16.03.24:827][707]LogEditorViewport: Clicking on Actor (LMB): TriggerVolume (Camera_Area_12)
[2020.04.05-16.03.25:781][767]LogEditorViewport: Clicking on Actor (LMB): StaticMeshActor (szoppraczAssetPack_Cylinder_002)
[2020.04.05-16.03.47:746][845]LogEditorViewport: Clicking on Actor (LMB): StaticMeshActor (szoppraczAssetPack_Plane_220)
[2020.04.05-16.03.49:736][959]LogEditorViewport: Clicking on Actor (LMB): StaticMeshActor (szoppraczAssetPack_Cylinder_36)
[2020.04.05-16.03.57:555][175]LogEditorViewport: Clicking on Actor (context menu): TriggerVolume (Camera_Area_14)
[2020.04.05-16.04.01:356][183]LogEditorViewport: Clicking on Actor (LMB): Landscape (Landscape)
[2020.04.05-16.04.06:689][586]LogEditorViewport: Clicking on Actor (LMB): StaticMeshActor (szoppraczAssetPack_Cylinder_37)
[2020.04.05-16.04.33:678][ 34]LogEditorViewport: Clicking on Actor (LMB): TriggerVolume (Camera_Area_15)
[2020.04.05-16.04.34:642][111]LogEditorViewport: Clicking on Actor (LMB): StaticMeshActor (szoppraczAssetPack_Cylinder_38)
[2020.04.05-16.04.42:543][452]LogEditorViewport: Clicking on Actor (LMB): StaticMeshActor (szoppraczAssetPack_Plane_37)
[2020.04.05-16.04.46:867][542]LogEditorViewport: Clicking on Actor (LMB): StaticMeshActor (szoppraczAssetPack_Plane_259)
[2020.04.05-16.04.49:386][742]LogEditorViewport: Clicking on Actor (LMB): StaticMeshActor (szoppraczAssetPack_Cylinder_38)
[2020.04.05-16.04.55:650][908]LogEditorViewport: Clicking on Actor (LMB): StaticMeshActor (szoppraczAssetPack_Cylinder_41)
[2020.04.05-16.05.15:552][355]LogEditorViewport: Clicking on Actor (context menu): Landscape (Landscape)
[2020.04.05-16.05.17:445][359]LogEditorViewport: Clicking on Actor (LMB): Landscape (Landscape)
[2020.04.05-16.05.21:296][644]LogEditorViewport: Clicking on Actor (LMB): StaticMeshActor (szoppraczAssetPack_Cylinder_43)
[2020.04.05-16.05.43:312][557]LogEditorViewport: Clicking on Actor (LMB): TriggerVolume (Camera_Area_15)
[2020.04.05-16.05.44:032][616]LogEditorViewport: Clicking on Actor (LMB): StaticMeshActor (szoppraczAssetPack_Cylinder_43)
[2020.04.05-16.05.58:675][922]LogEditorViewport: Clicking on Actor (LMB): StaticMeshActor (szoppraczAssetPack_Plane_153)
[2020.04.05-16.06.00:060][ 36]LogEditorViewport: Clicking on Actor (LMB): StaticMeshActor (szoppraczAssetPack_Cylinder_46)
[2020.04.05-16.06.18:437][  2]LogEditorViewport: Clicking on Actor (LMB): StaticMeshActor (szoppraczAssetPack_Cylinder_46)
[2020.04.05-16.06.24:137][473]LogEditorViewport: Clicking on Actor (LMB): StaticMeshActor (szoppraczAssetPack_Cylinder_47)
[2020.04.05-16.06.30:436][993]LogEditorViewport: Clicking on Actor (LMB): StaticMeshActor (szoppraczAssetPack_Cylinder_44)
[2020.04.05-16.06.40:540][825]LogEditorViewport: Clicking on Actor (LMB): StaticMeshActor (szoppraczAssetPack_Cylinder_43)
[2020.04.05-16.06.47:976][405]LogEditorViewport: Clicking on Actor (LMB): StaticMeshActor (szoppraczAssetPack_Cylinder_45)
[2020.04.05-16.06.51:373][678]LogEditorViewport: Clicking on Actor (LMB): StaticMeshActor (szoppraczAssetPack_Cylinder_38)
[2020.04.05-16.07.03:620][668]LogEditorViewport: Clicking on Actor (LMB): StaticMeshActor (szoppraczAssetPack_Cylinder_47)
[2020.04.05-16.07.12:662][  6]LogEditorViewport: Clicking on Actor (context menu): StaticMeshActor (szoppraczAssetBank)
[2020.04.05-16.07.14:945][ 10]LogEditorViewport: Clicking on Actor (LMB): StaticMeshActor (szoppraczAssetPack_Cylinder_49)
[2020.04.05-16.07.24:907][377]LogEditorViewport: Clicking on Actor (LMB): StaticMeshActor (szoppraczAssetPack_Cylinder_48)
[2020.04.05-16.08.09:696][184]LogEditorViewport: Clicking on Actor (LMB): StaticMeshActor (szoppraczAssetPack_Cylinder_50)
[2020.04.05-16.08.16:522][508]LogEditorViewport: Clicking on Actor (LMB): StaticMeshActor (szoppraczAssetPack_Cylinder_51)
[2020.04.05-16.08.21:241][581]LogEditorViewport: Clicking on Actor (LMB): Landscape (Landscape)
[2020.04.05-16.08.22:704][615]LogEditorViewport: Clicking on Actor (LMB): StaticMeshActor (szoppraczAssetPack_Cylinder_51)
[2020.04.05-16.08.43:258][943]LogEditorViewport: Clicking on Actor (LMB): StaticMeshActor (szoppraczAssetPack_Cylinder_18)
[2020.04.05-16.08.50:995][381]LogEditorViewport: Clicking on Actor (LMB): Landscape (Landscape)
[2020.04.05-16.08.59:534][800]LogEditorViewport: Clicking on Actor (LMB): StaticMeshActor (szoppraczAssetPack_Plane_5)
[2020.04.05-16.09.00:389][865]LogEditorViewport: Clicking on Actor (LMB): StaticMeshActor (szoppraczAssetPack_Cylinder_24)
[2020.04.05-16.09.10:471][ 61]LogWindows: Warning: SymLoadModuleExW. Error: 8
[2020.04.05-16.09.10:471][ 61]LogWindows: Warning: SymLoadModuleExW. Error: 8
[2020.04.05-16.09.10:471][ 61]LogWindows: Warning: SymLoadModuleExW. Error: 8
[2020.04.05-16.09.10:471][ 61]LogWindows: Warning: SymLoadModuleExW. Error: 8
[2020.04.05-16.09.10:565][ 61]LogWindows: Warning: SymLoadModuleExW. Error: 8
[2020.04.05-16.09.10:566][ 61]LogWindows: Warning: SymLoadModuleExW. Error: 8
[2020.04.05-16.09.10:566][ 61]LogWindows: Warning: SymLoadModuleExW. Error: 8
[2020.04.05-16.09.10:566][ 61]LogWindows: Warning: SymLoadModuleExW. Error: 8
[2020.04.05-16.09.10:566][ 61]LogWindows: Warning: SymLoadModuleExW. Error: 8
[2020.04.05-16.09.10:566][ 61]LogWindows: Warning: SymLoadModuleExW. Error: 8
[2020.04.05-16.09.10:566][ 61]LogWindows: Warning: SymLoadModuleExW. Error: 8
[2020.04.05-16.09.10:566][ 61]LogWindows: Warning: SymLoadModuleExW. Error: 8
[2020.04.05-16.09.10:567][ 61]LogWindows: Warning: SymLoadModuleExW. Error: 8
[2020.04.05-16.09.10:567][ 61]LogWindows: Warning: SymLoadModuleExW. Error: 8
[2020.04.05-16.09.10:569][ 61]LogWindows: Warning: SymLoadModuleExW. Error: 8
[2020.04.05-16.09.10:569][ 61]LogWindows: Warning: SymLoadModuleExW. Error: 8
[2020.04.05-16.09.10:569][ 61]LogWindows: Warning: SymLoadModuleExW. Error: 8
[2020.04.05-16.09.10:569][ 61]LogWindows: Warning: SymLoadModuleExW. Error: 8
[2020.04.05-16.09.10:569][ 61]LogWindows: Warning: SymLoadModuleExW. Error: 8
[2020.04.05-16.09.10:569][ 61]LogWindows: Warning: SymLoadModuleExW. Error: 8
[2020.04.05-16.09.10:569][ 61]LogWindows: Warning: SymLoadModuleExW. Error: 8
[2020.04.05-16.09.10:569][ 61]LogWindows: Warning: SymLoadModuleExW. Error: 8
[2020.04.05-16.09.10:569][ 61]LogWindows: Warning: SymLoadModuleExW. Error: 8
[2020.04.05-16.09.10:569][ 61]LogWindows: Warning: SymLoadModuleExW. Error: 8
[2020.04.05-16.09.10:569][ 61]LogWindows: Warning: SymLoadModuleExW. Error: 8
[2020.04.05-16.09.10:569][ 61]LogWindows: Warning: SymLoadModuleExW. Error: 8
[2020.04.05-16.09.10:571][ 61]LogWindows: Warning: SymLoadModuleExW. Error: 8
[2020.04.05-16.09.10:571][ 61]LogWindows: Warning: SymLoadModuleExW. Error: 8
[2020.04.05-16.09.10:571][ 61]LogWindows: Warning: SymLoadModuleExW. Error: 8
[2020.04.05-16.09.10:571][ 61]LogWindows: Warning: SymLoadModuleExW. Error: 8
[2020.04.05-16.09.10:571][ 61]LogWindows: Warning: SymLoadModuleExW. Error: 8
[2020.04.05-16.09.10:571][ 61]LogWindows: Warning: SymLoadModuleExW. Error: 8
[2020.04.05-16.09.10:571][ 61]LogWindows: Warning: SymLoadModuleExW. Error: 8
[2020.04.05-16.09.10:571][ 61]LogWindows: Warning: SymLoadModuleExW. Error: 8
[2020.04.05-16.09.10:571][ 61]LogWindows: Warning: SymLoadModuleExW. Error: 8
[2020.04.05-16.09.10:571][ 61]LogWindows: Warning: SymLoadModuleExW. Error: 8
[2020.04.05-16.09.10:571][ 61]LogWindows: Warning: SymLoadModuleExW. Error: 8
[2020.04.05-16.09.10:571][ 61]LogWindows: Warning: SymLoadModuleExW. Error: 8
[2020.04.05-16.09.10:571][ 61]LogWindows: Warning: SymLoadModuleExW. Error: 8
[2020.04.05-16.09.10:573][ 61]LogWindows: Warning: SymLoadModuleExW. Error: 8
[2020.04.05-16.09.10:573][ 61]LogWindows: Warning: SymLoadModuleExW. Error: 8
[2020.04.05-16.09.10:573][ 61]LogWindows: Warning: SymLoadModuleExW. Error: 8
[2020.04.05-16.09.10:581][ 61]LogWindows: Warning: SymLoadModuleExW. Error: 8
[2020.04.05-16.09.10:581][ 61]LogWindows: Warning: SymLoadModuleExW. Error: 8
[2020.04.05-16.09.10:583][ 61]LogWindows: Warning: SymLoadModuleExW. Error: 8
[2020.04.05-16.09.10:583][ 61]LogWindows: Warning: SymLoadModuleExW. Error: 8
[2020.04.05-16.09.10:583][ 61]LogWindows: Warning: SymLoadModuleExW. Error: 8
[2020.04.05-16.09.10:583][ 61]LogWindows: Warning: SymLoadModuleExW. Error: 8
[2020.04.05-16.09.10:583][ 61]LogWindows: Warning: SymLoadModuleExW. Error: 8
[2020.04.05-16.09.10:583][ 61]LogWindows: Warning: SymLoadModuleExW. Error: 8
[2020.04.05-16.09.10:583][ 61]LogWindows: Warning: SymLoadModuleExW. Error: 8
[2020.04.05-16.09.10:583][ 61]LogWindows: Warning: SymLoadModuleExW. Error: 8
[2020.04.05-16.09.10:583][ 61]LogWindows: Warning: SymLoadModuleExW. Error: 8
[2020.04.05-16.09.10:583][ 61]LogWindows: Warning: SymLoadModuleExW. Error: 8
[2020.04.05-16.09.10:583][ 61]LogWindows: Warning: SymLoadModuleExW. Error: 8
[2020.04.05-16.09.10:584][ 61]LogWindows: Warning: SymLoadModuleExW. Error: 8
[2020.04.05-16.09.10:584][ 61]LogWindows: Warning: SymLoadModuleExW. Error: 8
[2020.04.05-16.09.10:584][ 61]LogWindows: Warning: SymLoadModuleExW. Error: 8
[2020.04.05-16.09.10:585][ 61]LogWindows: Warning: SymLoadModuleExW. Error: 8
[2020.04.05-16.09.10:585][ 61]LogWindows: Warning: SymLoadModuleExW. Error: 8
[2020.04.05-16.09.10:585][ 61]LogWindows: Warning: SymLoadModuleExW. Error: 8
[2020.04.05-16.09.10:585][ 61]LogWindows: Warning: SymLoadModuleExW. Error: 8
[2020.04.05-16.09.10:586][ 61]LogWindows: Warning: SymLoadModuleExW. Error: 8
[2020.04.05-16.09.10:586][ 61]LogWindows: Warning: SymLoadModuleExW. Error: 8
[2020.04.05-16.09.10:586][ 61]LogWindows: Warning: SymLoadModuleExW. Error: 8
[2020.04.05-16.09.10:586][ 61]LogWindows: Warning: SymLoadModuleExW. Error: 8
[2020.04.05-16.09.10:602][ 61]LogWindows: Warning: SymLoadModuleExW. Error: 8
[2020.04.05-16.09.10:602][ 61]LogWindows: Warning: SymLoadModuleExW. Error: 8
[2020.04.05-16.09.10:602][ 61]LogWindows: Warning: SymLoadModuleExW. Error: 8
[2020.04.05-16.09.10:603][ 61]LogWindows: Warning: SymLoadModuleExW. Error: 8
[2020.04.05-16.09.10:603][ 61]LogWindows: Warning: SymLoadModuleExW. Error: 8
[2020.04.05-16.09.10:603][ 61]LogWindows: Warning: SymLoadModuleExW. Error: 8
[2020.04.05-16.09.10:603][ 61]LogWindows: Warning: SymLoadModuleExW. Error: 8
[2020.04.05-16.09.10:603][ 61]LogWindows: Warning: SymLoadModuleExW. Error: 8
[2020.04.05-16.09.10:604][ 61]LogWindows: Warning: SymLoadModuleExW. Error: 8
[2020.04.05-16.09.10:610][ 61]LogWindows: Warning: SymLoadModuleExW. Error: 8
[2020.04.05-16.09.10:610][ 61]LogWindows: Warning: SymLoadModuleExW. Error: 8
[2020.04.05-16.09.10:610][ 61]LogWindows: Warning: SymLoadModuleExW. Error: 8
[2020.04.05-16.09.10:610][ 61]LogWindows: Warning: SymLoadModuleExW. Error: 8
[2020.04.05-16.09.10:610][ 61]LogWindows: Warning: SymLoadModuleExW. Error: 8
[2020.04.05-16.09.10:611][ 61]LogWindows: Warning: SymLoadModuleExW. Error: 8
[2020.04.05-16.09.10:611][ 61]LogWindows: Warning: SymLoadModuleExW. Error: 8
[2020.04.05-16.09.10:611][ 61]LogWindows: Warning: SymLoadModuleExW. Error: 8
[2020.04.05-16.09.10:611][ 61]LogWindows: Warning: SymLoadModuleExW. Error: 8
[2020.04.05-16.09.10:613][ 61]LogWindows: Warning: SymLoadModuleExW. Error: 8
[2020.04.05-16.09.10:613][ 61]LogWindows: Warning: SymLoadModuleExW. Error: 8
[2020.04.05-16.09.10:619][ 61]LogWindows: Warning: SymLoadModuleExW. Error: 8
[2020.04.05-16.09.10:619][ 61]LogWindows: Warning: SymLoadModuleExW. Error: 8
[2020.04.05-16.09.10:619][ 61]LogWindows: Warning: SymLoadModuleExW. Error: 8
[2020.04.05-16.09.10:621][ 61]LogWindows: Warning: SymLoadModuleExW. Error: 8
[2020.04.05-16.09.10:621][ 61]LogWindows: Warning: SymLoadModuleExW. Error: 8
[2020.04.05-16.09.10:621][ 61]LogWindows: Warning: SymLoadModuleExW. Error: 8
[2020.04.05-16.09.10:622][ 61]LogWindows: Warning: SymLoadModuleExW. Error: 8
[2020.04.05-16.09.10:622][ 61]LogWindows: Warning: SymLoadModuleExW. Error: 8
[2020.04.05-16.09.10:622][ 61]LogWindows: Warning: SymLoadModuleExW. Error: 8
[2020.04.05-16.09.10:622][ 61]LogWindows: Warning: SymLoadModuleExW. Error: 8
[2020.04.05-16.09.10:622][ 61]LogWindows: Warning: SymLoadModuleExW. Error: 8
[2020.04.05-16.09.10:623][ 61]LogWindows: Warning: SymLoadModuleExW. Error: 8
[2020.04.05-16.09.10:623][ 61]LogWindows: Warning: SymLoadModuleExW. Error: 8
[2020.04.05-16.09.10:623][ 61]LogWindows: Warning: SymLoadModuleExW. Error: 8
[2020.04.05-16.09.10:623][ 61]LogWindows: Warning: SymLoadModuleExW. Error: 8
[2020.04.05-16.09.10:623][ 61]LogWindows: Warning: SymLoadModuleExW. Error: 8
[2020.04.05-16.09.10:623][ 61]LogWindows: Warning: SymLoadModuleExW. Error: 8
[2020.04.05-16.09.10:623][ 61]LogWindows: Warning: SymLoadModuleExW. Error: 8
[2020.04.05-16.09.10:623][ 61]LogWindows: Warning: SymLoadModuleExW. Error: 8
[2020.04.05-16.09.10:633][ 61]LogWindows: Warning: SymLoadModuleExW. Error: 8
[2020.04.05-16.09.10:633][ 61]LogWindows: Warning: SymLoadModuleExW. Error: 8
[2020.04.05-16.09.10:633][ 61]LogWindows: Warning: SymLoadModuleExW. Error: 8
[2020.04.05-16.09.10:633][ 61]LogWindows: Warning: SymLoadModuleExW. Error: 8
[2020.04.05-16.09.10:633][ 61]LogWindows: Warning: SymLoadModuleExW. Error: 8
[2020.04.05-16.09.10:633][ 61]LogWindows: Warning: SymLoadModuleExW. Error: 8
[2020.04.05-16.09.10:633][ 61]LogWindows: Warning: SymLoadModuleExW. Error: 8
[2020.04.05-16.09.10:634][ 61]LogWindows: Warning: SymLoadModuleExW. Error: 8
[2020.04.05-16.09.10:634][ 61]LogWindows: Warning: SymLoadModuleExW. Error: 8
[2020.04.05-16.09.10:634][ 61]LogWindows: Warning: SymLoadModuleExW. Error: 8
[2020.04.05-16.09.10:634][ 61]LogWindows: Warning: SymLoadModuleExW. Error: 8
[2020.04.05-16.09.10:635][ 61]LogWindows: Warning: SymLoadModuleExW. Error: 8
[2020.04.05-16.09.10:635][ 61]LogWindows: Warning: SymLoadModuleExW. Error: 8
[2020.04.05-16.09.10:635][ 61]LogWindows: Warning: SymLoadModuleExW. Error: 8
[2020.04.05-16.09.10:635][ 61]LogWindows: Warning: SymLoadModuleExW. Error: 8
[2020.04.05-16.09.10:637][ 61]LogWindows: Warning: SymLoadModuleExW. Error: 8
[2020.04.05-16.09.10:637][ 61]LogWindows: Warning: SymLoadModuleExW. Error: 8
[2020.04.05-16.09.10:637][ 61]LogWindows: Warning: SymLoadModuleExW. Error: 8
[2020.04.05-16.09.10:639][ 61]LogWindows: Warning: SymLoadModuleExW. Error: 8
[2020.04.05-16.09.10:639][ 61]LogWindows: Warning: SymLoadModuleExW. Error: 8
[2020.04.05-16.09.10:639][ 61]LogWindows: Warning: SymLoadModuleExW. Error: 8
[2020.04.05-16.09.10:639][ 61]LogWindows: Warning: SymLoadModuleExW. Error: 8
[2020.04.05-16.09.10:639][ 61]LogWindows: Warning: SymLoadModuleExW. Error: 8
[2020.04.05-16.09.10:639][ 61]LogWindows: Warning: SymLoadModuleExW. Error: 8
[2020.04.05-16.09.10:639][ 61]LogWindows: Warning: SymLoadModuleExW. Error: 8
[2020.04.05-16.09.10:639][ 61]LogWindows: Warning: SymLoadModuleExW. Error: 8
[2020.04.05-16.09.10:657][ 61]LogWindows: Warning: SymLoadModuleExW. Error: 8
[2020.04.05-16.09.10:657][ 61]LogWindows: Warning: SymLoadModuleExW. Error: 8
[2020.04.05-16.09.10:659][ 61]LogWindows: Warning: SymLoadModuleExW. Error: 8
[2020.04.05-16.09.10:659][ 61]LogWindows: Warning: SymLoadModuleExW. Error: 8
[2020.04.05-16.09.10:659][ 61]LogWindows: Warning: SymLoadModuleExW. Error: 8
[2020.04.05-16.09.10:659][ 61]LogWindows: Warning: SymLoadModuleExW. Error: 8
[2020.04.05-16.09.10:659][ 61]LogWindows: Warning: SymLoadModuleExW. Error: 8
[2020.04.05-16.09.10:659][ 61]LogWindows: Warning: SymLoadModuleExW. Error: 8
[2020.04.05-16.09.10:659][ 61]LogWindows: Warning: SymLoadModuleExW. Error: 8
[2020.04.05-16.09.10:660][ 61]LogWindows: Warning: SymLoadModuleExW. Error: 8
[2020.04.05-16.09.10:660][ 61]LogWindows: Warning: SymLoadModuleExW. Error: 8
[2020.04.05-16.09.10:660][ 61]LogWindows: Warning: SymLoadModuleExW. Error: 8
[2020.04.05-16.09.10:660][ 61]LogWindows: Warning: SymLoadModuleExW. Error: 8
[2020.04.05-16.09.10:661][ 61]LogWindows: Warning: SymLoadModuleExW. Error: 8
[2020.04.05-16.09.10:661][ 61]LogWindows: Warning: SymLoadModuleExW. Error: 8
[2020.04.05-16.09.10:661][ 61]LogWindows: Warning: SymLoadModuleExW. Error: 8
[2020.04.05-16.09.10:663][ 61]LogWindows: Warning: SymLoadModuleExW. Error: 8
[2020.04.05-16.09.10:663][ 61]LogWindows: Warning: SymLoadModuleExW. Error: 8
[2020.04.05-16.09.10:663][ 61]LogWindows: Warning: SymLoadModuleExW. Error: 8
[2020.04.05-16.09.10:663][ 61]LogWindows: Warning: SymLoadModuleExW. Error: 8
[2020.04.05-16.09.10:663][ 61]LogWindows: Warning: SymLoadModuleExW. Error: 8
[2020.04.05-16.09.10:663][ 61]LogWindows: Warning: SymLoadModuleExW. Error: 8
[2020.04.05-16.09.10:663][ 61]LogWindows: Warning: SymLoadModuleExW. Error: 8
[2020.04.05-16.09.10:664][ 61]LogWindows: Warning: SymLoadModuleExW. Error: 8
[2020.04.05-16.09.10:664][ 61]LogWindows: Warning: SymLoadModuleExW. Error: 8
[2020.04.05-16.09.10:664][ 61]LogWindows: Warning: SymLoadModuleExW. Error: 8
[2020.04.05-16.09.10:664][ 61]LogWindows: Warning: SymLoadModuleExW. Error: 8
[2020.04.05-16.09.10:665][ 61]LogWindows: Warning: SymLoadModuleExW. Error: 8
[2020.04.05-16.09.10:665][ 61]LogWindows: Warning: SymLoadModuleExW. Error: 8
[2020.04.05-16.09.10:665][ 61]LogWindows: Warning: SymLoadModuleExW. Error: 8
[2020.04.05-16.09.10:667][ 61]LogWindows: Warning: SymLoadModuleExW. Error: 8
[2020.04.05-16.09.10:667][ 61]LogWindows: Warning: SymLoadModuleExW. Error: 8
[2020.04.05-16.09.10:667][ 61]LogWindows: Warning: SymLoadModuleExW. Error: 8
[2020.04.05-16.09.10:667][ 61]LogWindows: Warning: SymLoadModuleExW. Error: 8
[2020.04.05-16.09.10:667][ 61]LogWindows: Warning: SymLoadModuleExW. Error: 8
[2020.04.05-16.09.10:667][ 61]LogWindows: Warning: SymLoadModuleExW. Error: 8
[2020.04.05-16.09.10:667][ 61]LogWindows: Warning: SymLoadModuleExW. Error: 8
[2020.04.05-16.09.10:668][ 61]LogWindows: Warning: SymLoadModuleExW. Error: 8
[2020.04.05-16.09.10:668][ 61]LogWindows: Warning: SymLoadModuleExW. Error: 8
[2020.04.05-16.09.10:668][ 61]LogWindows: Warning: SymLoadModuleExW. Error: 8
[2020.04.05-16.09.10:670][ 61]LogWindows: Warning: SymLoadModuleExW. Error: 8
[2020.04.05-16.09.10:670][ 61]LogWindows: Warning: SymLoadModuleExW. Error: 8
[2020.04.05-16.09.10:670][ 61]LogWindows: Warning: SymLoadModuleExW. Error: 8
[2020.04.05-16.09.10:670][ 61]LogWindows: Warning: SymLoadModuleExW. Error: 8
[2020.04.05-16.09.10:670][ 61]LogWindows: Warning: SymLoadModuleExW. Error: 8
[2020.04.05-16.09.10:670][ 61]LogWindows: Warning: SymLoadModuleExW. Error: 8
[2020.04.05-16.09.10:671][ 61]LogWindows: Warning: SymLoadModuleExW. Error: 8
[2020.04.05-16.09.10:671][ 61]LogWindows: Warning: SymLoadModuleExW. Error: 8
[2020.04.05-16.09.10:743][ 61]LogWindows: Warning: SymLoadModuleExW. Error: 8
[2020.04.05-16.09.10:743][ 61]LogWindows: Warning: SymLoadModuleExW. Error: 8
[2020.04.05-16.09.10:743][ 61]LogWindows: Warning: SymLoadModuleExW. Error: 8
[2020.04.05-16.09.10:744][ 61]LogWindows: Warning: SymLoadModuleExW. Error: 8
[2020.04.05-16.09.10:744][ 61]LogWindows: Warning: SymLoadModuleExW. Error: 8
[2020.04.05-16.09.10:744][ 61]LogWindows: Warning: SymLoadModuleExW. Error: 8
[2020.04.05-16.09.10:746][ 61]LogWindows: Warning: SymLoadModuleExW. Error: 8
[2020.04.05-16.09.10:746][ 61]LogWindows: Warning: SymLoadModuleExW. Error: 8
[2020.04.05-16.09.10:746][ 61]LogWindows: Warning: SymLoadModuleExW. Error: 8
[2020.04.05-16.09.10:746][ 61]LogWindows: Warning: SymLoadModuleExW. Error: 8
[2020.04.05-16.09.10:746][ 61]LogWindows: Warning: SymLoadModuleExW. Error: 8
[2020.04.05-16.09.10:746][ 61]LogWindows: Warning: SymLoadModuleExW. Error: 8
[2020.04.05-16.09.10:748][ 61]LogWindows: Warning: SymLoadModuleExW. Error: 8
[2020.04.05-16.09.10:748][ 61]LogWindows: Warning: SymLoadModuleExW. Error: 8
[2020.04.05-16.09.10:748][ 61]LogWindows: Warning: SymLoadModuleExW. Error: 8
[2020.04.05-16.09.10:748][ 61]LogWindows: Warning: SymLoadModuleExW. Error: 8
[2020.04.05-16.09.10:748][ 61]LogWindows: Warning: SymLoadModuleExW. Error: 8
[2020.04.05-16.09.10:748][ 61]LogWindows: Warning: SymLoadModuleExW. Error: 8
[2020.04.05-16.09.10:749][ 61]LogWindows: Warning: SymLoadModuleExW. Error: 8
[2020.04.05-16.09.10:749][ 61]LogWindows: Warning: SymLoadModuleExW. Error: 8
[2020.04.05-16.09.10:749][ 61]LogWindows: Warning: SymLoadModuleExW. Error: 8
[2020.04.05-16.09.10:751][ 61]LogWindows: Warning: SymLoadModuleExW. Error: 8
[2020.04.05-16.09.10:751][ 61]LogWindows: Warning: SymLoadModuleExW. Error: 8
[2020.04.05-16.09.10:751][ 61]LogWindows: Warning: SymLoadModuleExW. Error: 8
[2020.04.05-16.09.10:751][ 61]LogWindows: Warning: SymLoadModuleExW. Error: 8
[2020.04.05-16.09.10:751][ 61]LogWindows: Warning: SymLoadModuleExW. Error: 8
[2020.04.05-16.09.10:751][ 61]LogWindows: Warning: SymLoadModuleExW. Error: 8
[2020.04.05-16.09.10:753][ 61]LogWindows: Warning: SymLoadModuleExW. Error: 8
[2020.04.05-16.09.10:753][ 61]LogWindows: Warning: SymLoadModuleExW. Error: 8
[2020.04.05-16.09.10:753][ 61]LogWindows: Warning: SymLoadModuleExW. Error: 8
[2020.04.05-16.09.10:753][ 61]LogWindows: Warning: SymLoadModuleExW. Error: 8
[2020.04.05-16.09.10:754][ 61]LogWindows: Warning: SymLoadModuleExW. Error: 8
[2020.04.05-16.09.10:754][ 61]LogWindows: Warning: SymLoadModuleExW. Error: 8
[2020.04.05-16.09.10:754][ 61]LogWindows: Warning: SymLoadModuleExW. Error: 8
[2020.04.05-16.09.10:756][ 61]LogWindows: Warning: SymLoadModuleExW. Error: 8
[2020.04.05-16.09.10:756][ 61]LogWindows: Warning: SymLoadModuleExW. Error: 8
[2020.04.05-16.09.10:756][ 61]LogWindows: Warning: SymLoadModuleExW. Error: 8
[2020.04.05-16.09.10:756][ 61]LogWindows: Warning: SymLoadModuleExW. Error: 8
[2020.04.05-16.09.10:758][ 61]LogWindows: Warning: SymLoadModuleExW. Error: 8
[2020.04.05-16.09.10:758][ 61]LogWindows: Warning: SymLoadModuleExW. Error: 8
[2020.04.05-16.09.10:758][ 61]LogWindows: Warning: SymLoadModuleExW. Error: 8
[2020.04.05-16.09.10:758][ 61]LogWindows: Warning: SymLoadModuleExW. Error: 8
[2020.04.05-16.09.10:758][ 61]LogWindows: Warning: SymLoadModuleExW. Error: 8
[2020.04.05-16.09.10:759][ 61]LogWindows: Warning: SymLoadModuleExW. Error: 8
[2020.04.05-16.09.10:759][ 61]LogWindows: Warning: SymLoadModuleExW. Error: 8
[2020.04.05-16.09.10:759][ 61]LogWindows: Warning: SymLoadModuleExW. Error: 8
[2020.04.05-16.09.10:760][ 61]LogWindows: Warning: SymLoadModuleExW. Error: 8
[2020.04.05-16.09.10:760][ 61]LogWindows: Warning: SymLoadModuleExW. Error: 8
[2020.04.05-16.09.10:760][ 61]LogWindows: Warning: SymLoadModuleExW. Error: 8
[2020.04.05-16.09.10:762][ 61]LogWindows: Warning: SymLoadModuleExW. Error: 8
[2020.04.05-16.09.10:762][ 61]LogWindows: Warning: SymLoadModuleExW. Error: 8
[2020.04.05-16.09.10:762][ 61]LogWindows: Warning: SymLoadModuleExW. Error: 8
[2020.04.05-16.09.10:762][ 61]LogWindows: Warning: SymLoadModuleExW. Error: 8
[2020.04.05-16.09.10:762][ 61]LogWindows: Warning: SymLoadModuleExW. Error: 8
[2020.04.05-16.09.10:763][ 61]LogWindows: Warning: SymLoadModuleExW. Error: 8
[2020.04.05-16.09.10:763][ 61]LogWindows: Warning: SymLoadModuleExW. Error: 8
[2020.04.05-16.09.10:763][ 61]LogWindows: Warning: SymLoadModuleExW. Error: 8
[2020.04.05-16.09.10:765][ 61]LogWindows: Warning: SymLoadModuleExW. Error: 8
[2020.04.05-16.09.10:765][ 61]LogWindows: Warning: SymLoadModuleExW. Error: 8
[2020.04.05-16.09.10:765][ 61]LogWindows: Warning: SymLoadModuleExW. Error: 8
[2020.04.05-16.09.10:765][ 61]LogWindows: Warning: SymLoadModuleExW. Error: 8
[2020.04.05-16.09.10:765][ 61]LogWindows: Warning: SymLoadModuleExW. Error: 8
[2020.04.05-16.09.10:765][ 61]LogWindows: Warning: SymLoadModuleExW. Error: 8
[2020.04.05-16.09.10:767][ 61]LogWindows: Warning: SymLoadModuleExW. Error: 8
[2020.04.05-16.09.10:767][ 61]LogWindows: Warning: SymLoadModuleExW. Error: 8
[2020.04.05-16.09.10:767][ 61]LogWindows: Warning: SymLoadModuleExW. Error: 8
[2020.04.05-16.09.10:767][ 61]LogWindows: Warning: SymLoadModuleExW. Error: 8
[2020.04.05-16.09.10:767][ 61]LogWindows: Warning: SymLoadModuleExW. Error: 8
[2020.04.05-16.09.10:769][ 61]LogWindows: Warning: SymLoadModuleExW. Error: 8
[2020.04.05-16.09.10:769][ 61]LogWindows: Warning: SymLoadModuleExW. Error: 8
[2020.04.05-16.09.10:769][ 61]LogWindows: Warning: SymLoadModuleExW. Error: 8
[2020.04.05-16.09.10:769][ 61]LogWindows: Warning: SymLoadModuleExW. Error: 8
[2020.04.05-16.09.10:769][ 61]LogWindows: Warning: SymLoadModuleExW. Error: 8
[2020.04.05-16.09.10:769][ 61]LogWindows: Warning: SymLoadModuleExW. Error: 8
[2020.04.05-16.09.10:771][ 61]LogWindows: Warning: SymLoadModuleExW. Error: 8
[2020.04.05-16.09.10:771][ 61]LogWindows: Warning: SymLoadModuleExW. Error: 8
[2020.04.05-16.09.10:771][ 61]LogWindows: Warning: SymLoadModuleExW. Error: 8
[2020.04.05-16.09.10:773][ 61]LogWindows: Warning: SymLoadModuleExW. Error: 8
[2020.04.05-16.09.10:773][ 61]LogWindows: Warning: SymLoadModuleExW. Error: 8
[2020.04.05-16.09.10:773][ 61]LogWindows: Warning: SymLoadModuleExW. Error: 8
[2020.04.05-16.09.10:773][ 61]LogWindows: Warning: SymLoadModuleExW. Error: 8
[2020.04.05-16.09.10:773][ 61]LogWindows: Warning: SymLoadModuleExW. Error: 8
[2020.04.05-16.09.10:775][ 61]LogWindows: Warning: SymLoadModuleExW. Error: 8
[2020.04.05-16.09.10:775][ 61]LogWindows: Warning: SymLoadModuleExW. Error: 8
[2020.04.05-16.09.10:775][ 61]LogWindows: Warning: SymLoadModuleExW. Error: 8
[2020.04.05-16.09.10:775][ 61]LogWindows: Warning: SymLoadModuleExW. Error: 8
[2020.04.05-16.09.10:775][ 61]LogWindows: Warning: SymLoadModuleExW. Error: 8
[2020.04.05-16.09.10:775][ 61]LogWindows: Warning: SymLoadModuleExW. Error: 8
[2020.04.05-16.09.10:776][ 61]LogWindows: Warning: SymLoadModuleExW. Error: 8
[2020.04.05-16.09.10:776][ 61]LogWindows: Warning: SymLoadModuleExW. Error: 8
[2020.04.05-16.09.10:778][ 61]LogWindows: Warning: SymLoadModuleExW. Error: 8
[2020.04.05-16.09.10:778][ 61]LogWindows: Warning: SymLoadModuleExW. Error: 8
[2020.04.05-16.09.10:778][ 61]LogWindows: Warning: SymLoadModuleExW. Error: 8
[2020.04.05-16.09.10:778][ 61]LogWindows: Warning: SymLoadModuleExW. Error: 8
[2020.04.05-16.09.10:778][ 61]LogWindows: Warning: SymLoadModuleExW. Error: 8
[2020.04.05-16.09.10:778][ 61]LogWindows: Warning: SymLoadModuleExW. Error: 8
[2020.04.05-16.09.10:779][ 61]LogWindows: Warning: SymLoadModuleExW. Error: 8
[2020.04.05-16.09.10:779][ 61]LogWindows: Warning: SymLoadModuleExW. Error: 8
[2020.04.05-16.09.10:780][ 61]LogWindows: Warning: SymLoadModuleExW. Error: 8
[2020.04.05-16.09.10:780][ 61]LogWindows: Warning: SymLoadModuleExW. Error: 8
[2020.04.05-16.09.10:780][ 61]LogWindows: Warning: SymLoadModuleExW. Error: 8
[2020.04.05-16.09.10:781][ 61]LogWindows: Warning: SymLoadModuleExW. Error: 8
[2020.04.05-16.09.10:781][ 61]LogWindows: Warning: SymLoadModuleExW. Error: 8
[2020.04.05-16.09.10:783][ 61]LogWindows: Warning: SymLoadModuleExW. Error: 8
[2020.04.05-16.09.10:783][ 61]LogWindows: Warning: SymLoadModuleExW. Error: 8
[2020.04.05-16.09.10:783][ 61]LogWindows: Warning: SymLoadModuleExW. Error: 8
[2020.04.05-16.09.10:783][ 61]LogWindows: Warning: SymLoadModuleExW. Error: 8
[2020.04.05-16.09.10:784][ 61]LogWindows: Warning: SymLoadModuleExW. Error: 8
[2020.04.05-16.09.10:784][ 61]LogWindows: Warning: SymLoadModuleExW. Error: 8
[2020.04.05-16.09.10:784][ 61]LogWindows: Warning: SymLoadModuleExW. Error: 8
[2020.04.05-16.09.10:785][ 61]LogWindows: Warning: SymLoadModuleExW. Error: 8
[2020.04.05-16.09.10:797][ 61]LogOutputDevice: Warning: 

Script Stack (0 frames):

[2020.04.05-16.09.10:800][ 61]LogWindows: Windows GetLastError: Operacja ukończona pomyślnie. (0)
[2020.04.05-16.09.10:800][ 61]LogOutputDevice: Warning: 

Script Stack (0 frames):

[2020.04.05-16.09.10:800][ 61]LogWindows: Windows GetLastError: Operacja ukończona pomyślnie. (0)
[2020.04.05-16.09.10:806][ 61]LogWindows: Error: === Critical error: ===
[2020.04.05-16.09.10:806][ 61]LogWindows: Error: 
[2020.04.05-16.09.10:806][ 61]LogWindows: Error: Fatal error: [File:D:/Build/++UE4/Sync/Engine/Source/Runtime/RenderCore/Private/RenderingThread.cpp] [Line: 853] 
[2020.04.05-16.09.10:806][ 61]LogWindows: Error: Rendering thread exception:
[2020.04.05-16.09.10:806][ 61]LogWindows: Error: Fatal error!
[2020.04.05-16.09.10:806][ 61]LogWindows: Error: 
[2020.04.05-16.09.10:807][ 61]LogWindows: Error: Unhandled Exception: 0xe06d7363
[2020.04.05-16.09.10:807][ 61]LogWindows: Error: 
[2020.04.05-16.09.10:807][ 61]LogWindows: Error: [Callstack] 0x00007ffa988ca859 KERNELBASE.dll!UnknownFunction []
[2020.04.05-16.09.10:807][ 61]LogWindows: Error: [Callstack] 0x000001b369eab6e6 GTII-OSD64.dll!UnknownFunction []
[2020.04.05-16.09.10:807][ 61]LogWindows: Error: [Callstack] 0x000001b369ea95fb GTII-OSD64.dll!UnknownFunction []
[2020.04.05-16.09.10:807][ 61]LogWindows: Error: [Callstack] 0x000001b369ea7f03 GTII-OSD64.dll!UnknownFunction []
[2020.04.05-16.09.10:807][ 61]LogWindows: Error: [Callstack] 0x000001b369ea4cdb GTII-OSD64.dll!UnknownFunction []
[2020.04.05-16.09.10:807][ 61]LogWindows: Error: [Callstack] 0x000001b369e63c12 GTII-OSD64.dll!UnknownFunction []
[2020.04.05-16.09.10:807][ 61]LogWindows: Error: [Callstack] 0x000001b369e89d18 GTII-OSD64.dll!UnknownFunction []
[2020.04.05-16.09.10:807][ 61]LogWindows: Error: [Callstack] 0x000001b369e9182a GTII-OSD64.dll!UnknownFunction []
[2020.04.05-16.09.10:807][ 61]LogWindows: Error: [Callstack] 0x000001b369e79766 GTII-OSD64.dll!UnknownFunction []
[2020.04.05-16.09.10:807][ 61]LogWindows: Error: [Callstack] 0x000001b369e79641 GTII-OSD64.dll!UnknownFunction []
[2020.04.05-16.09.10:807][ 61]LogWindows: Error: [Callstack] 0x000001b369e45b3e GTII-OSD64.dll!UnknownFunction []
[2020.04.05-16.09.10:807][ 61]LogWindows: Error: [Callstack] 0x000001b369e44786 GTII-OSD64.dll!UnknownFunction []
[2020.04.05-16.09.10:807][ 61]LogWindows: Error: [Callstack] 0x000001b369e6d69e GTII-OSD64.dll!UnknownFunction []
[2020.04.05-16.09.10:807][ 61]LogWindows: Error: [Callstack] 0x000001b369e70889 GTII-OSD64.dll!UnknownFunction []
[2020.04.05-16.09.10:807][ 61]LogWindows: Error: [Callstack] 0x00007ffa45556c51 UnknownFunction []
[2020.04.05-16.09.10:807][ 61]LogWindows: Error: [Callstack] 0x0000006e659bdc20 UnknownFunction []
[2020.04.05-16.09.10:807][ 61]LogWindows: Error: [Callstack] 0x000001b6ee588f01 UnknownFunction []
[2020.04.05-16.09.10:807][ 61]LogWindows: Error: 
[2020.04.05-16.09.10:807][ 61]LogWindows: Error: 
[2020.04.05-16.09.10:807][ 61]LogWindows: Error: 
[2020.04.05-16.09.10:807][ 61]LogWindows: Error: 
[2020.04.05-16.09.10:828][ 61]LogThreadingWindows: Error: Runnable thread RenderThread 1 crashed.
[2020.04.05-16.09.10:828][ 61]LogWindows: Error: HandleError re-entered.
[2020.04.05-16.09.10:828][ 61]LogWindows: FPlatformMisc::RequestExit(1)
[2020.04.05-16.09.10:828][ 61]LogCore: Engine exit requested (reason: Win RequestExit)
[2020.04.05-16.09.10:841][ 61]Log file closed, 04/05/20 18:09:10
