Log file open, 04/05/20 18:30:58
LogWindows: Failed to load 'aqProf.dll' (GetLastError=126)
LogWindows: File 'aqProf.dll' does not exist
LogWindows: Failed to load 'VtuneApi.dll' (GetLastError=126)
LogWindows: File 'VtuneApi.dll' does not exist
LogWindows: Failed to load 'VtuneApi32e.dll' (GetLastError=126)
LogWindows: File 'VtuneApi32e.dll' does not exist
LogConsoleResponse: Display: Failed to find resolution value strings in scalability ini. Falling back to default.
LogInit: Display: Running engine for game: Gra_o_szopie
LogPlatformFile: Not using cached read wrapper
LogTaskGraph: Started task graph with 5 named threads and 47 total threads with 3 sets of task threads.
LogStats: Stats thread started at 1.026747
LogD3D11RHI: Loaded GFSDK_Aftermath_Lib.x64.dll
LogICUInternationalization: ICU TimeZone Detection - Raw Offset: +1:00, Platform Override: ''
LogPluginManager: Mounting plugin Paper2D
LogPluginManager: Mounting plugin AISupport
LogPluginManager: Mounting plugin LightPropagationVolume
LogPluginManager: Mounting plugin ActorLayerUtilities
LogPluginManager: Mounting plugin AnimationSharing
LogPluginManager: Mounting plugin CLionSourceCodeAccess
LogPluginManager: Mounting plugin CodeLiteSourceCodeAccess
LogPluginManager: Mounting plugin GitSourceControl
LogPluginManager: Mounting plugin KDevelopSourceCodeAccess
LogPluginManager: Mounting plugin NullSourceCodeAccess
LogPluginManager: Mounting plugin PerforceSourceControl
LogPluginManager: Mounting plugin PlasticSourceControl
LogPluginManager: Mounting plugin SubversionSourceControl
LogPluginManager: Mounting plugin UObjectPlugin
LogPluginManager: Mounting plugin VisualStudioCodeSourceCodeAccess
LogPluginManager: Mounting plugin VisualStudioSourceCodeAccess
LogPluginManager: Mounting plugin XCodeSourceCodeAccess
LogPluginManager: Mounting plugin AssetManagerEditor
LogPluginManager: Mounting plugin CryptoKeys
LogPluginManager: Mounting plugin CurveEditorTools
LogPluginManager: Mounting plugin DataValidation
LogPluginManager: Mounting plugin FacialAnimation
LogPluginManager: Mounting plugin GameplayTagsEditor
LogPluginManager: Mounting plugin MacGraphicsSwitching
LogPluginManager: Mounting plugin MaterialAnalyzer
LogPluginManager: Mounting plugin MobileLauncherProfileWizard
LogPluginManager: Mounting plugin PluginBrowser
LogPluginManager: Mounting plugin SpeedTreeImporter
LogPluginManager: Mounting plugin DatasmithContent
LogPluginManager: Mounting plugin VariantManagerContent
LogPluginManager: Mounting plugin AlembicImporter
LogPluginManager: Mounting plugin AutomationUtils
LogPluginManager: Mounting plugin BackChannel
LogPluginManager: Mounting plugin CharacterAI
LogPluginManager: Mounting plugin GeometryCache
LogPluginManager: Mounting plugin PlatformCrypto
LogPluginManager: Mounting plugin ProxyLODPlugin
LogPluginManager: Mounting plugin SkeletalReduction
LogPluginManager: Mounting plugin MagicLeap
LogPluginManager: Mounting plugin MagicLeapMedia
LogPluginManager: Mounting plugin MLSDK
LogPluginManager: Mounting plugin AndroidMedia
LogPluginManager: Mounting plugin AvfMedia
LogPluginManager: Mounting plugin ImgMedia
LogPluginManager: Mounting plugin MediaCompositing
LogPluginManager: Mounting plugin MediaPlayerEditor
LogPluginManager: Mounting plugin WebMMedia
LogPluginManager: Mounting plugin WmfMedia
LogPluginManager: Mounting plugin TcpMessaging
LogPluginManager: Mounting plugin UdpMessaging
LogPluginManager: Mounting plugin ActorSequence
LogPluginManager: Mounting plugin LevelSequenceEditor
LogPluginManager: Mounting plugin MatineeToLevelSequence
LogPluginManager: Mounting plugin NetcodeUnitTest
LogPluginManager: Mounting plugin NUTUnrealEngine4
LogPluginManager: Mounting plugin OnlineSubsystemGooglePlay
LogPluginManager: Mounting plugin OnlineSubsystemIOS
LogPluginManager: Mounting plugin OnlineSubsystem
LogPluginManager: Mounting plugin OnlineSubsystemNull
LogPluginManager: Mounting plugin OnlineSubsystemUtils
LogPluginManager: Mounting plugin LauncherChunkInstaller
LogPluginManager: Mounting plugin AndroidDeviceProfileSelector
LogPluginManager: Mounting plugin AndroidMoviePlayer
LogPluginManager: Mounting plugin AndroidPermission
LogPluginManager: Mounting plugin AppleImageUtils
LogPluginManager: Mounting plugin AppleMoviePlayer
LogPluginManager: Mounting plugin ArchVisCharacter
LogPluginManager: Mounting plugin AssetTags
LogPluginManager: Mounting plugin AudioCapture
LogPluginManager: Mounting plugin CableComponent
LogPluginManager: Mounting plugin CustomMeshComponent
LogPluginManager: Mounting plugin EditableMesh
LogPluginManager: Mounting plugin ExampleDeviceProfileSelector
LogPluginManager: Mounting plugin GoogleCloudMessaging
LogPluginManager: Mounting plugin IOSDeviceProfileSelector
LogPluginManager: Mounting plugin LinuxDeviceProfileSelector
LogPluginManager: Mounting plugin LocationServicesBPLibrary
LogPluginManager: Mounting plugin MobilePatchingUtils
LogPluginManager: Mounting plugin OculusVR
LogPluginManager: Mounting plugin PhysXVehicles
LogPluginManager: Mounting plugin PostSplashScreen
LogPluginManager: Mounting plugin ProceduralMeshComponent
LogPluginManager: Mounting plugin RuntimePhysXCooking
LogPluginManager: Mounting plugin SignificanceManager
LogPluginManager: Mounting plugin SteamVR
LogPluginManager: Mounting plugin WebMMoviePlayer
LogPluginManager: Mounting plugin WindowsMoviePlayer
LogPluginManager: Mounting plugin ScreenshotTools
LogInit: Using libcurl 7.55.1-DEV
LogInit:  - built for x86_64-pc-win32
LogInit:  - supports SSL with OpenSSL/1.1.1
LogInit:  - supports HTTP deflate (compression) using libz 1.2.8
LogInit:  - other features:
LogInit:      CURL_VERSION_SSL
LogInit:      CURL_VERSION_LIBZ
LogInit:      CURL_VERSION_IPV6
LogInit:      CURL_VERSION_ASYNCHDNS
LogInit:      CURL_VERSION_LARGEFILE
LogInit:      CURL_VERSION_IDN
LogInit:  CurlRequestOptions (configurable via config and command line):
LogInit:  - bVerifyPeer = true  - Libcurl will verify peer certificate
LogInit:  - bUseHttpProxy = false  - Libcurl will NOT use HTTP proxy
LogInit:  - bDontReuseConnections = false  - Libcurl will reuse connections
LogInit:  - MaxHostConnections = 16  - Libcurl will limit the number of connections to a host
LogInit:  - LocalHostAddr = Default
LogInit:  - BufferSize = 65536
LogOnline: OSS: Creating online subsystem instance for: NULL
LogInit: WinSock: version 1.1 (2.2), MaxSocks=32767, MaxUdp=65467
LogOnline: OSS: TryLoadSubsystemAndSetDefault: Loaded subsystem for module [NULL]
LogInit: Build: ++UE4+Release-4.24-CL-11590370
LogInit: Engine Version: 4.24.3-11590370+++UE4+Release-4.24
LogInit: Compatible Engine Version: 4.24.0-10570792+++UE4+Release-4.24
LogInit: Net CL: 10570792
LogInit: OS: Windows 10 (Release 1909) (), CPU: AMD Ryzen 7 1700X Eight-Core Processor         , GPU: NVIDIA GeForce GTX 1060 6GB
LogInit: Compiled (64-bit): Feb 24 2020 15:39:18
LogInit: Compiled with Visual C++: 19.16.27032.01
LogInit: Build Configuration: Development
LogInit: Branch Name: ++UE4+Release-4.24
LogInit: Command Line: 
LogInit: Base Directory: F:/UE_4.24/Engine/Binaries/Win64/
LogInit: Installed Engine Build: 1
LogDevObjectVersion: Number of dev versions registered: 25
LogDevObjectVersion:   Dev-Blueprints (B0D832E4-1F89-4F0D-ACCF-7EB736FD4AA2): 10
LogDevObjectVersion:   Dev-Build (E1C64328-A22C-4D53-A36C-8E866417BD8C): 0
LogDevObjectVersion:   Dev-Core (375EC13C-06E4-48FB-B500-84F0262A717E): 3
LogDevObjectVersion:   Dev-Editor (E4B068ED-F494-42E9-A231-DA0B2E46BB41): 37
LogDevObjectVersion:   Dev-Framework (CFFC743F-43B0-4480-9391-14DF171D2073): 36
LogDevObjectVersion:   Dev-Mobile (B02B49B5-BB20-44E9-A304-32B752E40360): 2
LogDevObjectVersion:   Dev-Networking (A4E4105C-59A1-49B5-A7C5-40C4547EDFEE): 0
LogDevObjectVersion:   Dev-Online (39C831C9-5AE6-47DC-9A44-9C173E1C8E7C): 0
LogDevObjectVersion:   Dev-Physics (78F01B33-EBEA-4F98-B9B4-84EACCB95AA2): 2
LogDevObjectVersion:   Dev-Platform (6631380F-2D4D-43E0-8009-CF276956A95A): 0
LogDevObjectVersion:   Dev-Rendering (12F88B9F-8875-4AFC-A67C-D90C383ABD29): 36
LogDevObjectVersion:   Dev-Sequencer (7B5AE74C-D270-4C10-A958-57980B212A5A): 11
LogDevObjectVersion:   Dev-VR (D7296918-1DD6-4BDD-9DE2-64A83CC13884): 2
LogDevObjectVersion:   Dev-LoadTimes (C2A15278-BFE7-4AFE-6C17-90FF531DF755): 1
LogDevObjectVersion:   Private-Geometry (6EACA3D4-40EC-4CC1-B786-8BED09428FC5): 3
LogDevObjectVersion:   Dev-AnimPhys (29E575DD-E0A3-4627-9D10-D276232CDCEA): 17
LogDevObjectVersion:   Dev-Anim (AF43A65D-7FD3-4947-9873-3E8ED9C1BB05): 2
LogDevObjectVersion:   Dev-ReflectionCapture (6B266CEC-1EC7-4B8F-A30B-E4D90942FC07): 1
LogDevObjectVersion:   Dev-Automation (0DF73D61-A23F-47EA-B727-89E90C41499A): 1
LogDevObjectVersion:   FortniteMain (601D1886-AC64-4F84-AA16-D3DE0DEAC7D6): 31
LogDevObjectVersion:   Dev-Enterprise (9DFFBCD6-494F-0158-E221-12823C92A888): 8
LogDevObjectVersion:   Dev-Niagara (F2AED0AC-9AFE-416F-8664-AA7FFA26D6FC): 1
LogDevObjectVersion:   Dev-Destruction (174F1F0B-B4C6-45A5-B13F-2EE8D0FB917D): 9
LogDevObjectVersion:   Dev-Physics-Ext (35F94A83-E258-406C-A318-09F59610247C): 8
LogDevObjectVersion:   Dev-CineCamera (B2E18506-4273-CFC2-A54E-F4BB758BBA07): 1
LogInit: Presizing for max 25165824 objects, including 0 objects not considered by GC, pre-allocating 0 bytes for permanent pool.
LogInit: Object subsystem initialized
LogConfig: Setting CVar [[con.DebugEarlyDefault:1]]
LogConfig: Setting CVar [[r.setres:1280x720]]
[2020.04.05-16.30.58:474][  0]LogConfig: Setting CVar [[r.VSync:0]]
[2020.04.05-16.30.58:474][  0]LogConfig: Setting CVar [[r.RHICmdBypass:0]]
[2020.04.05-16.30.58:475][  0]LogConfig: Applying CVar settings from Section [/Script/Engine.RendererSettings] File [F:/Nowy folder (2)/Gra_o_szopie 4.24/Saved/Config/Windows/Engine.ini]
[2020.04.05-16.30.58:475][  0]LogConfig: Setting CVar [[r.GPUCrashDebugging:0]]
[2020.04.05-16.30.58:475][  0]LogConfig: Applying CVar settings from Section [/Script/Engine.RendererOverrideSettings] File [F:/Nowy folder (2)/Gra_o_szopie 4.24/Saved/Config/Windows/Engine.ini]
[2020.04.05-16.30.58:475][  0]LogConfig: Applying CVar settings from Section [/Script/Engine.StreamingSettings] File [F:/Nowy folder (2)/Gra_o_szopie 4.24/Saved/Config/Windows/Engine.ini]
[2020.04.05-16.30.58:475][  0]LogConfig: Setting CVar [[s.MinBulkDataSizeForAsyncLoading:131072]]
[2020.04.05-16.30.58:475][  0]LogConfig: Setting CVar [[s.AsyncLoadingThreadEnabled:0]]
[2020.04.05-16.30.58:475][  0]LogConfig: Setting CVar [[s.EventDrivenLoaderEnabled:1]]
[2020.04.05-16.30.58:475][  0]LogConfig: Setting CVar [[s.WarnIfTimeLimitExceeded:0]]
[2020.04.05-16.30.58:475][  0]LogConfig: Setting CVar [[s.TimeLimitExceededMultiplier:1.5]]
[2020.04.05-16.30.58:475][  0]LogConfig: Setting CVar [[s.TimeLimitExceededMinTime:0.005]]
[2020.04.05-16.30.58:475][  0]LogConfig: Setting CVar [[s.UseBackgroundLevelStreaming:1]]
[2020.04.05-16.30.58:475][  0]LogConfig: Setting CVar [[s.PriorityAsyncLoadingExtraTime:15.0]]
[2020.04.05-16.30.58:475][  0]LogConfig: Setting CVar [[s.LevelStreamingActorsUpdateTimeLimit:5.0]]
[2020.04.05-16.30.58:475][  0]LogConfig: Setting CVar [[s.PriorityLevelStreamingActorsUpdateExtraTime:5.0]]
[2020.04.05-16.30.58:475][  0]LogConfig: Setting CVar [[s.LevelStreamingComponentsRegistrationGranularity:10]]
[2020.04.05-16.30.58:475][  0]LogConfig: Setting CVar [[s.UnregisterComponentsTimeLimit:1.0]]
[2020.04.05-16.30.58:475][  0]LogConfig: Setting CVar [[s.LevelStreamingComponentsUnregistrationGranularity:5]]
[2020.04.05-16.30.58:475][  0]LogConfig: Setting CVar [[s.FlushStreamingOnExit:1]]
[2020.04.05-16.30.58:475][  0]LogConfig: Applying CVar settings from Section [/Script/Engine.GarbageCollectionSettings] File [F:/Nowy folder (2)/Gra_o_szopie 4.24/Saved/Config/Windows/Engine.ini]
[2020.04.05-16.30.58:475][  0]LogConfig: Setting CVar [[gc.MaxObjectsNotConsideredByGC:1]]
[2020.04.05-16.30.58:475][  0]LogConfig: Setting CVar [[gc.SizeOfPermanentObjectPool:0]]
[2020.04.05-16.30.58:475][  0]LogConfig: Setting CVar [[gc.FlushStreamingOnGC:0]]
[2020.04.05-16.30.58:475][  0]LogConfig: Setting CVar [[gc.NumRetriesBeforeForcingGC:10]]
[2020.04.05-16.30.58:475][  0]LogConfig: Setting CVar [[gc.AllowParallelGC:1]]
[2020.04.05-16.30.58:475][  0]LogConfig: Setting CVar [[gc.TimeBetweenPurgingPendingKillObjects:61.1]]
[2020.04.05-16.30.58:475][  0]LogConfig: Setting CVar [[gc.MaxObjectsInEditor:25165824]]
[2020.04.05-16.30.58:475][  0]LogConfig: Setting CVar [[gc.IncrementalBeginDestroyEnabled:1]]
[2020.04.05-16.30.58:475][  0]LogConfig: Setting CVar [[gc.CreateGCClusters:1]]
[2020.04.05-16.30.58:475][  0]LogConfig: Setting CVar [[gc.MinGCClusterSize:5]]
[2020.04.05-16.30.58:475][  0]LogConfig: Setting CVar [[gc.ActorClusteringEnabled:0]]
[2020.04.05-16.30.58:475][  0]LogConfig: Setting CVar [[gc.BlueprintClusteringEnabled:0]]
[2020.04.05-16.30.58:475][  0]LogConfig: Setting CVar [[gc.UseDisregardForGCOnDedicatedServers:0]]
[2020.04.05-16.30.58:475][  0]LogConfig: Applying CVar settings from Section [/Script/Engine.NetworkSettings] File [F:/Nowy folder (2)/Gra_o_szopie 4.24/Saved/Config/Windows/Engine.ini]
[2020.04.05-16.30.58:475][  0]LogConfig: Applying CVar settings from Section [/Script/UnrealEd.CookerSettings] File [F:/Nowy folder (2)/Gra_o_szopie 4.24/Saved/Config/Windows/Engine.ini]
[2020.04.05-16.30.58:482][  0]LogConfig: Applying CVar settings from Section [ViewDistanceQuality@3] File [F:/Nowy folder (2)/Gra_o_szopie 4.24/Saved/Config/Windows/Scalability.ini]
[2020.04.05-16.30.58:482][  0]LogConfig: Setting CVar [[r.SkeletalMeshLODBias:0]]
[2020.04.05-16.30.58:482][  0]LogConfig: Setting CVar [[r.ViewDistanceScale:1.0]]
[2020.04.05-16.30.58:482][  0]LogConfig: Applying CVar settings from Section [AntiAliasingQuality@3] File [F:/Nowy folder (2)/Gra_o_szopie 4.24/Saved/Config/Windows/Scalability.ini]
[2020.04.05-16.30.58:482][  0]LogConfig: Setting CVar [[r.PostProcessAAQuality:4]]
[2020.04.05-16.30.58:482][  0]LogConfig: Applying CVar settings from Section [ShadowQuality@3] File [F:/Nowy folder (2)/Gra_o_szopie 4.24/Saved/Config/Windows/Scalability.ini]
[2020.04.05-16.30.58:482][  0]LogConfig: Setting CVar [[r.LightFunctionQuality:1]]
[2020.04.05-16.30.58:482][  0]LogConfig: Setting CVar [[r.ShadowQuality:5]]
[2020.04.05-16.30.58:482][  0]LogConfig: Setting CVar [[r.Shadow.CSM.MaxCascades:10]]
[2020.04.05-16.30.58:482][  0]LogConfig: Setting CVar [[r.Shadow.MaxResolution:2048]]
[2020.04.05-16.30.58:482][  0]LogConfig: Setting CVar [[r.Shadow.MaxCSMResolution:2048]]
[2020.04.05-16.30.58:482][  0]LogConfig: Setting CVar [[r.Shadow.RadiusThreshold:0.01]]
[2020.04.05-16.30.58:482][  0]LogConfig: Setting CVar [[r.Shadow.DistanceScale:1.0]]
[2020.04.05-16.30.58:482][  0]LogConfig: Setting CVar [[r.Shadow.CSM.TransitionScale:1.0]]
[2020.04.05-16.30.58:482][  0]LogConfig: Setting CVar [[r.Shadow.PreShadowResolutionFactor:1.0]]
[2020.04.05-16.30.58:482][  0]LogConfig: Setting CVar [[r.DistanceFieldShadowing:1]]
[2020.04.05-16.30.58:482][  0]LogConfig: Setting CVar [[r.DistanceFieldAO:1]]
[2020.04.05-16.30.58:482][  0]LogConfig: Setting CVar [[r.AOQuality:2]]
[2020.04.05-16.30.58:482][  0]LogConfig: Setting CVar [[r.VolumetricFog:1]]
[2020.04.05-16.30.58:482][  0]LogConfig: Setting CVar [[r.VolumetricFog.GridPixelSize:8]]
[2020.04.05-16.30.58:482][  0]LogConfig: Setting CVar [[r.VolumetricFog.GridSizeZ:128]]
[2020.04.05-16.30.58:482][  0]LogConfig: Setting CVar [[r.VolumetricFog.HistoryMissSupersampleCount:4]]
[2020.04.05-16.30.58:482][  0]LogConfig: Setting CVar [[r.LightMaxDrawDistanceScale:1]]
[2020.04.05-16.30.58:482][  0]LogConfig: Setting CVar [[r.CapsuleShadows:1]]
[2020.04.05-16.30.58:482][  0]LogConfig: Applying CVar settings from Section [PostProcessQuality@3] File [F:/Nowy folder (2)/Gra_o_szopie 4.24/Saved/Config/Windows/Scalability.ini]
[2020.04.05-16.30.58:482][  0]LogConfig: Setting CVar [[r.MotionBlurQuality:4]]
[2020.04.05-16.30.58:482][  0]LogConfig: Setting CVar [[r.AmbientOcclusionMipLevelFactor:0.4]]
[2020.04.05-16.30.58:482][  0]LogConfig: Setting CVar [[r.AmbientOcclusionMaxQuality:100]]
[2020.04.05-16.30.58:482][  0]LogConfig: Setting CVar [[r.AmbientOcclusionLevels:-1]]
[2020.04.05-16.30.58:482][  0]LogConfig: Setting CVar [[r.AmbientOcclusionRadiusScale:1.0]]
[2020.04.05-16.30.58:482][  0]LogConfig: Setting CVar [[r.DepthOfFieldQuality:2]]
[2020.04.05-16.30.58:482][  0]LogConfig: Setting CVar [[r.RenderTargetPoolMin:400]]
[2020.04.05-16.30.58:482][  0]LogConfig: Setting CVar [[r.LensFlareQuality:2]]
[2020.04.05-16.30.58:482][  0]LogConfig: Setting CVar [[r.SceneColorFringeQuality:1]]
[2020.04.05-16.30.58:482][  0]LogConfig: Setting CVar [[r.EyeAdaptationQuality:2]]
[2020.04.05-16.30.58:482][  0]LogConfig: Setting CVar [[r.BloomQuality:5]]
[2020.04.05-16.30.58:482][  0]LogConfig: Setting CVar [[r.FastBlurThreshold:100]]
[2020.04.05-16.30.58:482][  0]LogConfig: Setting CVar [[r.Upscale.Quality:3]]
[2020.04.05-16.30.58:482][  0]LogConfig: Setting CVar [[r.Tonemapper.GrainQuantization:1]]
[2020.04.05-16.30.58:482][  0]LogConfig: Setting CVar [[r.LightShaftQuality:1]]
[2020.04.05-16.30.58:482][  0]LogConfig: Setting CVar [[r.Filter.SizeScale:1]]
[2020.04.05-16.30.58:482][  0]LogConfig: Setting CVar [[r.Tonemapper.Quality:5]]
[2020.04.05-16.30.58:482][  0]LogConfig: Setting CVar [[r.DOF.Gather.AccumulatorQuality:1        ; higher gathering accumulator quality]]
[2020.04.05-16.30.58:482][  0]LogConfig: Setting CVar [[r.DOF.Gather.PostfilterMethod:1          ; Median3x3 postfilering method]]
[2020.04.05-16.30.58:482][  0]LogConfig: Setting CVar [[r.DOF.Gather.EnableBokehSettings:0       ; no bokeh simulation when gathering]]
[2020.04.05-16.30.58:482][  0]LogConfig: Setting CVar [[r.DOF.Gather.RingCount:4                 ; medium number of samples when gathering]]
[2020.04.05-16.30.58:483][  0]LogConfig: Setting CVar [[r.DOF.Scatter.ForegroundCompositing:1    ; additive foreground scattering]]
[2020.04.05-16.30.58:483][  0]LogConfig: Setting CVar [[r.DOF.Scatter.BackgroundCompositing:2    ; additive background scattering]]
[2020.04.05-16.30.58:483][  0]LogConfig: Setting CVar [[r.DOF.Scatter.EnableBokehSettings:1      ; bokeh simulation when scattering]]
[2020.04.05-16.30.58:483][  0]LogConfig: Setting CVar [[r.DOF.Scatter.MaxSpriteRatio:0.1         ; only a maximum of 10% of scattered bokeh]]
[2020.04.05-16.30.58:483][  0]LogConfig: Setting CVar [[r.DOF.Recombine.Quality:1                ; cheap slight out of focus]]
[2020.04.05-16.30.58:483][  0]LogConfig: Setting CVar [[r.DOF.Recombine.EnableBokehSettings:0    ; no bokeh simulation on slight out of focus]]
[2020.04.05-16.30.58:483][  0]LogConfig: Setting CVar [[r.DOF.TemporalAAQuality:1                ; more stable temporal accumulation]]
[2020.04.05-16.30.58:483][  0]LogConfig: Setting CVar [[r.DOF.Kernel.MaxForegroundRadius:0.025]]
[2020.04.05-16.30.58:483][  0]LogConfig: Setting CVar [[r.DOF.Kernel.MaxBackgroundRadius:0.025]]
[2020.04.05-16.30.58:483][  0]LogConfig: Applying CVar settings from Section [TextureQuality@3] File [F:/Nowy folder (2)/Gra_o_szopie 4.24/Saved/Config/Windows/Scalability.ini]
[2020.04.05-16.30.58:483][  0]LogConfig: Setting CVar [[r.Streaming.MipBias:0]]
[2020.04.05-16.30.58:483][  0]LogConfig: Setting CVar [[r.Streaming.AmortizeCPUToGPUCopy:0]]
[2020.04.05-16.30.58:483][  0]LogConfig: Setting CVar [[r.Streaming.MaxNumTexturesToStreamPerFrame:0]]
[2020.04.05-16.30.58:483][  0]LogConfig: Setting CVar [[r.Streaming.Boost:1]]
[2020.04.05-16.30.58:483][  0]LogConfig: Setting CVar [[r.MaxAnisotropy:8]]
[2020.04.05-16.30.58:483][  0]LogConfig: Setting CVar [[r.VT.MaxAnisotropy:8]]
[2020.04.05-16.30.58:483][  0]LogConfig: Setting CVar [[r.Streaming.LimitPoolSizeToVRAM:0]]
[2020.04.05-16.30.58:483][  0]LogConfig: Setting CVar [[r.Streaming.PoolSize:1000]]
[2020.04.05-16.30.58:483][  0]LogConfig: Setting CVar [[r.Streaming.MaxEffectiveScreenSize:0]]
[2020.04.05-16.30.58:483][  0]LogConfig: Applying CVar settings from Section [EffectsQuality@3] File [F:/Nowy folder (2)/Gra_o_szopie 4.24/Saved/Config/Windows/Scalability.ini]
[2020.04.05-16.30.58:483][  0]LogConfig: Setting CVar [[r.TranslucencyLightingVolumeDim:64]]
[2020.04.05-16.30.58:483][  0]LogConfig: Setting CVar [[r.RefractionQuality:2]]
[2020.04.05-16.30.58:483][  0]LogConfig: Setting CVar [[r.SSR.Quality:3]]
[2020.04.05-16.30.58:483][  0]LogConfig: Setting CVar [[r.SSR.HalfResSceneColor:0]]
[2020.04.05-16.30.58:483][  0]LogConfig: Setting CVar [[r.SceneColorFormat:4]]
[2020.04.05-16.30.58:483][  0]LogConfig: Setting CVar [[r.DetailMode:2]]
[2020.04.05-16.30.58:483][  0]LogConfig: Setting CVar [[r.TranslucencyVolumeBlur:1]]
[2020.04.05-16.30.58:483][  0]LogConfig: Setting CVar [[r.MaterialQualityLevel:1 ; High quality]]
[2020.04.05-16.30.58:483][  0]LogConfig: Setting CVar [[r.SSS.Scale:1]]
[2020.04.05-16.30.58:483][  0]LogConfig: Setting CVar [[r.SSS.SampleSet:2]]
[2020.04.05-16.30.58:483][  0]LogConfig: Setting CVar [[r.SSS.Quality:1]]
[2020.04.05-16.30.58:483][  0]LogConfig: Setting CVar [[r.SSS.HalfRes:1]]
[2020.04.05-16.30.58:483][  0]LogConfig: Setting CVar [[r.SSGI.Quality:3]]
[2020.04.05-16.30.58:483][  0]LogConfig: Setting CVar [[r.EmitterSpawnRateScale:1.0]]
[2020.04.05-16.30.58:483][  0]LogConfig: Setting CVar [[r.ParticleLightQuality:2]]
[2020.04.05-16.30.58:483][  0]LogConfig: Setting CVar [[r.SkyAtmosphere.AerialPerspectiveLUT.FastApplyOnOpaque:1 ; Always have FastSkyLUT 1 in this case to avoid wrong sky]]
[2020.04.05-16.30.58:483][  0]LogConfig: Setting CVar [[r.SkyAtmosphere.AerialPerspectiveLUT.SampleCountPerSlice:1]]
[2020.04.05-16.30.58:483][  0]LogConfig: Setting CVar [[r.SkyAtmosphere.AerialPerspectiveLUT.DepthResolution:16.0]]
[2020.04.05-16.30.58:483][  0]LogConfig: Setting CVar [[r.SkyAtmosphere.FastSkyLUT:1]]
[2020.04.05-16.30.58:483][  0]LogConfig: Setting CVar [[r.SkyAtmosphere.FastSkyLUT.SampleCountMin:4.0]]
[2020.04.05-16.30.58:483][  0]LogConfig: Setting CVar [[r.SkyAtmosphere.FastSkyLUT.SampleCountMax:32.0]]
[2020.04.05-16.30.58:483][  0]LogConfig: Setting CVar [[r.SkyAtmosphere.SampleCountMin:4.0]]
[2020.04.05-16.30.58:483][  0]LogConfig: Setting CVar [[r.SkyAtmosphere.SampleCountMax:32.0]]
[2020.04.05-16.30.58:483][  0]LogConfig: Setting CVar [[r.SkyAtmosphere.TransmittanceLUT.UseSmallFormat:0]]
[2020.04.05-16.30.58:483][  0]LogConfig: Setting CVar [[r.SkyAtmosphere.TransmittanceLUT.SampleCount:10.0]]
[2020.04.05-16.30.58:483][  0]LogConfig: Setting CVar [[r.SkyAtmosphere.MultiScatteringLUT.SampleCount:15.0]]
[2020.04.05-16.30.58:483][  0]LogConfig: Applying CVar settings from Section [FoliageQuality@3] File [F:/Nowy folder (2)/Gra_o_szopie 4.24/Saved/Config/Windows/Scalability.ini]
[2020.04.05-16.30.58:483][  0]LogConfig: Setting CVar [[foliage.DensityScale:1.0]]
[2020.04.05-16.30.58:483][  0]LogConfig: Setting CVar [[grass.DensityScale:1.0]]
[2020.04.05-16.30.58:483][  0]LogConfig: Applying CVar settings from Section [ShadingQuality@3] File [F:/Nowy folder (2)/Gra_o_szopie 4.24/Saved/Config/Windows/Scalability.ini]
[2020.04.05-16.30.58:483][  0]LogConfig: Setting CVar [[r.HairStrands.SkyLighting.SampleCount:16]]
[2020.04.05-16.30.58:483][  0]LogConfig: Setting CVar [[r.HairStrands.SkyLighting.JitterIntegration:0]]
[2020.04.05-16.30.58:483][  0]LogConfig: Setting CVar [[r.HairStrands.SkyAO.SampleCount:16]]
[2020.04.05-16.30.58:484][  0]LogInit: Selected Device Profile: [Windows]
[2020.04.05-16.30.58:484][  0]LogInit: Applying CVar settings loaded from the selected device profile: [Windows]
[2020.04.05-16.30.58:495][  0]LogHAL: Display: Platform has ~ 16 GB [17129906176 / 17179869184 / 16], which maps to Larger [LargestMinGB=32, LargerMinGB=12, DefaultMinGB=8, SmallerMinGB=6, SmallestMinGB=0)
[2020.04.05-16.30.58:495][  0]LogInit: Going up to parent DeviceProfile []
[2020.04.05-16.30.58:495][  0]LogConfig: Applying CVar settings from Section [ViewDistanceQuality@3] File [F:/Nowy folder (2)/Gra_o_szopie 4.24/Saved/Config/Windows/Scalability.ini]
[2020.04.05-16.30.58:495][  0]LogConfig: Setting CVar [[r.SkeletalMeshLODBias:0]]
[2020.04.05-16.30.58:495][  0]LogConfig: Setting CVar [[r.ViewDistanceScale:1.0]]
[2020.04.05-16.30.58:495][  0]LogConfig: Applying CVar settings from Section [AntiAliasingQuality@3] File [F:/Nowy folder (2)/Gra_o_szopie 4.24/Saved/Config/Windows/Scalability.ini]
[2020.04.05-16.30.58:495][  0]LogConfig: Setting CVar [[r.PostProcessAAQuality:4]]
[2020.04.05-16.30.58:495][  0]LogConfig: Applying CVar settings from Section [ShadowQuality@3] File [F:/Nowy folder (2)/Gra_o_szopie 4.24/Saved/Config/Windows/Scalability.ini]
[2020.04.05-16.30.58:495][  0]LogConfig: Setting CVar [[r.LightFunctionQuality:1]]
[2020.04.05-16.30.58:495][  0]LogConfig: Setting CVar [[r.ShadowQuality:5]]
[2020.04.05-16.30.58:495][  0]LogConfig: Setting CVar [[r.Shadow.CSM.MaxCascades:10]]
[2020.04.05-16.30.58:495][  0]LogConfig: Setting CVar [[r.Shadow.MaxResolution:2048]]
[2020.04.05-16.30.58:495][  0]LogConfig: Setting CVar [[r.Shadow.MaxCSMResolution:2048]]
[2020.04.05-16.30.58:495][  0]LogConfig: Setting CVar [[r.Shadow.RadiusThreshold:0.01]]
[2020.04.05-16.30.58:495][  0]LogConfig: Setting CVar [[r.Shadow.DistanceScale:1.0]]
[2020.04.05-16.30.58:495][  0]LogConfig: Setting CVar [[r.Shadow.CSM.TransitionScale:1.0]]
[2020.04.05-16.30.58:495][  0]LogConfig: Setting CVar [[r.Shadow.PreShadowResolutionFactor:1.0]]
[2020.04.05-16.30.58:495][  0]LogConfig: Setting CVar [[r.DistanceFieldShadowing:1]]
[2020.04.05-16.30.58:495][  0]LogConfig: Setting CVar [[r.DistanceFieldAO:1]]
[2020.04.05-16.30.58:495][  0]LogConfig: Setting CVar [[r.AOQuality:2]]
[2020.04.05-16.30.58:495][  0]LogConfig: Setting CVar [[r.VolumetricFog:1]]
[2020.04.05-16.30.58:495][  0]LogConfig: Setting CVar [[r.VolumetricFog.GridPixelSize:8]]
[2020.04.05-16.30.58:495][  0]LogConfig: Setting CVar [[r.VolumetricFog.GridSizeZ:128]]
[2020.04.05-16.30.58:495][  0]LogConfig: Setting CVar [[r.VolumetricFog.HistoryMissSupersampleCount:4]]
[2020.04.05-16.30.58:495][  0]LogConfig: Setting CVar [[r.LightMaxDrawDistanceScale:1]]
[2020.04.05-16.30.58:495][  0]LogConfig: Setting CVar [[r.CapsuleShadows:1]]
[2020.04.05-16.30.58:495][  0]LogConfig: Applying CVar settings from Section [PostProcessQuality@3] File [F:/Nowy folder (2)/Gra_o_szopie 4.24/Saved/Config/Windows/Scalability.ini]
[2020.04.05-16.30.58:495][  0]LogConfig: Setting CVar [[r.MotionBlurQuality:4]]
[2020.04.05-16.30.58:495][  0]LogConfig: Setting CVar [[r.AmbientOcclusionMipLevelFactor:0.4]]
[2020.04.05-16.30.58:495][  0]LogConfig: Setting CVar [[r.AmbientOcclusionMaxQuality:100]]
[2020.04.05-16.30.58:495][  0]LogConfig: Setting CVar [[r.AmbientOcclusionLevels:-1]]
[2020.04.05-16.30.58:495][  0]LogConfig: Setting CVar [[r.AmbientOcclusionRadiusScale:1.0]]
[2020.04.05-16.30.58:495][  0]LogConfig: Setting CVar [[r.DepthOfFieldQuality:2]]
[2020.04.05-16.30.58:495][  0]LogConfig: Setting CVar [[r.RenderTargetPoolMin:400]]
[2020.04.05-16.30.58:495][  0]LogConfig: Setting CVar [[r.LensFlareQuality:2]]
[2020.04.05-16.30.58:495][  0]LogConfig: Setting CVar [[r.SceneColorFringeQuality:1]]
[2020.04.05-16.30.58:495][  0]LogConfig: Setting CVar [[r.EyeAdaptationQuality:2]]
[2020.04.05-16.30.58:495][  0]LogConfig: Setting CVar [[r.BloomQuality:5]]
[2020.04.05-16.30.58:495][  0]LogConfig: Setting CVar [[r.FastBlurThreshold:100]]
[2020.04.05-16.30.58:495][  0]LogConfig: Setting CVar [[r.Upscale.Quality:3]]
[2020.04.05-16.30.58:495][  0]LogConfig: Setting CVar [[r.Tonemapper.GrainQuantization:1]]
[2020.04.05-16.30.58:495][  0]LogConfig: Setting CVar [[r.LightShaftQuality:1]]
[2020.04.05-16.30.58:496][  0]LogConfig: Setting CVar [[r.Filter.SizeScale:1]]
[2020.04.05-16.30.58:496][  0]LogConfig: Setting CVar [[r.Tonemapper.Quality:5]]
[2020.04.05-16.30.58:496][  0]LogConfig: Setting CVar [[r.DOF.Gather.AccumulatorQuality:1        ; higher gathering accumulator quality]]
[2020.04.05-16.30.58:496][  0]LogConfig: Setting CVar [[r.DOF.Gather.PostfilterMethod:1          ; Median3x3 postfilering method]]
[2020.04.05-16.30.58:496][  0]LogConfig: Setting CVar [[r.DOF.Gather.EnableBokehSettings:0       ; no bokeh simulation when gathering]]
[2020.04.05-16.30.58:496][  0]LogConfig: Setting CVar [[r.DOF.Gather.RingCount:4                 ; medium number of samples when gathering]]
[2020.04.05-16.30.58:496][  0]LogConfig: Setting CVar [[r.DOF.Scatter.ForegroundCompositing:1    ; additive foreground scattering]]
[2020.04.05-16.30.58:496][  0]LogConfig: Setting CVar [[r.DOF.Scatter.BackgroundCompositing:2    ; additive background scattering]]
[2020.04.05-16.30.58:496][  0]LogConfig: Setting CVar [[r.DOF.Scatter.EnableBokehSettings:1      ; bokeh simulation when scattering]]
[2020.04.05-16.30.58:496][  0]LogConfig: Setting CVar [[r.DOF.Scatter.MaxSpriteRatio:0.1         ; only a maximum of 10% of scattered bokeh]]
[2020.04.05-16.30.58:496][  0]LogConfig: Setting CVar [[r.DOF.Recombine.Quality:1                ; cheap slight out of focus]]
[2020.04.05-16.30.58:496][  0]LogConfig: Setting CVar [[r.DOF.Recombine.EnableBokehSettings:0    ; no bokeh simulation on slight out of focus]]
[2020.04.05-16.30.58:496][  0]LogConfig: Setting CVar [[r.DOF.TemporalAAQuality:1                ; more stable temporal accumulation]]
[2020.04.05-16.30.58:496][  0]LogConfig: Setting CVar [[r.DOF.Kernel.MaxForegroundRadius:0.025]]
[2020.04.05-16.30.58:496][  0]LogConfig: Setting CVar [[r.DOF.Kernel.MaxBackgroundRadius:0.025]]
[2020.04.05-16.30.58:496][  0]LogConfig: Applying CVar settings from Section [TextureQuality@3] File [F:/Nowy folder (2)/Gra_o_szopie 4.24/Saved/Config/Windows/Scalability.ini]
[2020.04.05-16.30.58:496][  0]LogConfig: Setting CVar [[r.Streaming.MipBias:0]]
[2020.04.05-16.30.58:496][  0]LogConfig: Setting CVar [[r.Streaming.AmortizeCPUToGPUCopy:0]]
[2020.04.05-16.30.58:496][  0]LogConfig: Setting CVar [[r.Streaming.MaxNumTexturesToStreamPerFrame:0]]
[2020.04.05-16.30.58:496][  0]LogConfig: Setting CVar [[r.Streaming.Boost:1]]
[2020.04.05-16.30.58:496][  0]LogConfig: Setting CVar [[r.MaxAnisotropy:8]]
[2020.04.05-16.30.58:496][  0]LogConfig: Setting CVar [[r.VT.MaxAnisotropy:8]]
[2020.04.05-16.30.58:496][  0]LogConfig: Setting CVar [[r.Streaming.LimitPoolSizeToVRAM:0]]
[2020.04.05-16.30.58:496][  0]LogConfig: Setting CVar [[r.Streaming.PoolSize:1000]]
[2020.04.05-16.30.58:496][  0]LogConfig: Setting CVar [[r.Streaming.MaxEffectiveScreenSize:0]]
[2020.04.05-16.30.58:496][  0]LogConfig: Applying CVar settings from Section [EffectsQuality@3] File [F:/Nowy folder (2)/Gra_o_szopie 4.24/Saved/Config/Windows/Scalability.ini]
[2020.04.05-16.30.58:496][  0]LogConfig: Setting CVar [[r.TranslucencyLightingVolumeDim:64]]
[2020.04.05-16.30.58:496][  0]LogConfig: Setting CVar [[r.RefractionQuality:2]]
[2020.04.05-16.30.58:496][  0]LogConfig: Setting CVar [[r.SSR.Quality:3]]
[2020.04.05-16.30.58:496][  0]LogConfig: Setting CVar [[r.SSR.HalfResSceneColor:0]]
[2020.04.05-16.30.58:496][  0]LogConfig: Setting CVar [[r.SceneColorFormat:4]]
[2020.04.05-16.30.58:496][  0]LogConfig: Setting CVar [[r.DetailMode:2]]
[2020.04.05-16.30.58:496][  0]LogConfig: Setting CVar [[r.TranslucencyVolumeBlur:1]]
[2020.04.05-16.30.58:496][  0]LogConfig: Setting CVar [[r.MaterialQualityLevel:1 ; High quality]]
[2020.04.05-16.30.58:496][  0]LogConfig: Setting CVar [[r.SSS.Scale:1]]
[2020.04.05-16.30.58:496][  0]LogConfig: Setting CVar [[r.SSS.SampleSet:2]]
[2020.04.05-16.30.58:496][  0]LogConfig: Setting CVar [[r.SSS.Quality:1]]
[2020.04.05-16.30.58:496][  0]LogConfig: Setting CVar [[r.SSS.HalfRes:1]]
[2020.04.05-16.30.58:496][  0]LogConfig: Setting CVar [[r.SSGI.Quality:3]]
[2020.04.05-16.30.58:496][  0]LogConfig: Setting CVar [[r.EmitterSpawnRateScale:1.0]]
[2020.04.05-16.30.58:496][  0]LogConfig: Setting CVar [[r.ParticleLightQuality:2]]
[2020.04.05-16.30.58:496][  0]LogConfig: Setting CVar [[r.SkyAtmosphere.AerialPerspectiveLUT.FastApplyOnOpaque:1 ; Always have FastSkyLUT 1 in this case to avoid wrong sky]]
[2020.04.05-16.30.58:496][  0]LogConfig: Setting CVar [[r.SkyAtmosphere.AerialPerspectiveLUT.SampleCountPerSlice:1]]
[2020.04.05-16.30.58:496][  0]LogConfig: Setting CVar [[r.SkyAtmosphere.AerialPerspectiveLUT.DepthResolution:16.0]]
[2020.04.05-16.30.58:496][  0]LogConfig: Setting CVar [[r.SkyAtmosphere.FastSkyLUT:1]]
[2020.04.05-16.30.58:496][  0]LogConfig: Setting CVar [[r.SkyAtmosphere.FastSkyLUT.SampleCountMin:4.0]]
[2020.04.05-16.30.58:496][  0]LogConfig: Setting CVar [[r.SkyAtmosphere.FastSkyLUT.SampleCountMax:32.0]]
[2020.04.05-16.30.58:496][  0]LogConfig: Setting CVar [[r.SkyAtmosphere.SampleCountMin:4.0]]
[2020.04.05-16.30.58:496][  0]LogConfig: Setting CVar [[r.SkyAtmosphere.SampleCountMax:32.0]]
[2020.04.05-16.30.58:496][  0]LogConfig: Setting CVar [[r.SkyAtmosphere.TransmittanceLUT.UseSmallFormat:0]]
[2020.04.05-16.30.58:496][  0]LogConfig: Setting CVar [[r.SkyAtmosphere.TransmittanceLUT.SampleCount:10.0]]
[2020.04.05-16.30.58:496][  0]LogConfig: Setting CVar [[r.SkyAtmosphere.MultiScatteringLUT.SampleCount:15.0]]
[2020.04.05-16.30.58:496][  0]LogConfig: Applying CVar settings from Section [FoliageQuality@3] File [F:/Nowy folder (2)/Gra_o_szopie 4.24/Saved/Config/Windows/Scalability.ini]
[2020.04.05-16.30.58:496][  0]LogConfig: Setting CVar [[foliage.DensityScale:1.0]]
[2020.04.05-16.30.58:496][  0]LogConfig: Setting CVar [[grass.DensityScale:1.0]]
[2020.04.05-16.30.58:496][  0]LogConfig: Applying CVar settings from Section [ShadingQuality@3] File [F:/Nowy folder (2)/Gra_o_szopie 4.24/Saved/Config/Windows/Scalability.ini]
[2020.04.05-16.30.58:496][  0]LogConfig: Setting CVar [[r.HairStrands.SkyLighting.SampleCount:16]]
[2020.04.05-16.30.58:496][  0]LogConfig: Setting CVar [[r.HairStrands.SkyLighting.JitterIntegration:0]]
[2020.04.05-16.30.58:496][  0]LogConfig: Setting CVar [[r.HairStrands.SkyAO.SampleCount:16]]
[2020.04.05-16.30.58:496][  0]LogConfig: Applying CVar settings from Section [Startup] File [../../../Engine/Config/ConsoleVariables.ini]
[2020.04.05-16.30.58:505][  0]LogConfig: Setting CVar [[net.UseAdaptiveNetUpdateFrequency:0]]
[2020.04.05-16.30.58:505][  0]LogConfig: Setting CVar [[p.chaos.AllowCreatePhysxBodies:1]]
[2020.04.05-16.30.58:505][  0]LogConfig: Applying CVar settings from Section [ConsoleVariables] File [F:/Nowy folder (2)/Gra_o_szopie 4.24/Saved/Config/Windows/Engine.ini]
[2020.04.05-16.30.58:507][  0]LogInit: Computer: DESKTOP-UD6UGMJ
[2020.04.05-16.30.58:507][  0]LogInit: User: CtrlArt
[2020.04.05-16.30.58:507][  0]LogInit: CPU Page size=4096, Cores=8
[2020.04.05-16.30.58:507][  0]LogInit: High frequency timer resolution =10.000000 MHz
[2020.04.05-16.30.58:508][  0]LogMemory: Memory total: Physical=16.0GB (16GB approx)
[2020.04.05-16.30.58:508][  0]LogMemory: Platform Memory Stats for Windows
[2020.04.05-16.30.58:508][  0]LogMemory: Process Physical Memory: 106.13 MB used, 106.13 MB peak
[2020.04.05-16.30.58:508][  0]LogMemory: Process Virtual Memory: 102.21 MB used, 102.21 MB peak
[2020.04.05-16.30.58:508][  0]LogMemory: Physical Memory: 2768.60 MB used,  13567.75 MB free, 16336.35 MB total
[2020.04.05-16.30.58:508][  0]LogMemory: Virtual Memory: 5179.37 MB used,  134212552.00 MB free, 134217728.00 MB total
[2020.04.05-16.30.58:782][  0]LogWindows: WindowsPlatformFeatures enabled
[2020.04.05-16.30.58:966][  0]LogInit: Using OS detected language (pl-PL).
[2020.04.05-16.30.58:966][  0]LogInit: Using OS detected locale (pl-PL).
[2020.04.05-16.30.58:970][  0]LogTextLocalizationManager: No specific localization for 'pl-PL' exists, so the 'pl' localization will be used.
[2020.04.05-16.30.58:971][  0]LogTextLocalizationResource: LocRes '../../../Engine/Content/Localization/Editor/pl/Editor.locres' could not be opened for reading!
[2020.04.05-16.30.58:971][  0]LogTextLocalizationResource: LocRes '../../../Engine/Content/Localization/EditorTutorials/pl/EditorTutorials.locres' could not be opened for reading!
[2020.04.05-16.30.58:971][  0]LogTextLocalizationResource: LocRes '../../../Engine/Content/Localization/Keywords/pl/Keywords.locres' could not be opened for reading!
[2020.04.05-16.30.58:971][  0]LogTextLocalizationResource: LocRes '../../../Engine/Content/Localization/Category/pl/Category.locres' could not be opened for reading!
[2020.04.05-16.30.58:973][  0]LogTextLocalizationResource: LocRes '../../../Engine/Content/Localization/ToolTips/pl/ToolTips.locres' could not be opened for reading!
[2020.04.05-16.30.58:973][  0]LogTextLocalizationResource: LocRes '../../../Engine/Content/Localization/PropertyNames/pl/PropertyNames.locres' could not be opened for reading!
[2020.04.05-16.30.58:973][  0]LogTextLocalizationResource: LocRes '../../../Engine/Content/Localization/Engine/pl/Engine.locres' could not be opened for reading!
[2020.04.05-16.30.58:974][  0]LogInit: Setting process to per monitor DPI aware
[2020.04.05-16.30.59:069][  0]LogSlate: New Slate User Created.  User Index 0, Is Virtual User: 0
[2020.04.05-16.30.59:069][  0]LogSlate: Slate User Registered.  User Index 0, Is Virtual User: 0
[2020.04.05-16.30.59:454][  0]LogHMD: Failed to initialize OpenVR with code 110
[2020.04.05-16.30.59:454][  0]LogD3D11RHI: D3D11 min allowed feature level: 11_0
[2020.04.05-16.30.59:454][  0]LogD3D11RHI: D3D11 max allowed feature level: 11_0
[2020.04.05-16.30.59:454][  0]LogD3D11RHI: D3D11 adapters:
[2020.04.05-16.30.59:673][  0]LogD3D11RHI:    0. 'NVIDIA GeForce GTX 1060 6GB' (Feature Level 11_0)
[2020.04.05-16.30.59:673][  0]LogD3D11RHI:       6052/0/8168 MB DedicatedVideo/DedicatedSystem/SharedSystem, Outputs:2, VendorId:0x10de
[2020.04.05-16.30.59:677][  0]LogD3D11RHI:    1. 'Microsoft Basic Render Driver' (Feature Level 11_0)
[2020.04.05-16.30.59:677][  0]LogD3D11RHI:       0/0/8168 MB DedicatedVideo/DedicatedSystem/SharedSystem, Outputs:0, VendorId:0x1414
[2020.04.05-16.30.59:677][  0]LogD3D11RHI: Chosen D3D11 Adapter: 0
[2020.04.05-16.30.59:689][  0]LogD3D11RHI: Creating new Direct3DDevice
[2020.04.05-16.30.59:689][  0]LogD3D11RHI:     GPU DeviceId: 0x1c03 (for the marketing name, search the web for "GPU Device Id")
[2020.04.05-16.30.59:689][  0]LogWindows: EnumDisplayDevices:
[2020.04.05-16.30.59:690][  0]LogWindows:    0. 'NVIDIA GeForce GTX 1060 6GB' (P:0 D:1)
[2020.04.05-16.30.59:690][  0]LogWindows:    1. 'NVIDIA GeForce GTX 1060 6GB' (P:1 D:1)
[2020.04.05-16.30.59:690][  0]LogWindows:    2. 'NVIDIA GeForce GTX 1060 6GB' (P:0 D:0)
[2020.04.05-16.30.59:691][  0]LogWindows:    3. 'NVIDIA GeForce GTX 1060 6GB' (P:0 D:0)
[2020.04.05-16.30.59:691][  0]LogWindows: DebugString: FoundDriverCount:4 
[2020.04.05-16.30.59:691][  0]LogD3D11RHI:     Adapter Name: NVIDIA GeForce GTX 1060 6GB
[2020.04.05-16.30.59:691][  0]LogD3D11RHI:   Driver Version: 432.00 (internal:26.21.14.3200, unified:432.00)
[2020.04.05-16.30.59:691][  0]LogD3D11RHI:      Driver Date: 7-24-2019
[2020.04.05-16.30.59:691][  0]LogRHI: Texture pool is 4236 MB (70% of 6052 MB)
[2020.04.05-16.30.59:790][  0]LogD3D11RHI: RHI has support for 64 bit atomics
[2020.04.05-16.30.59:791][  0]LogD3D11RHI: Async texture creation enabled
[2020.04.05-16.30.59:969][  0]LogD3D11RHI: GPU Timing Frequency: 1000.000000 (Debug: 2 1)
[2020.04.05-16.31.01:174][  0]LogTargetPlatformManager: Display: Loaded TargetPlatform 'AllDesktop'
[2020.04.05-16.31.01:223][  0]LogTargetPlatformManager: Display: Loaded TargetPlatform 'Android'
[2020.04.05-16.31.01:223][  0]LogTargetPlatformManager: Display: Loaded TargetPlatform 'Android_ASTC'
[2020.04.05-16.31.01:223][  0]LogTargetPlatformManager: Display: Loaded TargetPlatform 'Android_ATC'
[2020.04.05-16.31.01:223][  0]LogTargetPlatformManager: Display: Loaded TargetPlatform 'Android_DXT'
[2020.04.05-16.31.01:223][  0]LogTargetPlatformManager: Display: Loaded TargetPlatform 'Android_ETC1'
[2020.04.05-16.31.01:223][  0]LogTargetPlatformManager: Display: Loaded TargetPlatform 'Android_ETC1a'
[2020.04.05-16.31.01:223][  0]LogTargetPlatformManager: Display: Loaded TargetPlatform 'Android_ETC2'
[2020.04.05-16.31.01:223][  0]LogTargetPlatformManager: Display: Loaded TargetPlatform 'Android_PVRTC'
[2020.04.05-16.31.01:223][  0]LogTargetPlatformManager: Display: Loaded TargetPlatform 'AndroidClient'
[2020.04.05-16.31.01:223][  0]LogTargetPlatformManager: Display: Loaded TargetPlatform 'Android_ASTCClient'
[2020.04.05-16.31.01:223][  0]LogTargetPlatformManager: Display: Loaded TargetPlatform 'Android_ATCClient'
[2020.04.05-16.31.01:223][  0]LogTargetPlatformManager: Display: Loaded TargetPlatform 'Android_DXTClient'
[2020.04.05-16.31.01:223][  0]LogTargetPlatformManager: Display: Loaded TargetPlatform 'Android_ETC1Client'
[2020.04.05-16.31.01:223][  0]LogTargetPlatformManager: Display: Loaded TargetPlatform 'Android_ETC1aClient'
[2020.04.05-16.31.01:223][  0]LogTargetPlatformManager: Display: Loaded TargetPlatform 'Android_ETC2Client'
[2020.04.05-16.31.01:223][  0]LogTargetPlatformManager: Display: Loaded TargetPlatform 'Android_PVRTCClient'
[2020.04.05-16.31.01:223][  0]LogTargetPlatformManager: Display: Loaded TargetPlatform 'Android_Multi'
[2020.04.05-16.31.01:223][  0]LogTargetPlatformManager: Display: Loaded TargetPlatform 'Android_MultiClient'
[2020.04.05-16.31.01:257][  0]LogTargetPlatformManager: Display: Loaded TargetPlatform 'IOSClient'
[2020.04.05-16.31.01:257][  0]LogTargetPlatformManager: Display: Loaded TargetPlatform 'IOS'
[2020.04.05-16.31.01:267][  0]LogTargetPlatformManager: Display: Loaded TargetPlatform 'LinuxNoEditor'
[2020.04.05-16.31.01:276][  0]LogTargetPlatformManager: Display: Loaded TargetPlatform 'LinuxClient'
[2020.04.05-16.31.01:285][  0]LogTargetPlatformManager: Display: Loaded TargetPlatform 'LinuxServer'
[2020.04.05-16.31.01:294][  0]LogTargetPlatformManager: Display: Loaded TargetPlatform 'LinuxAArch64NoEditor'
[2020.04.05-16.31.01:304][  0]LogTargetPlatformManager: Display: Loaded TargetPlatform 'LinuxAArch64Client'
[2020.04.05-16.31.01:313][  0]LogTargetPlatformManager: Display: Loaded TargetPlatform 'LinuxAArch64Server'
[2020.04.05-16.31.01:345][  0]LogTargetPlatformManager: Display: Loaded TargetPlatform 'Lumin'
[2020.04.05-16.31.01:345][  0]LogTargetPlatformManager: Display: Loaded TargetPlatform 'LuminClient'
[2020.04.05-16.31.01:360][  0]LogTargetPlatformManager: Display: Loaded TargetPlatform 'TVOSClient'
[2020.04.05-16.31.01:360][  0]LogTargetPlatformManager: Display: Loaded TargetPlatform 'TVOS'
[2020.04.05-16.31.01:369][  0]LogTargetPlatformManager: Display: Loaded TargetPlatform 'WindowsNoEditor'
[2020.04.05-16.31.01:379][  0]LogTargetPlatformManager: Display: Loaded TargetPlatform 'Windows'
[2020.04.05-16.31.01:388][  0]LogTargetPlatformManager: Display: Loaded TargetPlatform 'WindowsClient'
[2020.04.05-16.31.01:397][  0]LogTargetPlatformManager: Display: Loaded TargetPlatform 'WindowsServer'
[2020.04.05-16.31.01:397][  0]LogTargetPlatformManager: Display: Building Assets For Windows
[2020.04.05-16.31.01:406][  0]LogAudioDebug: Display: Lib vorbis DLL was dynamically loaded.
[2020.04.05-16.31.01:481][  0]LogShaderCompilers: Guid format shader working directory is 2 characters bigger than the processId version (../../../../Nowy folder (2)/Gra_o_szopie 4.24/Intermediate/Shaders/WorkingDirectory/24512/).
[2020.04.05-16.31.01:481][  0]LogShaderCompilers: Cleaned the shader compiler working directory 'C:/Users/CtrlArt/AppData/Local/Temp/UnrealShaderWorkingDir/FB4D124F41BB15C34685E8A12C3B3FE8/'.
[2020.04.05-16.31.01:484][  0]LogXGEController: Cannot use XGE Controller as Incredibuild is not installed on this machine.
[2020.04.05-16.31.01:484][  0]LogShaderCompilers: Cannot use XGE Shader Compiler as Incredibuild is not installed on this machine.
[2020.04.05-16.31.01:484][  0]LogShaderCompilers: Display: Using Local Shader Compiler.
[2020.04.05-16.31.02:700][  0]LogDerivedDataCache: Display: Max Cache Size: 512 MB
[2020.04.05-16.31.02:933][  0]LogDerivedDataCache: Loaded boot cache 0.23s 78MB C:/Users/CtrlArt/AppData/Local/UnrealEngine/4.24/DerivedDataCache/Boot.ddc.
[2020.04.05-16.31.02:933][  0]LogDerivedDataCache: Display: Loaded Boot cache: C:/Users/CtrlArt/AppData/Local/UnrealEngine/4.24/DerivedDataCache/Boot.ddc
[2020.04.05-16.31.02:934][  0]LogDerivedDataCache: FDerivedDataBackendGraph:  Pak pak cache file ../../../../Nowy folder (2)/Gra_o_szopie 4.24/DerivedDataCache/DDC.ddp not found, will not use a pak cache.
[2020.04.05-16.31.02:934][  0]LogDerivedDataCache: Unable to find inner node Pak for hierarchical cache Hierarchy.
[2020.04.05-16.31.02:934][  0]LogDerivedDataCache: FDerivedDataBackendGraph:  CompressedPak pak cache file ../../../../Nowy folder (2)/Gra_o_szopie 4.24/DerivedDataCache/Compressed.ddp not found, will not use a pak cache.
[2020.04.05-16.31.02:934][  0]LogDerivedDataCache: Unable to find inner node CompressedPak for hierarchical cache Hierarchy.
[2020.04.05-16.31.02:951][  0]LogDerivedDataCache: Display: Pak cache opened for reading ../../../Engine/DerivedDataCache/Compressed.ddp.
[2020.04.05-16.31.02:951][  0]LogDerivedDataCache: FDerivedDataBackendGraph:  EnterprisePak pak cache file ../../../Enterprise/DerivedDataCache/Compressed.ddp not found, will not use a pak cache.
[2020.04.05-16.31.02:951][  0]LogDerivedDataCache: Unable to find inner node EnterprisePak for hierarchical cache Hierarchy.
[2020.04.05-16.31.02:953][  0]LogDerivedDataCache: Using Local data cache path C:/Users/CtrlArt/AppData/Local/UnrealEngine/Common/DerivedDataCache: Writable
[2020.04.05-16.31.02:953][  0]LogDerivedDataCache: Shared data cache path not found in *engine.ini, will not use an Shared cache.
[2020.04.05-16.31.02:953][  0]LogDerivedDataCache: Unable to find inner node Shared for hierarchical cache Hierarchy.
[2020.04.05-16.31.02:985][  0]LogMaterial: Verifying Global Shaders for PCD3D_SM5
[2020.04.05-16.31.02:989][  0]LogSlate: Using FreeType 2.10.0
[2020.04.05-16.31.02:990][  0]LogSlate: SlateFontServices - WITH_FREETYPE: 1, WITH_HARFBUZZ: 1
[2020.04.05-16.31.03:294][  0]LogAssetRegistry: FAssetRegistry took 0.0037 seconds to start up
[2020.04.05-16.31.03:789][  0]LogInit: Selected Device Profile: [Windows]
[2020.04.05-16.31.04:069][  0]LogMeshReduction: Using QuadricMeshReduction for automatic static mesh reduction
[2020.04.05-16.31.04:069][  0]LogMeshReduction: Using SimplygonMeshReduction for automatic skeletal mesh reduction
[2020.04.05-16.31.04:069][  0]LogMeshReduction: Using ProxyLODMeshReduction for automatic mesh merging
[2020.04.05-16.31.04:069][  0]LogMeshReduction: No distributed automatic mesh merging module available
[2020.04.05-16.31.04:069][  0]LogMeshMerging: No distributed automatic mesh merging module available
[2020.04.05-16.31.04:100][  0]LogNetVersion: Gra_o_szopie 1.0.0, NetCL: 10570792, EngineNetVer: 13, GameNetVer: 0 (Checksum: 2173554342)
[2020.04.05-16.31.04:177][  0]LogInput: Warning: Action Jump uses deprecated key MotionController_Left_Trigger.
[2020.04.05-16.31.04:178][  0]LogInput: Warning: Action ResetVR uses deprecated key MotionController_Left_Grip1.
[2020.04.05-16.31.04:178][  0]LogInput: Warning: Action Jump uses deprecated key MotionController_Right_Trigger.
[2020.04.05-16.31.04:178][  0]LogInput: Warning: Axis MoveForward uses deprecated key MotionController_Left_Thumbstick_Y.
[2020.04.05-16.31.04:178][  0]LogInput: Warning: Axis MoveRight uses deprecated key MotionController_Left_Thumbstick_X.
[2020.04.05-16.31.04:178][  0]LogInput: Warning: Axis TurnRate uses deprecated key MotionController_Right_Thumbstick_X.
[2020.04.05-16.31.07:703][  0]LogPackageLocalizationCache: Processed 10 localized package path(s) for 1 prioritized culture(s) in 0.080598 seconds
[2020.04.05-16.31.07:715][  0]LogUObjectArray: 46750 objects as part of root set at end of initial load.
[2020.04.05-16.31.07:715][  0]LogUObjectAllocator: 8137160 out of 0 bytes used by permanent object pool.
[2020.04.05-16.31.07:715][  0]LogUObjectArray: CloseDisregardForGC: 0/0 objects in disregard for GC pool
[2020.04.05-16.31.08:815][  0]LogTcpMessaging: Initializing TcpMessaging bridge
[2020.04.05-16.31.08:821][  0]LogUdpMessaging: Initializing bridge on interface 0.0.0.0:0 to multicast group 230.0.0.1:6666.
[2020.04.05-16.31.08:941][  0]SourceControl: Source control is disabled
[2020.04.05-16.31.08:942][  0]SourceControl: Source control is disabled
[2020.04.05-16.31.08:952][  0]SourceControl: Source control is disabled
[2020.04.05-16.31.08:956][  0]SourceControl: Source control is disabled
[2020.04.05-16.31.08:959][  0]SourceControl: Source control is disabled
[2020.04.05-16.31.08:970][  0]LogVSAccessor: Display: Unable to create Visual Studio setup instance: 80040154
[2020.04.05-16.31.08:970][  0]LogVSAccessor: Display: Unable to create Visual Studio setup instance: 80040154
[2020.04.05-16.31.09:185][  0]LogAndroidPermission: UAndroidPermissionCallbackProxy::GetInstance
[2020.04.05-16.31.09:208][  0]LogAudioCaptureCore: Display: No Audio Capture implementations found. Audio input will be silent.
[2020.04.05-16.31.09:208][  0]LogAudioCaptureCore: Display: No Audio Capture implementations found. Audio input will be silent.
[2020.04.05-16.31.09:412][  0]LogOcInput: OculusInput pre-init called
[2020.04.05-16.31.09:427][  0]LogWindows: Failed to load 'OVRPlugin.dll' (GetLastError=126)
[2020.04.05-16.31.09:427][  0]LogWindows: File 'OVRPlugin.dll' does not exist
[2020.04.05-16.31.09:591][  0]LogEngine: Initializing Engine...
[2020.04.05-16.31.09:593][  0]LogHMD: Failed to initialize OpenVR with code 110
[2020.04.05-16.31.09:596][  0]LogStats: UGameplayTagsManager::InitializeManager -  0.001 s
[2020.04.05-16.31.10:241][  0]LogInit: Initializing FReadOnlyCVARCache
[2020.04.05-16.31.10:274][  0]LogAIModule: Creating AISystem for world Untitled
[2020.04.05-16.31.10:283][  0]LogAudioMixer: Display: Audio Mixer Platform Settings:
[2020.04.05-16.31.10:284][  0]LogAudioMixer: Display: 	Sample Rate:						  48000
[2020.04.05-16.31.10:284][  0]LogAudioMixer: Display: 	Callback Buffer Frame Size Requested: 1024
[2020.04.05-16.31.10:284][  0]LogAudioMixer: Display: 	Callback Buffer Frame Size To Use:	  1024
[2020.04.05-16.31.10:284][  0]LogAudioMixer: Display: 	Number of buffers to queue:			  2
[2020.04.05-16.31.10:284][  0]LogAudioMixer: Display: 	Max Channels (voices):				  32
[2020.04.05-16.31.10:284][  0]LogAudioMixer: Display: 	Number of Async Source Workers:		  0
[2020.04.05-16.31.10:284][  0]LogAudio: Display: AudioDevice MaxSources: 32
[2020.04.05-16.31.10:285][  0]LogAudio: Display: Using built-in audio occlusion.
[2020.04.05-16.31.10:285][  0]LogAudioMixer: Display: Initializing audio mixer.
[2020.04.05-16.31.10:321][  0]LogAudioMixer: Display: Audio Device Output Speaker Info:
[2020.04.05-16.31.10:321][  0]LogAudioMixer: Display: Name: Zestaw słuchawkowy (Razer Kraken 7.1 V2)
[2020.04.05-16.31.10:321][  0]LogAudioMixer: Display: Is Default: Yes
[2020.04.05-16.31.10:321][  0]LogAudioMixer: Display: Sample Rate: 48000
[2020.04.05-16.31.10:321][  0]LogAudioMixer: Display: Channel Count Used: 2
[2020.04.05-16.31.10:321][  0]LogAudioMixer: Display: Device Channel Count: 2
[2020.04.05-16.31.10:321][  0]LogAudioMixer: Display: Channel Order:
[2020.04.05-16.31.10:321][  0]LogAudioMixer: Display: 0: FrontLeft
[2020.04.05-16.31.10:321][  0]LogAudioMixer: Display: 1: FrontRight
[2020.04.05-16.31.10:386][  0]LogAudioMixer: Display: Using Audio Device Zestaw słuchawkowy (Razer Kraken 7.1 V2)
[2020.04.05-16.31.10:398][  0]LogInit: FAudioDevice initialized.
[2020.04.05-16.31.10:398][  0]LogNetVersion: Set ProjectVersion to 1.0.0.0. Version Checksum will be recalculated on next use.
[2020.04.05-16.31.10:635][  0]LogDerivedDataCache: Saved boot cache 0.24s 78MB C:/Users/CtrlArt/AppData/Local/UnrealEngine/4.24/DerivedDataCache/Boot.ddc.
[2020.04.05-16.31.10:641][  0]LogInit: Texture streaming: Enabled
[2020.04.05-16.31.10:660][  0]LogEngineSessionManager: EngineSessionManager initialized
[2020.04.05-16.31.10:661][  0]LogEditorSessionSummary: Verbose: Initializing EditorSessionSummaryWriter for editor session tracking
[2020.04.05-16.31.10:667][  0]LogEditorSessionSummary: EditorSessionSummaryWriter initialized
[2020.04.05-16.31.10:749][  0]LogInit: Transaction tracking system initialized
[2020.04.05-16.31.10:792][  0]BlueprintLog: New page: Editor Load
[2020.04.05-16.31.10:913][  0]LocalizationService: Localization service is disabled
[2020.04.05-16.31.11:061][  0]LogVSAccessor: Display: Unable to create Visual Studio setup instance: 80040154
[2020.04.05-16.31.11:061][  0]LogVSAccessor: Display: Unable to create Visual Studio setup instance: 80040154
[2020.04.05-16.31.11:928][  0]LogFileCache: Scanning file cache for directory 'F:/Nowy folder (2)/Gra_o_szopie 4.24/Content/' took 0.00s
[2020.04.05-16.31.11:928][  0]LogCook: Display: Max memory allowance for cook 16384mb min free memory 0mb
[2020.04.05-16.31.11:928][  0]LogCook: Display: Mobile HDR setting 1
[2020.04.05-16.31.12:891][  0]SourceControl: Source control is disabled
[2020.04.05-16.31.12:893][  0]Cmd: MAP LOAD FILE="../../../../Nowy folder (2)/Gra_o_szopie 4.24/Content/ThirdPersonBP/Maps/ThirdPersonExampleMap.umap" TEMPLATE=0 SHOWPROGRESS=1 FEATURELEVEL=3
[2020.04.05-16.31.12:894][  0]LightingResults: New page: Lighting Build
[2020.04.05-16.31.12:901][  0]LogWorld: UWorld::CleanupWorld for Untitled, bSessionEnded=true, bCleanupResources=true
[2020.04.05-16.31.12:901][  0]LogSlate: InvalidateAllWidgets triggered.  All widgets were invalidated
[2020.04.05-16.31.12:901][  0]MapCheck: New page: Map Check
[2020.04.05-16.31.12:901][  0]LightingResults: New page: Lighting Build
[2020.04.05-16.31.12:944][  0]LogUObjectHash: Compacting FUObjectHashTables data took   2.00ms
[2020.04.05-16.31.15:518][  0]LogAIModule: Creating AISystem for world ThirdPersonExampleMap
[2020.04.05-16.31.15:576][  0]LogMaterial: Display: Material /Game/ThirdPersonBP/Camera/Assety/Material_020.Material_020 needed to have new flag set bUsedWithInstancedStaticMeshes !
[2020.04.05-16.31.15:582][  0]LogMaterial: Display: Missing cached shader map for material Material_020, compiling. 
[2020.04.05-16.31.15:648][  0]MapCheck: Warning: Material_020 Material /Game/ThirdPersonBP/Camera/Assety/Material_020.Material_020 was missing the usage flag bUsedWithInstancedStaticMeshes. If the material asset is not re-saved, it may not render correctly when run outside the editor. Fix
[2020.04.05-16.31.16:011][  0]LogShaderCompilers: Display: Worker (1/13): shaders left to compile 29
[2020.04.05-16.31.16:011][  0]LogShaderCompilers: Display: Worker (2/13): shaders left to compile 26
[2020.04.05-16.31.16:011][  0]LogShaderCompilers: Display: Worker (3/13): shaders left to compile 23
[2020.04.05-16.31.16:011][  0]LogShaderCompilers: Display: Worker (4/13): shaders left to compile 20
[2020.04.05-16.31.16:011][  0]LogShaderCompilers: Display: Worker (5/13): shaders left to compile 17
[2020.04.05-16.31.16:011][  0]LogShaderCompilers: Display: Worker (6/13): shaders left to compile 14
[2020.04.05-16.31.16:011][  0]LogShaderCompilers: Display: Worker (7/13): shaders left to compile 11
[2020.04.05-16.31.16:011][  0]LogShaderCompilers: Display: Worker (8/13): shaders left to compile 8
[2020.04.05-16.31.16:011][  0]LogShaderCompilers: Display: Worker (9/13): shaders left to compile 5
[2020.04.05-16.31.16:011][  0]LogShaderCompilers: Display: Worker (10/13): shaders left to compile 2
[2020.04.05-16.31.16:011][  0]LogMaterial: Display: Material /Game/StarterContent/Materials/M_Tech_Hex_Tile_Pulse.M_Tech_Hex_Tile_Pulse needed to have new flag set bUsedWithSkeletalMesh !
[2020.04.05-16.31.16:018][  0]LogMaterial: Display: Missing cached shader map for material M_Tech_Hex_Tile_Pulse, compiling. 
[2020.04.05-16.31.16:079][  0]MapCheck: Warning: M_Tech_Hex_Tile_Pulse Material /Game/StarterContent/Materials/M_Tech_Hex_Tile_Pulse.M_Tech_Hex_Tile_Pulse was missing the usage flag bUsedWithSkeletalMesh. If the material asset is not re-saved, it may not render correctly when run outside the editor. Fix
[2020.04.05-16.31.16:210][  0]LogShaderCompilers: Display: Worker (11/13): shaders left to compile 48
[2020.04.05-16.31.16:210][  0]LogShaderCompilers: Display: Worker (12/13): shaders left to compile 44
[2020.04.05-16.31.16:210][  0]LogShaderCompilers: Display: Worker (13/13): shaders left to compile 40
[2020.04.05-16.31.16:210][  0]LogEditorServer: Finished looking for orphan Actors (0.000 secs)
[2020.04.05-16.31.16:314][  0]LogUObjectHash: Compacting FUObjectHashTables data took   4.73ms
[2020.04.05-16.31.16:315][  0]Cmd: MAP CHECKDEP NOCLEARLOG
[2020.04.05-16.31.16:316][  0]MapCheck: Map check complete: 0 Error(s), 2 Warning(s), took 0,498ms to complete.
[2020.04.05-16.31.16:332][  0]LogFileHelpers: Loading map 'ThirdPersonExampleMap' took 3.440
[2020.04.05-16.31.16:577][  0]LogSlate: Updating window title bar state: overlay mode, drag disabled, window buttons hidden, title bar hidden
[2020.04.05-16.31.16:587][  0]LogSlate: Updating window title bar state: overlay mode, drag disabled, window buttons hidden, title bar hidden
[2020.04.05-16.31.16:595][  0]LogSlate: Updating window title bar state: overlay mode, drag disabled, window buttons hidden, title bar hidden
[2020.04.05-16.31.16:603][  0]LogSlate: Updating window title bar state: overlay mode, drag disabled, window buttons hidden, title bar hidden
[2020.04.05-16.31.16:630][  0]LogCollectionManager: Loaded 0 collections in 0.001009 seconds
[2020.04.05-16.31.16:672][  0]LogFileCache: Scanning file cache for directory 'F:/Nowy folder (2)/Gra_o_szopie 4.24/Saved/Collections/' took 0.00s
[2020.04.05-16.31.16:672][  0]LogFileCache: Scanning file cache for directory 'F:/Nowy folder (2)/Gra_o_szopie 4.24/Content/Developers/CtrlArt/Collections/' took 0.00s
[2020.04.05-16.31.16:672][  0]LogFileCache: Scanning file cache for directory 'F:/Nowy folder (2)/Gra_o_szopie 4.24/Content/Collections/' took 0.00s
[2020.04.05-16.31.16:672][  0]LogContentBrowser: Native class hierarchy populated in 0.0116 seconds. Added 3015 classes and 717 folders.
[2020.04.05-16.31.16:687][  0]LogContentBrowser: Native class hierarchy updated for 'WidgetCarousel' in 0.0003 seconds. Added 0 classes and 0 folders.
[2020.04.05-16.31.17:378][  0]LogContentBrowser: Native class hierarchy updated for 'AddContentDialog' in 0.0010 seconds. Added 0 classes and 0 folders.
[2020.04.05-16.31.17:416][  0]LogContentBrowser: Native class hierarchy updated for 'SceneOutliner' in 0.0015 seconds. Added 2 classes and 3 folders.
[2020.04.05-16.31.17:613][  0]LogSlate: Took 0.001990 seconds to synchronously load lazily loaded font '../../../Engine/Content/Slate/Fonts/Roboto-Regular.ttf' (155K)
[2020.04.05-16.31.17:620][  0]LogSlate: Took 0.001918 seconds to synchronously load lazily loaded font '../../../Engine/Content/Slate/Fonts/Roboto-Bold.ttf' (160K)
[2020.04.05-16.31.17:662][  0]LogSlate: Took 0.022495 seconds to synchronously load lazily loaded font '../../../Engine/Content/Editor/Slate/Fonts/FontAwesome.ttf' (139K)
[2020.04.05-16.31.18:226][  0]LogShaderCompilers: Display: Worker (10/13): shaders left to compile 36
[2020.04.05-16.31.18:226][  0]LogRenderer: Reallocating scene render targets to support 1208x572 Format 10 NumSamples 1 (Frame:1).
[2020.04.05-16.31.21:223][  0]LogShaderCompilers: Display: Worker (5/13): shaders left to compile 33
[2020.04.05-16.31.21:223][  0]LogShaderCompilers: Display: Worker (1/13): shaders left to compile 30
[2020.04.05-16.31.21:223][  0]LogShaderCompilers: Display: Worker (6/13): shaders left to compile 27
[2020.04.05-16.31.21:223][  0]LogShaderCompilers: Display: Worker (8/13): shaders left to compile 24
[2020.04.05-16.31.21:223][  0]LogShaderCompilers: Display: Worker (9/13): shaders left to compile 22
[2020.04.05-16.31.21:223][  0]LogShaderCompilers: Display: Worker (4/13): shaders left to compile 20
[2020.04.05-16.31.21:223][  0]LogShaderCompilers: Display: Worker (7/13): shaders left to compile 18
[2020.04.05-16.31.21:223][  0]LogShaderCompilers: Display: Worker (2/13): shaders left to compile 16
[2020.04.05-16.31.21:223][  0]LogShaderCompilers: Display: Worker (3/13): shaders left to compile 14
[2020.04.05-16.31.21:223][  0]LogShaderCompilers: Display: Worker (11/13): shaders left to compile 12
[2020.04.05-16.31.21:247][  0]LogContentBrowser: Native class hierarchy updated for 'HierarchicalLODOutliner' in 0.0006 seconds. Added 0 classes and 0 folders.
[2020.04.05-16.31.21:247][  0]LogLoad: (Engine Initialization) Total time: 28.17 seconds
[2020.04.05-16.31.21:247][  0]LogLoad: (Engine Initialization) Total Blueprint compile time: 0.00 seconds
[2020.04.05-16.31.22:521][  0]LogShaderCompilers: Display: Worker (9/13): shaders left to compile 11
[2020.04.05-16.31.22:521][  0]LogShaderCompilers: Display: Worker (12/13): shaders left to compile 10
[2020.04.05-16.31.22:521][  0]LogShaderCompilers: Display: Worker (4/13): shaders left to compile 9
[2020.04.05-16.31.22:521][  0]LogShaderCompilers: Display: Worker (8/13): shaders left to compile 8
[2020.04.05-16.31.22:521][  0]LogShaderCompilers: Display: Worker (7/13): shaders left to compile 7
[2020.04.05-16.31.22:521][  0]LogShaderCompilers: Display: Worker (10/13): shaders left to compile 6
[2020.04.05-16.31.22:521][  0]LogShaderCompilers: Display: Worker (11/13): shaders left to compile 5
[2020.04.05-16.31.22:521][  0]LogShaderCompilers: Display: Worker (13/13): shaders left to compile 4
[2020.04.05-16.31.22:521][  0]LogContentStreaming: Texture pool size now 1000 MB
[2020.04.05-16.31.22:697][  0]LogSlate: Took 0.020071 seconds to synchronously load lazily loaded font '../../../Engine/Content/Slate/Fonts/Roboto-Light.ttf' (167K)
[2020.04.05-16.31.22:878][  0]LogShaderCompilers: Display: Worker (9/13): shaders left to compile 3
[2020.04.05-16.31.22:938][  1]LogShaderCompilers: Display: Worker (8/13): shaders left to compile 2
[2020.04.05-16.31.22:968][  1]LogShaderCompilers: Display: Worker (2/13): shaders left to compile 1
[2020.04.05-16.31.25:609][ 14]LogAssetRegistry: Asset discovery search completed in 22.3159 seconds
[2020.04.05-16.31.25:613][ 14]LogCollectionManager: Fixed up redirectors for 0 collections in 0.000471 seconds (updated 0 objects)
[2020.04.05-16.31.46:733][253]LogSlate: Took 0.000192 seconds to synchronously load lazily loaded font '../../../Engine/Content/Slate/Fonts/Roboto-Light.ttf' (167K)
[2020.04.05-16.31.46:925][253]LogAssetEditorSubsystem: Opening Asset editor for StaticMesh /Game/ThirdPersonBP/Camera/Assety/flora_Plane_014.flora_Plane_014
[2020.04.05-16.31.47:636][253]LogSlate: Took 0.001334 seconds to synchronously load lazily loaded font '../../../Engine/Content/Slate/Fonts/Roboto-Italic.ttf' (157K)
[2020.04.05-16.31.59:069][272]LogSlate: Window 'flora_Plane_014' being destroyed
[2020.04.05-16.31.59:244][272]LogSlate: Window 'flora_Plane_014' being destroyed
[2020.04.05-16.31.59:262][272]LogWorld: UWorld::CleanupWorld for World_2, bSessionEnded=true, bCleanupResources=true
[2020.04.05-16.31.59:262][272]LogSlate: InvalidateAllWidgets triggered.  All widgets were invalidated
[2020.04.05-16.32.01:652][301]LogAssetEditorSubsystem: Opening Asset editor for StaticMesh /Game/ThirdPersonBP/Camera/Assety/flora_Plane_015.flora_Plane_015
[2020.04.05-16.32.13:544][323]LogSlate: Window 'flora_Plane_015' being destroyed
[2020.04.05-16.32.14:079][323]LogSlate: Window 'flora_Plane_015' being destroyed
[2020.04.05-16.32.14:100][323]LogWorld: UWorld::CleanupWorld for World_3, bSessionEnded=true, bCleanupResources=true
[2020.04.05-16.32.14:100][323]LogSlate: InvalidateAllWidgets triggered.  All widgets were invalidated
[2020.04.05-16.32.16:996][327]LogAssetEditorSubsystem: Opening Asset editor for StaticMesh /Game/ThirdPersonBP/Camera/Assety/flora_Plane_016.flora_Plane_016
[2020.04.05-16.32.36:748][349]LogAssetEditorSubsystem: Opening Asset editor for StaticMesh /Game/ThirdPersonBP/Camera/Assety/flora_Plane_017.flora_Plane_017
[2020.04.05-16.32.47:737][368]LogAssetEditorSubsystem: Opening Asset editor for StaticMesh /Game/ThirdPersonBP/Camera/Assety/flora_Plane_018.flora_Plane_018
[2020.04.05-16.34.06:075][555]LogWorld: UWorld::CleanupWorld for World_5, bSessionEnded=true, bCleanupResources=true
[2020.04.05-16.34.06:083][555]LogSlate: InvalidateAllWidgets triggered.  All widgets were invalidated
[2020.04.05-16.34.08:590][561]LogWorld: UWorld::CleanupWorld for World_6, bSessionEnded=true, bCleanupResources=true
[2020.04.05-16.34.08:590][561]LogSlate: InvalidateAllWidgets triggered.  All widgets were invalidated
[2020.04.05-16.34.19:421][588]LogSlate: Window 'flora_Plane_016' being destroyed
[2020.04.05-16.34.19:782][588]LogSlate: Window 'flora_Plane_016' being destroyed
[2020.04.05-16.34.19:802][588]LogWorld: UWorld::CleanupWorld for World_4, bSessionEnded=true, bCleanupResources=true
[2020.04.05-16.34.19:802][588]LogSlate: InvalidateAllWidgets triggered.  All widgets were invalidated
[2020.04.05-16.34.21:722][596]LogAssetEditorSubsystem: Opening Asset editor for StaticMesh /Game/ThirdPersonBP/Camera/Assety/flora_Plane_019.flora_Plane_019
[2020.04.05-16.34.49:152][655]LogSlate: Window 'flora_Plane_019' being destroyed
[2020.04.05-16.34.49:531][655]LogSlate: Window 'flora_Plane_019' being destroyed
[2020.04.05-16.34.49:549][655]LogWorld: UWorld::CleanupWorld for World_7, bSessionEnded=true, bCleanupResources=true
[2020.04.05-16.34.49:550][655]LogSlate: InvalidateAllWidgets triggered.  All widgets were invalidated
[2020.04.05-16.34.51:050][660]LogAssetEditorSubsystem: Opening Asset editor for StaticMesh /Game/ThirdPersonBP/Camera/Assety/flora_Plane_020.flora_Plane_020
[2020.04.05-16.35.12:654][704]LogSlate: Window 'flora_Plane_020' being destroyed
[2020.04.05-16.35.13:200][704]LogSlate: Window 'flora_Plane_020' being destroyed
[2020.04.05-16.35.13:343][704]LogWorld: UWorld::CleanupWorld for World_8, bSessionEnded=true, bCleanupResources=true
[2020.04.05-16.35.13:349][704]LogSlate: InvalidateAllWidgets triggered.  All widgets were invalidated
[2020.04.05-16.35.16:277][709]LogAssetEditorSubsystem: Opening Asset editor for StaticMesh /Game/ThirdPersonBP/Camera/Assety/flora_Plane.flora_Plane
[2020.04.05-16.35.29:524][734]LogSlate: Window 'flora_Plane' being destroyed
[2020.04.05-16.35.29:988][734]LogSlate: Window 'flora_Plane' being destroyed
[2020.04.05-16.35.30:078][734]LogWorld: UWorld::CleanupWorld for World_9, bSessionEnded=true, bCleanupResources=true
[2020.04.05-16.35.30:082][734]LogSlate: InvalidateAllWidgets triggered.  All widgets were invalidated
[2020.04.05-16.35.42:665][718]LogAssetEditorSubsystem: Opening Asset editor for StaticMesh /Game/ThirdPersonBP/Camera/Assety/flora_Plane_002.flora_Plane_002
[2020.04.05-16.35.51:375][730]LogAssetEditorSubsystem: Opening Asset editor for StaticMesh /Game/ThirdPersonBP/Camera/Assety/flora_Plane_003.flora_Plane_003
[2020.04.05-16.36.00:471][745]LogAssetEditorSubsystem: Opening Asset editor for StaticMesh /Game/ThirdPersonBP/Camera/Assety/flora_Plane_004.flora_Plane_004
[2020.04.05-16.36.10:121][760]LogAssetEditorSubsystem: Opening Asset editor for StaticMesh /Game/ThirdPersonBP/Camera/Assety/flora_Plane_005.flora_Plane_005
[2020.04.05-16.36.19:523][775]LogAssetEditorSubsystem: Opening Asset editor for StaticMesh /Game/ThirdPersonBP/Camera/Assety/flora_Plane_008.flora_Plane_008
[2020.04.05-16.36.32:960][794]LogAssetEditorSubsystem: Opening Asset editor for StaticMesh /Game/ThirdPersonBP/Camera/Assety/flora_Plane_009.flora_Plane_009
[2020.04.05-16.36.48:955][812]LogWindows: Warning: SymLoadModuleExW. Error: 8
[2020.04.05-16.36.48:960][812]LogWindows: Warning: SymLoadModuleExW. Error: 8
[2020.04.05-16.36.48:960][812]LogWindows: Warning: SymLoadModuleExW. Error: 8
[2020.04.05-16.36.48:960][812]LogWindows: Warning: SymLoadModuleExW. Error: 8
[2020.04.05-16.36.48:962][812]LogWindows: Warning: SymLoadModuleExW. Error: 8
[2020.04.05-16.36.48:962][812]LogWindows: Warning: SymLoadModuleExW. Error: 8
[2020.04.05-16.36.48:964][812]LogWindows: Warning: SymLoadModuleExW. Error: 8
[2020.04.05-16.36.48:964][812]LogWindows: Warning: SymLoadModuleExW. Error: 8
[2020.04.05-16.36.48:964][812]LogWindows: Warning: SymLoadModuleExW. Error: 8
[2020.04.05-16.36.48:964][812]LogWindows: Warning: SymLoadModuleExW. Error: 8
[2020.04.05-16.36.48:964][812]LogWindows: Warning: SymLoadModuleExW. Error: 8
[2020.04.05-16.36.48:964][812]LogWindows: Warning: SymLoadModuleExW. Error: 8
[2020.04.05-16.36.48:964][812]LogWindows: Warning: SymLoadModuleExW. Error: 8
[2020.04.05-16.36.48:965][812]LogWindows: Warning: SymLoadModuleExW. Error: 8
[2020.04.05-16.36.48:965][812]LogWindows: Warning: SymLoadModuleExW. Error: 8
[2020.04.05-16.36.48:965][812]LogWindows: Warning: SymLoadModuleExW. Error: 8
[2020.04.05-16.36.48:967][812]LogWindows: Warning: SymLoadModuleExW. Error: 8
[2020.04.05-16.36.48:967][812]LogWindows: Warning: SymLoadModuleExW. Error: 8
[2020.04.05-16.36.48:967][812]LogWindows: Warning: SymLoadModuleExW. Error: 8
[2020.04.05-16.36.48:967][812]LogWindows: Warning: SymLoadModuleExW. Error: 8
[2020.04.05-16.36.48:967][812]LogWindows: Warning: SymLoadModuleExW. Error: 8
[2020.04.05-16.36.48:967][812]LogWindows: Warning: SymLoadModuleExW. Error: 8
[2020.04.05-16.36.48:968][812]LogWindows: Warning: SymLoadModuleExW. Error: 8
[2020.04.05-16.36.48:968][812]LogWindows: Warning: SymLoadModuleExW. Error: 8
[2020.04.05-16.36.48:968][812]LogWindows: Warning: SymLoadModuleExW. Error: 8
[2020.04.05-16.36.48:970][812]LogWindows: Warning: SymLoadModuleExW. Error: 8
[2020.04.05-16.36.48:970][812]LogWindows: Warning: SymLoadModuleExW. Error: 8
[2020.04.05-16.36.48:970][812]LogWindows: Warning: SymLoadModuleExW. Error: 8
[2020.04.05-16.36.48:970][812]LogWindows: Warning: SymLoadModuleExW. Error: 8
[2020.04.05-16.36.48:970][812]LogWindows: Warning: SymLoadModuleExW. Error: 8
[2020.04.05-16.36.48:970][812]LogWindows: Warning: SymLoadModuleExW. Error: 8
[2020.04.05-16.36.48:971][812]LogWindows: Warning: SymLoadModuleExW. Error: 8
[2020.04.05-16.36.48:971][812]LogWindows: Warning: SymLoadModuleExW. Error: 8
[2020.04.05-16.36.48:971][812]LogWindows: Warning: SymLoadModuleExW. Error: 8
[2020.04.05-16.36.48:972][812]LogWindows: Warning: SymLoadModuleExW. Error: 8
[2020.04.05-16.36.48:972][812]LogWindows: Warning: SymLoadModuleExW. Error: 8
[2020.04.05-16.36.48:974][812]LogWindows: Warning: SymLoadModuleExW. Error: 8
[2020.04.05-16.36.48:974][812]LogWindows: Warning: SymLoadModuleExW. Error: 8
[2020.04.05-16.36.48:974][812]LogWindows: Warning: SymLoadModuleExW. Error: 8
[2020.04.05-16.36.48:974][812]LogWindows: Warning: SymLoadModuleExW. Error: 8
[2020.04.05-16.36.48:974][812]LogWindows: Warning: SymLoadModuleExW. Error: 8
[2020.04.05-16.36.48:974][812]LogWindows: Warning: SymLoadModuleExW. Error: 8
[2020.04.05-16.36.48:975][812]LogWindows: Warning: SymLoadModuleExW. Error: 8
[2020.04.05-16.36.48:975][812]LogWindows: Warning: SymLoadModuleExW. Error: 8
[2020.04.05-16.36.48:975][812]LogWindows: Warning: SymLoadModuleExW. Error: 8
[2020.04.05-16.36.48:979][812]LogWindows: Warning: SymLoadModuleExW. Error: 8
[2020.04.05-16.36.49:090][812]LogOutputDevice: Warning: 

Script Stack (0 frames):

[2020.04.05-16.36.49:095][812]LogThreadingWindows: Error: === Critical error: ===  Assertion faile
[2020.04.05-16.36.49:095][812]LogWindows: Error: === Critical error: ===
[2020.04.05-16.36.49:095][812]LogWindows: Windows GetLastError: Operacja ukończona pomyślnie. (0)
[2020.04.05-16.36.49:095][812]LogWindows: Error: 
[2020.04.05-16.36.49:095][812]LogWindows: Error: Assertion failed: Result >= 0 [File:D:/Build/++UE4/Sync/Engine/Source/Runtime/RHI/Private/PipelineStateCache.cpp] [Line: 1272] 
[2020.04.05-16.36.49:095][812]LogWindows: Error: HandleError re-entered.
[2020.04.05-16.36.49:095][812]LogWindows: Error: 
[2020.04.05-16.36.49:095][812]LogWindows: Error: 
[2020.04.05-16.36.49:095][812]LogWindows: Error: 
[2020.04.05-16.36.49:095][812]LogWindows: Error: 
[2020.04.05-16.36.49:095][812]LogWindows: Error: Crash in runnable thread RenderThread 23
[2020.04.05-16.36.49:096][812]LogWindows: FPlatformMisc::RequestExit(1)
[2020.04.05-16.36.49:108][812]LogCore: Engine exit requested (reason: Win RequestExit)
[2020.04.05-16.36.49:128][812]Log file closed, 04/05/20 18:36:49
