Log file open, 04/05/20 20:05:57
LogWindows: Failed to load 'aqProf.dll' (GetLastError=126)
LogWindows: File 'aqProf.dll' does not exist
LogWindows: Failed to load 'VtuneApi.dll' (GetLastError=126)
LogWindows: File 'VtuneApi.dll' does not exist
LogWindows: Failed to load 'VtuneApi32e.dll' (GetLastError=126)
LogWindows: File 'VtuneApi32e.dll' does not exist
LogConsoleResponse: Display: Failed to find resolution value strings in scalability ini. Falling back to default.
LogInit: Display: Running engine for game: Gra_o_szopie
LogPlatformFile: Not using cached read wrapper
LogTaskGraph: Started task graph with 5 named threads and 17 total threads with 3 sets of task threads.
LogStats: Stats thread started at 10.123450
LogD3D11RHI: Loaded GFSDK_Aftermath_Lib.x64.dll
LogICUInternationalization: ICU TimeZone Detection - Raw Offset: +1:00, Platform Override: ''
LogPluginManager: Mounting plugin Paper2D
LogPluginManager: Mounting plugin AISupport
LogPluginManager: Mounting plugin LightPropagationVolume
LogPluginManager: Mounting plugin ActorLayerUtilities
LogPluginManager: Mounting plugin AnimationSharing
LogPluginManager: Mounting plugin CLionSourceCodeAccess
LogPluginManager: Mounting plugin CodeLiteSourceCodeAccess
LogPluginManager: Mounting plugin GitSourceControl
LogPluginManager: Mounting plugin KDevelopSourceCodeAccess
LogPluginManager: Mounting plugin NullSourceCodeAccess
LogPluginManager: Mounting plugin PerforceSourceControl
LogPluginManager: Mounting plugin PlasticSourceControl
LogPluginManager: Mounting plugin SubversionSourceControl
LogPluginManager: Mounting plugin UObjectPlugin
LogPluginManager: Mounting plugin VisualStudioCodeSourceCodeAccess
LogPluginManager: Mounting plugin VisualStudioSourceCodeAccess
LogPluginManager: Mounting plugin XCodeSourceCodeAccess
LogPluginManager: Mounting plugin AssetManagerEditor
LogPluginManager: Mounting plugin CryptoKeys
LogPluginManager: Mounting plugin CurveEditorTools
LogPluginManager: Mounting plugin DataValidation
LogPluginManager: Mounting plugin FacialAnimation
LogPluginManager: Mounting plugin GameplayTagsEditor
LogPluginManager: Mounting plugin MacGraphicsSwitching
LogPluginManager: Mounting plugin MaterialAnalyzer
LogPluginManager: Mounting plugin MobileLauncherProfileWizard
LogPluginManager: Mounting plugin PluginBrowser
LogPluginManager: Mounting plugin SpeedTreeImporter
LogPluginManager: Mounting plugin DatasmithContent
LogPluginManager: Mounting plugin VariantManagerContent
LogPluginManager: Mounting plugin AlembicImporter
LogPluginManager: Mounting plugin AutomationUtils
LogPluginManager: Mounting plugin BackChannel
LogPluginManager: Mounting plugin CharacterAI
LogPluginManager: Mounting plugin GeometryCache
LogPluginManager: Mounting plugin PlatformCrypto
LogPluginManager: Mounting plugin ProxyLODPlugin
LogPluginManager: Mounting plugin SkeletalReduction
LogPluginManager: Mounting plugin MagicLeap
LogPluginManager: Mounting plugin MagicLeapMedia
LogPluginManager: Mounting plugin MLSDK
LogPluginManager: Mounting plugin AndroidMedia
LogPluginManager: Mounting plugin AvfMedia
LogPluginManager: Mounting plugin ImgMedia
LogPluginManager: Mounting plugin MediaCompositing
LogPluginManager: Mounting plugin MediaPlayerEditor
LogPluginManager: Mounting plugin WebMMedia
LogPluginManager: Mounting plugin WmfMedia
LogPluginManager: Mounting plugin TcpMessaging
LogPluginManager: Mounting plugin UdpMessaging
LogPluginManager: Mounting plugin ActorSequence
LogPluginManager: Mounting plugin LevelSequenceEditor
LogPluginManager: Mounting plugin MatineeToLevelSequence
LogPluginManager: Mounting plugin NetcodeUnitTest
LogPluginManager: Mounting plugin NUTUnrealEngine4
LogPluginManager: Mounting plugin OnlineSubsystemGooglePlay
LogPluginManager: Mounting plugin OnlineSubsystemIOS
LogPluginManager: Mounting plugin OnlineSubsystem
LogPluginManager: Mounting plugin OnlineSubsystemNull
LogPluginManager: Mounting plugin OnlineSubsystemUtils
LogPluginManager: Mounting plugin LauncherChunkInstaller
LogPluginManager: Mounting plugin AndroidDeviceProfileSelector
LogPluginManager: Mounting plugin AndroidMoviePlayer
LogPluginManager: Mounting plugin AndroidPermission
LogPluginManager: Mounting plugin AppleImageUtils
LogPluginManager: Mounting plugin AppleMoviePlayer
LogPluginManager: Mounting plugin ArchVisCharacter
LogPluginManager: Mounting plugin AssetTags
LogPluginManager: Mounting plugin AudioCapture
LogPluginManager: Mounting plugin CableComponent
LogPluginManager: Mounting plugin CustomMeshComponent
LogPluginManager: Mounting plugin EditableMesh
LogPluginManager: Mounting plugin ExampleDeviceProfileSelector
LogPluginManager: Mounting plugin GoogleCloudMessaging
LogPluginManager: Mounting plugin IOSDeviceProfileSelector
LogPluginManager: Mounting plugin LinuxDeviceProfileSelector
LogPluginManager: Mounting plugin LocationServicesBPLibrary
LogPluginManager: Mounting plugin MobilePatchingUtils
LogPluginManager: Mounting plugin OculusVR
LogPluginManager: Mounting plugin PhysXVehicles
LogPluginManager: Mounting plugin PostSplashScreen
LogPluginManager: Mounting plugin ProceduralMeshComponent
LogPluginManager: Mounting plugin RuntimePhysXCooking
LogPluginManager: Mounting plugin SignificanceManager
LogPluginManager: Mounting plugin SteamVR
LogPluginManager: Mounting plugin WebMMoviePlayer
LogPluginManager: Mounting plugin WindowsMoviePlayer
LogPluginManager: Mounting plugin ScreenshotTools
LogInit: Using libcurl 7.55.1-DEV
LogInit:  - built for x86_64-pc-win32
LogInit:  - supports SSL with OpenSSL/1.1.1
LogInit:  - supports HTTP deflate (compression) using libz 1.2.8
LogInit:  - other features:
LogInit:      CURL_VERSION_SSL
LogInit:      CURL_VERSION_LIBZ
LogInit:      CURL_VERSION_IPV6
LogInit:      CURL_VERSION_ASYNCHDNS
LogInit:      CURL_VERSION_LARGEFILE
LogInit:      CURL_VERSION_IDN
LogInit:  CurlRequestOptions (configurable via config and command line):
LogInit:  - bVerifyPeer = true  - Libcurl will verify peer certificate
LogInit:  - bUseHttpProxy = false  - Libcurl will NOT use HTTP proxy
LogInit:  - bDontReuseConnections = false  - Libcurl will reuse connections
LogInit:  - MaxHostConnections = 16  - Libcurl will limit the number of connections to a host
LogInit:  - LocalHostAddr = Default
LogInit:  - BufferSize = 65536
LogOnline: OSS: Creating online subsystem instance for: NULL
LogInit: WinSock: version 1.1 (2.2), MaxSocks=32767, MaxUdp=65467
LogOnline: OSS: TryLoadSubsystemAndSetDefault: Loaded subsystem for module [NULL]
LogInit: Build: ++UE4+Release-4.24-CL-11590370
LogInit: Engine Version: 4.24.3-11590370+++UE4+Release-4.24
LogInit: Compatible Engine Version: 4.24.0-10570792+++UE4+Release-4.24
LogInit: Net CL: 10570792
LogInit: OS: Windows 10 (Release 1909) (), CPU: AMD FX(tm)-6300 Six-Core Processor             , GPU: NVIDIA GeForce GTX 750 Ti
LogInit: Compiled (64-bit): Feb 24 2020 15:39:18
LogInit: Compiled with Visual C++: 19.16.27032.01
LogInit: Build Configuration: Development
LogInit: Branch Name: ++UE4+Release-4.24
LogInit: Command Line: 
LogInit: Base Directory: D:/UE_4.24/Engine/Binaries/Win64/
LogInit: Installed Engine Build: 1
LogDevObjectVersion: Number of dev versions registered: 25
LogDevObjectVersion:   Dev-Blueprints (B0D832E4-1F89-4F0D-ACCF-7EB736FD4AA2): 10
LogDevObjectVersion:   Dev-Build (E1C64328-A22C-4D53-A36C-8E866417BD8C): 0
LogDevObjectVersion:   Dev-Core (375EC13C-06E4-48FB-B500-84F0262A717E): 3
LogDevObjectVersion:   Dev-Editor (E4B068ED-F494-42E9-A231-DA0B2E46BB41): 37
LogDevObjectVersion:   Dev-Framework (CFFC743F-43B0-4480-9391-14DF171D2073): 36
LogDevObjectVersion:   Dev-Mobile (B02B49B5-BB20-44E9-A304-32B752E40360): 2
LogDevObjectVersion:   Dev-Networking (A4E4105C-59A1-49B5-A7C5-40C4547EDFEE): 0
LogDevObjectVersion:   Dev-Online (39C831C9-5AE6-47DC-9A44-9C173E1C8E7C): 0
LogDevObjectVersion:   Dev-Physics (78F01B33-EBEA-4F98-B9B4-84EACCB95AA2): 2
LogDevObjectVersion:   Dev-Platform (6631380F-2D4D-43E0-8009-CF276956A95A): 0
LogDevObjectVersion:   Dev-Rendering (12F88B9F-8875-4AFC-A67C-D90C383ABD29): 36
LogDevObjectVersion:   Dev-Sequencer (7B5AE74C-D270-4C10-A958-57980B212A5A): 11
LogDevObjectVersion:   Dev-VR (D7296918-1DD6-4BDD-9DE2-64A83CC13884): 2
LogDevObjectVersion:   Dev-LoadTimes (C2A15278-BFE7-4AFE-6C17-90FF531DF755): 1
LogDevObjectVersion:   Private-Geometry (6EACA3D4-40EC-4CC1-B786-8BED09428FC5): 3
LogDevObjectVersion:   Dev-AnimPhys (29E575DD-E0A3-4627-9D10-D276232CDCEA): 17
LogDevObjectVersion:   Dev-Anim (AF43A65D-7FD3-4947-9873-3E8ED9C1BB05): 2
LogDevObjectVersion:   Dev-ReflectionCapture (6B266CEC-1EC7-4B8F-A30B-E4D90942FC07): 1
LogDevObjectVersion:   Dev-Automation (0DF73D61-A23F-47EA-B727-89E90C41499A): 1
LogDevObjectVersion:   FortniteMain (601D1886-AC64-4F84-AA16-D3DE0DEAC7D6): 31
LogDevObjectVersion:   Dev-Enterprise (9DFFBCD6-494F-0158-E221-12823C92A888): 8
LogDevObjectVersion:   Dev-Niagara (F2AED0AC-9AFE-416F-8664-AA7FFA26D6FC): 1
LogDevObjectVersion:   Dev-Destruction (174F1F0B-B4C6-45A5-B13F-2EE8D0FB917D): 9
LogDevObjectVersion:   Dev-Physics-Ext (35F94A83-E258-406C-A318-09F59610247C): 8
LogDevObjectVersion:   Dev-CineCamera (B2E18506-4273-CFC2-A54E-F4BB758BBA07): 1
LogInit: Presizing for max 25165824 objects, including 0 objects not considered by GC, pre-allocating 0 bytes for permanent pool.
LogInit: Object subsystem initialized
LogConfig: Setting CVar [[con.DebugEarlyDefault:1]]
LogConfig: Setting CVar [[r.setres:1280x720]]
[2020.04.05-18.06.01:270][  0]LogConfig: Setting CVar [[r.VSync:0]]
[2020.04.05-18.06.01:270][  0]LogConfig: Setting CVar [[r.RHICmdBypass:0]]
[2020.04.05-18.06.01:271][  0]LogConfig: Applying CVar settings from Section [/Script/Engine.RendererSettings] File [F:/Projekty/Unreal Projects/SzopenHauer/Gra_o_szopie 4.24/Saved/Config/Windows/Engine.ini]
[2020.04.05-18.06.01:271][  0]LogConfig: Setting CVar [[r.GPUCrashDebugging:0]]
[2020.04.05-18.06.01:271][  0]LogConfig: Applying CVar settings from Section [/Script/Engine.RendererOverrideSettings] File [F:/Projekty/Unreal Projects/SzopenHauer/Gra_o_szopie 4.24/Saved/Config/Windows/Engine.ini]
[2020.04.05-18.06.01:271][  0]LogConfig: Applying CVar settings from Section [/Script/Engine.StreamingSettings] File [F:/Projekty/Unreal Projects/SzopenHauer/Gra_o_szopie 4.24/Saved/Config/Windows/Engine.ini]
[2020.04.05-18.06.01:271][  0]LogConfig: Setting CVar [[s.MinBulkDataSizeForAsyncLoading:131072]]
[2020.04.05-18.06.01:271][  0]LogConfig: Setting CVar [[s.AsyncLoadingThreadEnabled:0]]
[2020.04.05-18.06.01:271][  0]LogConfig: Setting CVar [[s.EventDrivenLoaderEnabled:1]]
[2020.04.05-18.06.01:271][  0]LogConfig: Setting CVar [[s.WarnIfTimeLimitExceeded:0]]
[2020.04.05-18.06.01:271][  0]LogConfig: Setting CVar [[s.TimeLimitExceededMultiplier:1.5]]
[2020.04.05-18.06.01:271][  0]LogConfig: Setting CVar [[s.TimeLimitExceededMinTime:0.005]]
[2020.04.05-18.06.01:271][  0]LogConfig: Setting CVar [[s.UseBackgroundLevelStreaming:1]]
[2020.04.05-18.06.01:271][  0]LogConfig: Setting CVar [[s.PriorityAsyncLoadingExtraTime:15.0]]
[2020.04.05-18.06.01:271][  0]LogConfig: Setting CVar [[s.LevelStreamingActorsUpdateTimeLimit:5.0]]
[2020.04.05-18.06.01:271][  0]LogConfig: Setting CVar [[s.PriorityLevelStreamingActorsUpdateExtraTime:5.0]]
[2020.04.05-18.06.01:271][  0]LogConfig: Setting CVar [[s.LevelStreamingComponentsRegistrationGranularity:10]]
[2020.04.05-18.06.01:271][  0]LogConfig: Setting CVar [[s.UnregisterComponentsTimeLimit:1.0]]
[2020.04.05-18.06.01:271][  0]LogConfig: Setting CVar [[s.LevelStreamingComponentsUnregistrationGranularity:5]]
[2020.04.05-18.06.01:271][  0]LogConfig: Setting CVar [[s.FlushStreamingOnExit:1]]
[2020.04.05-18.06.01:271][  0]LogConfig: Applying CVar settings from Section [/Script/Engine.GarbageCollectionSettings] File [F:/Projekty/Unreal Projects/SzopenHauer/Gra_o_szopie 4.24/Saved/Config/Windows/Engine.ini]
[2020.04.05-18.06.01:271][  0]LogConfig: Setting CVar [[gc.MaxObjectsNotConsideredByGC:1]]
[2020.04.05-18.06.01:271][  0]LogConfig: Setting CVar [[gc.SizeOfPermanentObjectPool:0]]
[2020.04.05-18.06.01:271][  0]LogConfig: Setting CVar [[gc.FlushStreamingOnGC:0]]
[2020.04.05-18.06.01:271][  0]LogConfig: Setting CVar [[gc.NumRetriesBeforeForcingGC:10]]
[2020.04.05-18.06.01:271][  0]LogConfig: Setting CVar [[gc.AllowParallelGC:1]]
[2020.04.05-18.06.01:271][  0]LogConfig: Setting CVar [[gc.TimeBetweenPurgingPendingKillObjects:61.1]]
[2020.04.05-18.06.01:271][  0]LogConfig: Setting CVar [[gc.MaxObjectsInEditor:25165824]]
[2020.04.05-18.06.01:271][  0]LogConfig: Setting CVar [[gc.IncrementalBeginDestroyEnabled:1]]
[2020.04.05-18.06.01:271][  0]LogConfig: Setting CVar [[gc.CreateGCClusters:1]]
[2020.04.05-18.06.01:271][  0]LogConfig: Setting CVar [[gc.MinGCClusterSize:5]]
[2020.04.05-18.06.01:272][  0]LogConfig: Setting CVar [[gc.ActorClusteringEnabled:0]]
[2020.04.05-18.06.01:272][  0]LogConfig: Setting CVar [[gc.BlueprintClusteringEnabled:0]]
[2020.04.05-18.06.01:272][  0]LogConfig: Setting CVar [[gc.UseDisregardForGCOnDedicatedServers:0]]
[2020.04.05-18.06.01:272][  0]LogConfig: Applying CVar settings from Section [/Script/Engine.NetworkSettings] File [F:/Projekty/Unreal Projects/SzopenHauer/Gra_o_szopie 4.24/Saved/Config/Windows/Engine.ini]
[2020.04.05-18.06.01:272][  0]LogConfig: Applying CVar settings from Section [/Script/UnrealEd.CookerSettings] File [F:/Projekty/Unreal Projects/SzopenHauer/Gra_o_szopie 4.24/Saved/Config/Windows/Engine.ini]
[2020.04.05-18.06.01:343][  0]LogConfig: Applying CVar settings from Section [ViewDistanceQuality@3] File [F:/Projekty/Unreal Projects/SzopenHauer/Gra_o_szopie 4.24/Saved/Config/Windows/Scalability.ini]
[2020.04.05-18.06.01:343][  0]LogConfig: Setting CVar [[r.SkeletalMeshLODBias:0]]
[2020.04.05-18.06.01:343][  0]LogConfig: Setting CVar [[r.ViewDistanceScale:1.0]]
[2020.04.05-18.06.01:343][  0]LogConfig: Applying CVar settings from Section [AntiAliasingQuality@3] File [F:/Projekty/Unreal Projects/SzopenHauer/Gra_o_szopie 4.24/Saved/Config/Windows/Scalability.ini]
[2020.04.05-18.06.01:343][  0]LogConfig: Setting CVar [[r.PostProcessAAQuality:4]]
[2020.04.05-18.06.01:343][  0]LogConfig: Applying CVar settings from Section [ShadowQuality@3] File [F:/Projekty/Unreal Projects/SzopenHauer/Gra_o_szopie 4.24/Saved/Config/Windows/Scalability.ini]
[2020.04.05-18.06.01:343][  0]LogConfig: Setting CVar [[r.LightFunctionQuality:1]]
[2020.04.05-18.06.01:343][  0]LogConfig: Setting CVar [[r.ShadowQuality:5]]
[2020.04.05-18.06.01:343][  0]LogConfig: Setting CVar [[r.Shadow.CSM.MaxCascades:10]]
[2020.04.05-18.06.01:343][  0]LogConfig: Setting CVar [[r.Shadow.MaxResolution:2048]]
[2020.04.05-18.06.01:343][  0]LogConfig: Setting CVar [[r.Shadow.MaxCSMResolution:2048]]
[2020.04.05-18.06.01:343][  0]LogConfig: Setting CVar [[r.Shadow.RadiusThreshold:0.01]]
[2020.04.05-18.06.01:344][  0]LogConfig: Setting CVar [[r.Shadow.DistanceScale:1.0]]
[2020.04.05-18.06.01:344][  0]LogConfig: Setting CVar [[r.Shadow.CSM.TransitionScale:1.0]]
[2020.04.05-18.06.01:344][  0]LogConfig: Setting CVar [[r.Shadow.PreShadowResolutionFactor:1.0]]
[2020.04.05-18.06.01:344][  0]LogConfig: Setting CVar [[r.DistanceFieldShadowing:1]]
[2020.04.05-18.06.01:344][  0]LogConfig: Setting CVar [[r.DistanceFieldAO:1]]
[2020.04.05-18.06.01:344][  0]LogConfig: Setting CVar [[r.AOQuality:2]]
[2020.04.05-18.06.01:344][  0]LogConfig: Setting CVar [[r.VolumetricFog:1]]
[2020.04.05-18.06.01:344][  0]LogConfig: Setting CVar [[r.VolumetricFog.GridPixelSize:8]]
[2020.04.05-18.06.01:344][  0]LogConfig: Setting CVar [[r.VolumetricFog.GridSizeZ:128]]
[2020.04.05-18.06.01:344][  0]LogConfig: Setting CVar [[r.VolumetricFog.HistoryMissSupersampleCount:4]]
[2020.04.05-18.06.01:344][  0]LogConfig: Setting CVar [[r.LightMaxDrawDistanceScale:1]]
[2020.04.05-18.06.01:344][  0]LogConfig: Setting CVar [[r.CapsuleShadows:1]]
[2020.04.05-18.06.01:344][  0]LogConfig: Applying CVar settings from Section [PostProcessQuality@3] File [F:/Projekty/Unreal Projects/SzopenHauer/Gra_o_szopie 4.24/Saved/Config/Windows/Scalability.ini]
[2020.04.05-18.06.01:344][  0]LogConfig: Setting CVar [[r.MotionBlurQuality:4]]
[2020.04.05-18.06.01:344][  0]LogConfig: Setting CVar [[r.AmbientOcclusionMipLevelFactor:0.4]]
[2020.04.05-18.06.01:344][  0]LogConfig: Setting CVar [[r.AmbientOcclusionMaxQuality:100]]
[2020.04.05-18.06.01:344][  0]LogConfig: Setting CVar [[r.AmbientOcclusionLevels:-1]]
[2020.04.05-18.06.01:344][  0]LogConfig: Setting CVar [[r.AmbientOcclusionRadiusScale:1.0]]
[2020.04.05-18.06.01:345][  0]LogConfig: Setting CVar [[r.DepthOfFieldQuality:2]]
[2020.04.05-18.06.01:345][  0]LogConfig: Setting CVar [[r.RenderTargetPoolMin:400]]
[2020.04.05-18.06.01:345][  0]LogConfig: Setting CVar [[r.LensFlareQuality:2]]
[2020.04.05-18.06.01:345][  0]LogConfig: Setting CVar [[r.SceneColorFringeQuality:1]]
[2020.04.05-18.06.01:345][  0]LogConfig: Setting CVar [[r.EyeAdaptationQuality:2]]
[2020.04.05-18.06.01:345][  0]LogConfig: Setting CVar [[r.BloomQuality:5]]
[2020.04.05-18.06.01:345][  0]LogConfig: Setting CVar [[r.FastBlurThreshold:100]]
[2020.04.05-18.06.01:345][  0]LogConfig: Setting CVar [[r.Upscale.Quality:3]]
[2020.04.05-18.06.01:345][  0]LogConfig: Setting CVar [[r.Tonemapper.GrainQuantization:1]]
[2020.04.05-18.06.01:345][  0]LogConfig: Setting CVar [[r.LightShaftQuality:1]]
[2020.04.05-18.06.01:345][  0]LogConfig: Setting CVar [[r.Filter.SizeScale:1]]
[2020.04.05-18.06.01:345][  0]LogConfig: Setting CVar [[r.Tonemapper.Quality:5]]
[2020.04.05-18.06.01:345][  0]LogConfig: Setting CVar [[r.DOF.Gather.AccumulatorQuality:1        ; higher gathering accumulator quality]]
[2020.04.05-18.06.01:345][  0]LogConfig: Setting CVar [[r.DOF.Gather.PostfilterMethod:1          ; Median3x3 postfilering method]]
[2020.04.05-18.06.01:345][  0]LogConfig: Setting CVar [[r.DOF.Gather.EnableBokehSettings:0       ; no bokeh simulation when gathering]]
[2020.04.05-18.06.01:345][  0]LogConfig: Setting CVar [[r.DOF.Gather.RingCount:4                 ; medium number of samples when gathering]]
[2020.04.05-18.06.01:345][  0]LogConfig: Setting CVar [[r.DOF.Scatter.ForegroundCompositing:1    ; additive foreground scattering]]
[2020.04.05-18.06.01:345][  0]LogConfig: Setting CVar [[r.DOF.Scatter.BackgroundCompositing:2    ; additive background scattering]]
[2020.04.05-18.06.01:346][  0]LogConfig: Setting CVar [[r.DOF.Scatter.EnableBokehSettings:1      ; bokeh simulation when scattering]]
[2020.04.05-18.06.01:346][  0]LogConfig: Setting CVar [[r.DOF.Scatter.MaxSpriteRatio:0.1         ; only a maximum of 10% of scattered bokeh]]
[2020.04.05-18.06.01:346][  0]LogConfig: Setting CVar [[r.DOF.Recombine.Quality:1                ; cheap slight out of focus]]
[2020.04.05-18.06.01:346][  0]LogConfig: Setting CVar [[r.DOF.Recombine.EnableBokehSettings:0    ; no bokeh simulation on slight out of focus]]
[2020.04.05-18.06.01:346][  0]LogConfig: Setting CVar [[r.DOF.TemporalAAQuality:1                ; more stable temporal accumulation]]
[2020.04.05-18.06.01:346][  0]LogConfig: Setting CVar [[r.DOF.Kernel.MaxForegroundRadius:0.025]]
[2020.04.05-18.06.01:346][  0]LogConfig: Setting CVar [[r.DOF.Kernel.MaxBackgroundRadius:0.025]]
[2020.04.05-18.06.01:346][  0]LogConfig: Applying CVar settings from Section [TextureQuality@3] File [F:/Projekty/Unreal Projects/SzopenHauer/Gra_o_szopie 4.24/Saved/Config/Windows/Scalability.ini]
[2020.04.05-18.06.01:346][  0]LogConfig: Setting CVar [[r.Streaming.MipBias:0]]
[2020.04.05-18.06.01:346][  0]LogConfig: Setting CVar [[r.Streaming.AmortizeCPUToGPUCopy:0]]
[2020.04.05-18.06.01:346][  0]LogConfig: Setting CVar [[r.Streaming.MaxNumTexturesToStreamPerFrame:0]]
[2020.04.05-18.06.01:346][  0]LogConfig: Setting CVar [[r.Streaming.Boost:1]]
[2020.04.05-18.06.01:346][  0]LogConfig: Setting CVar [[r.MaxAnisotropy:8]]
[2020.04.05-18.06.01:346][  0]LogConfig: Setting CVar [[r.VT.MaxAnisotropy:8]]
[2020.04.05-18.06.01:346][  0]LogConfig: Setting CVar [[r.Streaming.LimitPoolSizeToVRAM:0]]
[2020.04.05-18.06.01:347][  0]LogConfig: Setting CVar [[r.Streaming.PoolSize:1000]]
[2020.04.05-18.06.01:347][  0]LogConfig: Setting CVar [[r.Streaming.MaxEffectiveScreenSize:0]]
[2020.04.05-18.06.01:347][  0]LogConfig: Applying CVar settings from Section [EffectsQuality@3] File [F:/Projekty/Unreal Projects/SzopenHauer/Gra_o_szopie 4.24/Saved/Config/Windows/Scalability.ini]
[2020.04.05-18.06.01:347][  0]LogConfig: Setting CVar [[r.TranslucencyLightingVolumeDim:64]]
[2020.04.05-18.06.01:347][  0]LogConfig: Setting CVar [[r.RefractionQuality:2]]
[2020.04.05-18.06.01:348][  0]LogConfig: Setting CVar [[r.SSR.Quality:3]]
[2020.04.05-18.06.01:348][  0]LogConfig: Setting CVar [[r.SSR.HalfResSceneColor:0]]
[2020.04.05-18.06.01:348][  0]LogConfig: Setting CVar [[r.SceneColorFormat:4]]
[2020.04.05-18.06.01:348][  0]LogConfig: Setting CVar [[r.DetailMode:2]]
[2020.04.05-18.06.01:348][  0]LogConfig: Setting CVar [[r.TranslucencyVolumeBlur:1]]
[2020.04.05-18.06.01:348][  0]LogConfig: Setting CVar [[r.MaterialQualityLevel:1 ; High quality]]
[2020.04.05-18.06.01:348][  0]LogConfig: Setting CVar [[r.SSS.Scale:1]]
[2020.04.05-18.06.01:348][  0]LogConfig: Setting CVar [[r.SSS.SampleSet:2]]
[2020.04.05-18.06.01:348][  0]LogConfig: Setting CVar [[r.SSS.Quality:1]]
[2020.04.05-18.06.01:348][  0]LogConfig: Setting CVar [[r.SSS.HalfRes:1]]
[2020.04.05-18.06.01:348][  0]LogConfig: Setting CVar [[r.SSGI.Quality:3]]
[2020.04.05-18.06.01:348][  0]LogConfig: Setting CVar [[r.EmitterSpawnRateScale:1.0]]
[2020.04.05-18.06.01:348][  0]LogConfig: Setting CVar [[r.ParticleLightQuality:2]]
[2020.04.05-18.06.01:348][  0]LogConfig: Setting CVar [[r.SkyAtmosphere.AerialPerspectiveLUT.FastApplyOnOpaque:1 ; Always have FastSkyLUT 1 in this case to avoid wrong sky]]
[2020.04.05-18.06.01:349][  0]LogConfig: Setting CVar [[r.SkyAtmosphere.AerialPerspectiveLUT.SampleCountPerSlice:1]]
[2020.04.05-18.06.01:349][  0]LogConfig: Setting CVar [[r.SkyAtmosphere.AerialPerspectiveLUT.DepthResolution:16.0]]
[2020.04.05-18.06.01:349][  0]LogConfig: Setting CVar [[r.SkyAtmosphere.FastSkyLUT:1]]
[2020.04.05-18.06.01:349][  0]LogConfig: Setting CVar [[r.SkyAtmosphere.FastSkyLUT.SampleCountMin:4.0]]
[2020.04.05-18.06.01:349][  0]LogConfig: Setting CVar [[r.SkyAtmosphere.FastSkyLUT.SampleCountMax:32.0]]
[2020.04.05-18.06.01:349][  0]LogConfig: Setting CVar [[r.SkyAtmosphere.SampleCountMin:4.0]]
[2020.04.05-18.06.01:349][  0]LogConfig: Setting CVar [[r.SkyAtmosphere.SampleCountMax:32.0]]
[2020.04.05-18.06.01:349][  0]LogConfig: Setting CVar [[r.SkyAtmosphere.TransmittanceLUT.UseSmallFormat:0]]
[2020.04.05-18.06.01:349][  0]LogConfig: Setting CVar [[r.SkyAtmosphere.TransmittanceLUT.SampleCount:10.0]]
[2020.04.05-18.06.01:349][  0]LogConfig: Setting CVar [[r.SkyAtmosphere.MultiScatteringLUT.SampleCount:15.0]]
[2020.04.05-18.06.01:349][  0]LogConfig: Applying CVar settings from Section [FoliageQuality@3] File [F:/Projekty/Unreal Projects/SzopenHauer/Gra_o_szopie 4.24/Saved/Config/Windows/Scalability.ini]
[2020.04.05-18.06.01:349][  0]LogConfig: Setting CVar [[foliage.DensityScale:1.0]]
[2020.04.05-18.06.01:349][  0]LogConfig: Setting CVar [[grass.DensityScale:1.0]]
[2020.04.05-18.06.01:349][  0]LogConfig: Applying CVar settings from Section [ShadingQuality@3] File [F:/Projekty/Unreal Projects/SzopenHauer/Gra_o_szopie 4.24/Saved/Config/Windows/Scalability.ini]
[2020.04.05-18.06.01:349][  0]LogConfig: Setting CVar [[r.HairStrands.SkyLighting.SampleCount:16]]
[2020.04.05-18.06.01:349][  0]LogConfig: Setting CVar [[r.HairStrands.SkyLighting.JitterIntegration:0]]
[2020.04.05-18.06.01:350][  0]LogConfig: Setting CVar [[r.HairStrands.SkyAO.SampleCount:16]]
[2020.04.05-18.06.01:353][  0]LogInit: Selected Device Profile: [Windows]
[2020.04.05-18.06.01:354][  0]LogInit: Applying CVar settings loaded from the selected device profile: [Windows]
[2020.04.05-18.06.01:387][  0]LogHAL: Display: Platform has ~ 8 GB [8535764992 / 8589934592 / 8], which maps to Default [LargestMinGB=32, LargerMinGB=12, DefaultMinGB=8, SmallerMinGB=6, SmallestMinGB=0)
[2020.04.05-18.06.01:387][  0]LogInit: Going up to parent DeviceProfile []
[2020.04.05-18.06.01:387][  0]LogConfig: Applying CVar settings from Section [ViewDistanceQuality@3] File [F:/Projekty/Unreal Projects/SzopenHauer/Gra_o_szopie 4.24/Saved/Config/Windows/Scalability.ini]
[2020.04.05-18.06.01:387][  0]LogConfig: Setting CVar [[r.SkeletalMeshLODBias:0]]
[2020.04.05-18.06.01:387][  0]LogConfig: Setting CVar [[r.ViewDistanceScale:1.0]]
[2020.04.05-18.06.01:387][  0]LogConfig: Applying CVar settings from Section [AntiAliasingQuality@3] File [F:/Projekty/Unreal Projects/SzopenHauer/Gra_o_szopie 4.24/Saved/Config/Windows/Scalability.ini]
[2020.04.05-18.06.01:387][  0]LogConfig: Setting CVar [[r.PostProcessAAQuality:4]]
[2020.04.05-18.06.01:387][  0]LogConfig: Applying CVar settings from Section [ShadowQuality@3] File [F:/Projekty/Unreal Projects/SzopenHauer/Gra_o_szopie 4.24/Saved/Config/Windows/Scalability.ini]
[2020.04.05-18.06.01:387][  0]LogConfig: Setting CVar [[r.LightFunctionQuality:1]]
[2020.04.05-18.06.01:388][  0]LogConfig: Setting CVar [[r.ShadowQuality:5]]
[2020.04.05-18.06.01:388][  0]LogConfig: Setting CVar [[r.Shadow.CSM.MaxCascades:10]]
[2020.04.05-18.06.01:388][  0]LogConfig: Setting CVar [[r.Shadow.MaxResolution:2048]]
[2020.04.05-18.06.01:388][  0]LogConfig: Setting CVar [[r.Shadow.MaxCSMResolution:2048]]
[2020.04.05-18.06.01:388][  0]LogConfig: Setting CVar [[r.Shadow.RadiusThreshold:0.01]]
[2020.04.05-18.06.01:388][  0]LogConfig: Setting CVar [[r.Shadow.DistanceScale:1.0]]
[2020.04.05-18.06.01:388][  0]LogConfig: Setting CVar [[r.Shadow.CSM.TransitionScale:1.0]]
[2020.04.05-18.06.01:388][  0]LogConfig: Setting CVar [[r.Shadow.PreShadowResolutionFactor:1.0]]
[2020.04.05-18.06.01:388][  0]LogConfig: Setting CVar [[r.DistanceFieldShadowing:1]]
[2020.04.05-18.06.01:388][  0]LogConfig: Setting CVar [[r.DistanceFieldAO:1]]
[2020.04.05-18.06.01:388][  0]LogConfig: Setting CVar [[r.AOQuality:2]]
[2020.04.05-18.06.01:388][  0]LogConfig: Setting CVar [[r.VolumetricFog:1]]
[2020.04.05-18.06.01:388][  0]LogConfig: Setting CVar [[r.VolumetricFog.GridPixelSize:8]]
[2020.04.05-18.06.01:388][  0]LogConfig: Setting CVar [[r.VolumetricFog.GridSizeZ:128]]
[2020.04.05-18.06.01:388][  0]LogConfig: Setting CVar [[r.VolumetricFog.HistoryMissSupersampleCount:4]]
[2020.04.05-18.06.01:388][  0]LogConfig: Setting CVar [[r.LightMaxDrawDistanceScale:1]]
[2020.04.05-18.06.01:388][  0]LogConfig: Setting CVar [[r.CapsuleShadows:1]]
[2020.04.05-18.06.01:389][  0]LogConfig: Applying CVar settings from Section [PostProcessQuality@3] File [F:/Projekty/Unreal Projects/SzopenHauer/Gra_o_szopie 4.24/Saved/Config/Windows/Scalability.ini]
[2020.04.05-18.06.01:389][  0]LogConfig: Setting CVar [[r.MotionBlurQuality:4]]
[2020.04.05-18.06.01:389][  0]LogConfig: Setting CVar [[r.AmbientOcclusionMipLevelFactor:0.4]]
[2020.04.05-18.06.01:389][  0]LogConfig: Setting CVar [[r.AmbientOcclusionMaxQuality:100]]
[2020.04.05-18.06.01:389][  0]LogConfig: Setting CVar [[r.AmbientOcclusionLevels:-1]]
[2020.04.05-18.06.01:389][  0]LogConfig: Setting CVar [[r.AmbientOcclusionRadiusScale:1.0]]
[2020.04.05-18.06.01:389][  0]LogConfig: Setting CVar [[r.DepthOfFieldQuality:2]]
[2020.04.05-18.06.01:389][  0]LogConfig: Setting CVar [[r.RenderTargetPoolMin:400]]
[2020.04.05-18.06.01:389][  0]LogConfig: Setting CVar [[r.LensFlareQuality:2]]
[2020.04.05-18.06.01:389][  0]LogConfig: Setting CVar [[r.SceneColorFringeQuality:1]]
[2020.04.05-18.06.01:389][  0]LogConfig: Setting CVar [[r.EyeAdaptationQuality:2]]
[2020.04.05-18.06.01:389][  0]LogConfig: Setting CVar [[r.BloomQuality:5]]
[2020.04.05-18.06.01:389][  0]LogConfig: Setting CVar [[r.FastBlurThreshold:100]]
[2020.04.05-18.06.01:389][  0]LogConfig: Setting CVar [[r.Upscale.Quality:3]]
[2020.04.05-18.06.01:389][  0]LogConfig: Setting CVar [[r.Tonemapper.GrainQuantization:1]]
[2020.04.05-18.06.01:389][  0]LogConfig: Setting CVar [[r.LightShaftQuality:1]]
[2020.04.05-18.06.01:390][  0]LogConfig: Setting CVar [[r.Filter.SizeScale:1]]
[2020.04.05-18.06.01:390][  0]LogConfig: Setting CVar [[r.Tonemapper.Quality:5]]
[2020.04.05-18.06.01:390][  0]LogConfig: Setting CVar [[r.DOF.Gather.AccumulatorQuality:1        ; higher gathering accumulator quality]]
[2020.04.05-18.06.01:390][  0]LogConfig: Setting CVar [[r.DOF.Gather.PostfilterMethod:1          ; Median3x3 postfilering method]]
[2020.04.05-18.06.01:390][  0]LogConfig: Setting CVar [[r.DOF.Gather.EnableBokehSettings:0       ; no bokeh simulation when gathering]]
[2020.04.05-18.06.01:390][  0]LogConfig: Setting CVar [[r.DOF.Gather.RingCount:4                 ; medium number of samples when gathering]]
[2020.04.05-18.06.01:390][  0]LogConfig: Setting CVar [[r.DOF.Scatter.ForegroundCompositing:1    ; additive foreground scattering]]
[2020.04.05-18.06.01:390][  0]LogConfig: Setting CVar [[r.DOF.Scatter.BackgroundCompositing:2    ; additive background scattering]]
[2020.04.05-18.06.01:390][  0]LogConfig: Setting CVar [[r.DOF.Scatter.EnableBokehSettings:1      ; bokeh simulation when scattering]]
[2020.04.05-18.06.01:390][  0]LogConfig: Setting CVar [[r.DOF.Scatter.MaxSpriteRatio:0.1         ; only a maximum of 10% of scattered bokeh]]
[2020.04.05-18.06.01:390][  0]LogConfig: Setting CVar [[r.DOF.Recombine.Quality:1                ; cheap slight out of focus]]
[2020.04.05-18.06.01:390][  0]LogConfig: Setting CVar [[r.DOF.Recombine.EnableBokehSettings:0    ; no bokeh simulation on slight out of focus]]
[2020.04.05-18.06.01:390][  0]LogConfig: Setting CVar [[r.DOF.TemporalAAQuality:1                ; more stable temporal accumulation]]
[2020.04.05-18.06.01:390][  0]LogConfig: Setting CVar [[r.DOF.Kernel.MaxForegroundRadius:0.025]]
[2020.04.05-18.06.01:390][  0]LogConfig: Setting CVar [[r.DOF.Kernel.MaxBackgroundRadius:0.025]]
[2020.04.05-18.06.01:390][  0]LogConfig: Applying CVar settings from Section [TextureQuality@3] File [F:/Projekty/Unreal Projects/SzopenHauer/Gra_o_szopie 4.24/Saved/Config/Windows/Scalability.ini]
[2020.04.05-18.06.01:390][  0]LogConfig: Setting CVar [[r.Streaming.MipBias:0]]
[2020.04.05-18.06.01:391][  0]LogConfig: Setting CVar [[r.Streaming.AmortizeCPUToGPUCopy:0]]
[2020.04.05-18.06.01:391][  0]LogConfig: Setting CVar [[r.Streaming.MaxNumTexturesToStreamPerFrame:0]]
[2020.04.05-18.06.01:391][  0]LogConfig: Setting CVar [[r.Streaming.Boost:1]]
[2020.04.05-18.06.01:391][  0]LogConfig: Setting CVar [[r.MaxAnisotropy:8]]
[2020.04.05-18.06.01:391][  0]LogConfig: Setting CVar [[r.VT.MaxAnisotropy:8]]
[2020.04.05-18.06.01:391][  0]LogConfig: Setting CVar [[r.Streaming.LimitPoolSizeToVRAM:0]]
[2020.04.05-18.06.01:391][  0]LogConfig: Setting CVar [[r.Streaming.PoolSize:1000]]
[2020.04.05-18.06.01:391][  0]LogConfig: Setting CVar [[r.Streaming.MaxEffectiveScreenSize:0]]
[2020.04.05-18.06.01:391][  0]LogConfig: Applying CVar settings from Section [EffectsQuality@3] File [F:/Projekty/Unreal Projects/SzopenHauer/Gra_o_szopie 4.24/Saved/Config/Windows/Scalability.ini]
[2020.04.05-18.06.01:391][  0]LogConfig: Setting CVar [[r.TranslucencyLightingVolumeDim:64]]
[2020.04.05-18.06.01:391][  0]LogConfig: Setting CVar [[r.RefractionQuality:2]]
[2020.04.05-18.06.01:391][  0]LogConfig: Setting CVar [[r.SSR.Quality:3]]
[2020.04.05-18.06.01:391][  0]LogConfig: Setting CVar [[r.SSR.HalfResSceneColor:0]]
[2020.04.05-18.06.01:391][  0]LogConfig: Setting CVar [[r.SceneColorFormat:4]]
[2020.04.05-18.06.01:391][  0]LogConfig: Setting CVar [[r.DetailMode:2]]
[2020.04.05-18.06.01:391][  0]LogConfig: Setting CVar [[r.TranslucencyVolumeBlur:1]]
[2020.04.05-18.06.01:392][  0]LogConfig: Setting CVar [[r.MaterialQualityLevel:1 ; High quality]]
[2020.04.05-18.06.01:392][  0]LogConfig: Setting CVar [[r.SSS.Scale:1]]
[2020.04.05-18.06.01:392][  0]LogConfig: Setting CVar [[r.SSS.SampleSet:2]]
[2020.04.05-18.06.01:392][  0]LogConfig: Setting CVar [[r.SSS.Quality:1]]
[2020.04.05-18.06.01:392][  0]LogConfig: Setting CVar [[r.SSS.HalfRes:1]]
[2020.04.05-18.06.01:392][  0]LogConfig: Setting CVar [[r.SSGI.Quality:3]]
[2020.04.05-18.06.01:392][  0]LogConfig: Setting CVar [[r.EmitterSpawnRateScale:1.0]]
[2020.04.05-18.06.01:392][  0]LogConfig: Setting CVar [[r.ParticleLightQuality:2]]
[2020.04.05-18.06.01:392][  0]LogConfig: Setting CVar [[r.SkyAtmosphere.AerialPerspectiveLUT.FastApplyOnOpaque:1 ; Always have FastSkyLUT 1 in this case to avoid wrong sky]]
[2020.04.05-18.06.01:392][  0]LogConfig: Setting CVar [[r.SkyAtmosphere.AerialPerspectiveLUT.SampleCountPerSlice:1]]
[2020.04.05-18.06.01:392][  0]LogConfig: Setting CVar [[r.SkyAtmosphere.AerialPerspectiveLUT.DepthResolution:16.0]]
[2020.04.05-18.06.01:392][  0]LogConfig: Setting CVar [[r.SkyAtmosphere.FastSkyLUT:1]]
[2020.04.05-18.06.01:392][  0]LogConfig: Setting CVar [[r.SkyAtmosphere.FastSkyLUT.SampleCountMin:4.0]]
[2020.04.05-18.06.01:393][  0]LogConfig: Setting CVar [[r.SkyAtmosphere.FastSkyLUT.SampleCountMax:32.0]]
[2020.04.05-18.06.01:393][  0]LogConfig: Setting CVar [[r.SkyAtmosphere.SampleCountMin:4.0]]
[2020.04.05-18.06.01:393][  0]LogConfig: Setting CVar [[r.SkyAtmosphere.SampleCountMax:32.0]]
[2020.04.05-18.06.01:393][  0]LogConfig: Setting CVar [[r.SkyAtmosphere.TransmittanceLUT.UseSmallFormat:0]]
[2020.04.05-18.06.01:393][  0]LogConfig: Setting CVar [[r.SkyAtmosphere.TransmittanceLUT.SampleCount:10.0]]
[2020.04.05-18.06.01:393][  0]LogConfig: Setting CVar [[r.SkyAtmosphere.MultiScatteringLUT.SampleCount:15.0]]
[2020.04.05-18.06.01:393][  0]LogConfig: Applying CVar settings from Section [FoliageQuality@3] File [F:/Projekty/Unreal Projects/SzopenHauer/Gra_o_szopie 4.24/Saved/Config/Windows/Scalability.ini]
[2020.04.05-18.06.01:393][  0]LogConfig: Setting CVar [[foliage.DensityScale:1.0]]
[2020.04.05-18.06.01:393][  0]LogConfig: Setting CVar [[grass.DensityScale:1.0]]
[2020.04.05-18.06.01:393][  0]LogConfig: Applying CVar settings from Section [ShadingQuality@3] File [F:/Projekty/Unreal Projects/SzopenHauer/Gra_o_szopie 4.24/Saved/Config/Windows/Scalability.ini]
[2020.04.05-18.06.01:393][  0]LogConfig: Setting CVar [[r.HairStrands.SkyLighting.SampleCount:16]]
[2020.04.05-18.06.01:393][  0]LogConfig: Setting CVar [[r.HairStrands.SkyLighting.JitterIntegration:0]]
[2020.04.05-18.06.01:393][  0]LogConfig: Setting CVar [[r.HairStrands.SkyAO.SampleCount:16]]
[2020.04.05-18.06.01:393][  0]LogConfig: Applying CVar settings from Section [Startup] File [../../../Engine/Config/ConsoleVariables.ini]
[2020.04.05-18.06.01:406][  0]LogConfig: Setting CVar [[net.UseAdaptiveNetUpdateFrequency:0]]
[2020.04.05-18.06.01:406][  0]LogConfig: Setting CVar [[p.chaos.AllowCreatePhysxBodies:1]]
[2020.04.05-18.06.01:406][  0]LogConfig: Applying CVar settings from Section [ConsoleVariables] File [F:/Projekty/Unreal Projects/SzopenHauer/Gra_o_szopie 4.24/Saved/Config/Windows/Engine.ini]
[2020.04.05-18.06.01:418][  0]LogInit: Computer: DESKTOP-MODD6G0
[2020.04.05-18.06.01:418][  0]LogInit: User: yahoo
[2020.04.05-18.06.01:418][  0]LogInit: CPU Page size=4096, Cores=3
[2020.04.05-18.06.01:418][  0]LogInit: High frequency timer resolution =10.000000 MHz
[2020.04.05-18.06.01:419][  0]LogMemory: Memory total: Physical=7.9GB (8GB approx)
[2020.04.05-18.06.01:419][  0]LogMemory: Platform Memory Stats for Windows
[2020.04.05-18.06.01:419][  0]LogMemory: Process Physical Memory: 107.39 MB used, 107.39 MB peak
[2020.04.05-18.06.01:419][  0]LogMemory: Process Virtual Memory: 99.94 MB used, 99.94 MB peak
[2020.04.05-18.06.01:419][  0]LogMemory: Physical Memory: 3196.01 MB used,  4944.33 MB free, 8140.34 MB total
[2020.04.05-18.06.01:419][  0]LogMemory: Virtual Memory: 5128.18 MB used,  134212600.00 MB free, 134217728.00 MB total
[2020.04.05-18.06.01:463][  0]LogWindows: WindowsPlatformFeatures enabled
[2020.04.05-18.06.02:623][  0]LogInit: Using OS detected language (pl-PL).
[2020.04.05-18.06.02:624][  0]LogInit: Using OS detected locale (pl-PL).
[2020.04.05-18.06.02:661][  0]LogTextLocalizationManager: No specific localization for 'pl-PL' exists, so the 'pl' localization will be used.
[2020.04.05-18.06.02:661][  0]LogTextLocalizationResource: LocRes '../../../Engine/Content/Localization/Editor/pl/Editor.locres' could not be opened for reading!
[2020.04.05-18.06.02:662][  0]LogTextLocalizationResource: LocRes '../../../Engine/Content/Localization/EditorTutorials/pl/EditorTutorials.locres' could not be opened for reading!
[2020.04.05-18.06.02:662][  0]LogTextLocalizationResource: LocRes '../../../Engine/Content/Localization/Keywords/pl/Keywords.locres' could not be opened for reading!
[2020.04.05-18.06.02:662][  0]LogTextLocalizationResource: LocRes '../../../Engine/Content/Localization/Category/pl/Category.locres' could not be opened for reading!
[2020.04.05-18.06.02:663][  0]LogTextLocalizationResource: LocRes '../../../Engine/Content/Localization/ToolTips/pl/ToolTips.locres' could not be opened for reading!
[2020.04.05-18.06.02:663][  0]LogTextLocalizationResource: LocRes '../../../Engine/Content/Localization/PropertyNames/pl/PropertyNames.locres' could not be opened for reading!
[2020.04.05-18.06.02:663][  0]LogTextLocalizationResource: LocRes '../../../Engine/Content/Localization/Engine/pl/Engine.locres' could not be opened for reading!
[2020.04.05-18.06.02:768][  0]LogInit: Setting process to per monitor DPI aware
[2020.04.05-18.06.03:331][  0]LogSlate: New Slate User Created.  User Index 0, Is Virtual User: 0
[2020.04.05-18.06.03:331][  0]LogSlate: Slate User Registered.  User Index 0, Is Virtual User: 0
[2020.04.05-18.06.04:288][  0]LogHMD: Failed to initialize OpenVR with code 110
[2020.04.05-18.06.04:288][  0]LogD3D11RHI: D3D11 min allowed feature level: 11_0
[2020.04.05-18.06.04:288][  0]LogD3D11RHI: D3D11 max allowed feature level: 11_0
[2020.04.05-18.06.04:288][  0]LogD3D11RHI: D3D11 adapters:
[2020.04.05-18.06.04:588][  0]LogD3D11RHI:    0. 'NVIDIA GeForce GTX 750 Ti' (Feature Level 11_0)
[2020.04.05-18.06.04:588][  0]LogD3D11RHI:       2007/0/4070 MB DedicatedVideo/DedicatedSystem/SharedSystem, Outputs:1, VendorId:0x10de
[2020.04.05-18.06.04:614][  0]LogD3D11RHI:    1. 'Microsoft Basic Render Driver' (Feature Level 11_0)
[2020.04.05-18.06.04:614][  0]LogD3D11RHI:       0/0/4070 MB DedicatedVideo/DedicatedSystem/SharedSystem, Outputs:0, VendorId:0x1414
[2020.04.05-18.06.04:614][  0]LogD3D11RHI: Chosen D3D11 Adapter: 0
[2020.04.05-18.06.04:644][  0]LogD3D11RHI: Creating new Direct3DDevice
[2020.04.05-18.06.04:645][  0]LogD3D11RHI:     GPU DeviceId: 0x1380 (for the marketing name, search the web for "GPU Device Id")
[2020.04.05-18.06.04:645][  0]LogWindows: EnumDisplayDevices:
[2020.04.05-18.06.04:645][  0]LogWindows:    0. 'NVIDIA GeForce GTX 750 Ti' (P:1 D:1)
[2020.04.05-18.06.04:645][  0]LogWindows:    1. 'NVIDIA GeForce GTX 750 Ti' (P:0 D:0)
[2020.04.05-18.06.04:646][  0]LogWindows:    2. 'NVIDIA GeForce GTX 750 Ti' (P:0 D:0)
[2020.04.05-18.06.04:646][  0]LogWindows:    3. 'NVIDIA GeForce GTX 750 Ti' (P:0 D:0)
[2020.04.05-18.06.04:646][  0]LogWindows: DebugString: FoundDriverCount:4 
[2020.04.05-18.06.04:646][  0]LogD3D11RHI:     Adapter Name: NVIDIA GeForce GTX 750 Ti
[2020.04.05-18.06.04:646][  0]LogD3D11RHI:   Driver Version: 445.75 (internal:26.21.14.4575, unified:445.75)
[2020.04.05-18.06.04:646][  0]LogD3D11RHI:      Driver Date: 3-17-2020
[2020.04.05-18.06.04:646][  0]LogRHI: Texture pool is 1405 MB (70% of 2007 MB)
[2020.04.05-18.06.04:789][  0]LogD3D11RHI: RHI has support for 64 bit atomics
[2020.04.05-18.06.04:794][  0]LogD3D11RHI: Async texture creation enabled
[2020.04.05-18.06.05:236][  0]LogD3D11RHI: GPU Timing Frequency: 1000.000000 (Debug: 2 1)
[2020.04.05-18.06.06:934][  0]LogTargetPlatformManager: Display: Loaded TargetPlatform 'AllDesktop'
[2020.04.05-18.06.07:033][  0]LogTargetPlatformManager: Display: Loaded TargetPlatform 'Android'
[2020.04.05-18.06.07:033][  0]LogTargetPlatformManager: Display: Loaded TargetPlatform 'Android_ASTC'
[2020.04.05-18.06.07:033][  0]LogTargetPlatformManager: Display: Loaded TargetPlatform 'Android_ATC'
[2020.04.05-18.06.07:033][  0]LogTargetPlatformManager: Display: Loaded TargetPlatform 'Android_DXT'
[2020.04.05-18.06.07:033][  0]LogTargetPlatformManager: Display: Loaded TargetPlatform 'Android_ETC1'
[2020.04.05-18.06.07:033][  0]LogTargetPlatformManager: Display: Loaded TargetPlatform 'Android_ETC1a'
[2020.04.05-18.06.07:033][  0]LogTargetPlatformManager: Display: Loaded TargetPlatform 'Android_ETC2'
[2020.04.05-18.06.07:033][  0]LogTargetPlatformManager: Display: Loaded TargetPlatform 'Android_PVRTC'
[2020.04.05-18.06.07:033][  0]LogTargetPlatformManager: Display: Loaded TargetPlatform 'AndroidClient'
[2020.04.05-18.06.07:033][  0]LogTargetPlatformManager: Display: Loaded TargetPlatform 'Android_ASTCClient'
[2020.04.05-18.06.07:033][  0]LogTargetPlatformManager: Display: Loaded TargetPlatform 'Android_ATCClient'
[2020.04.05-18.06.07:033][  0]LogTargetPlatformManager: Display: Loaded TargetPlatform 'Android_DXTClient'
[2020.04.05-18.06.07:033][  0]LogTargetPlatformManager: Display: Loaded TargetPlatform 'Android_ETC1Client'
[2020.04.05-18.06.07:033][  0]LogTargetPlatformManager: Display: Loaded TargetPlatform 'Android_ETC1aClient'
[2020.04.05-18.06.07:033][  0]LogTargetPlatformManager: Display: Loaded TargetPlatform 'Android_ETC2Client'
[2020.04.05-18.06.07:033][  0]LogTargetPlatformManager: Display: Loaded TargetPlatform 'Android_PVRTCClient'
[2020.04.05-18.06.07:033][  0]LogTargetPlatformManager: Display: Loaded TargetPlatform 'Android_Multi'
[2020.04.05-18.06.07:033][  0]LogTargetPlatformManager: Display: Loaded TargetPlatform 'Android_MultiClient'
[2020.04.05-18.06.07:167][  0]LogTargetPlatformManager: Display: Loaded TargetPlatform 'IOSClient'
[2020.04.05-18.06.07:167][  0]LogTargetPlatformManager: Display: Loaded TargetPlatform 'IOS'
[2020.04.05-18.06.07:206][  0]LogTargetPlatformManager: Display: Loaded TargetPlatform 'LinuxNoEditor'
[2020.04.05-18.06.07:228][  0]LogTargetPlatformManager: Display: Loaded TargetPlatform 'LinuxClient'
[2020.04.05-18.06.07:252][  0]LogTargetPlatformManager: Display: Loaded TargetPlatform 'LinuxServer'
[2020.04.05-18.06.07:276][  0]LogTargetPlatformManager: Display: Loaded TargetPlatform 'LinuxAArch64NoEditor'
[2020.04.05-18.06.07:291][  0]LogTargetPlatformManager: Display: Loaded TargetPlatform 'LinuxAArch64Client'
[2020.04.05-18.06.07:302][  0]LogTargetPlatformManager: Display: Loaded TargetPlatform 'LinuxAArch64Server'
[2020.04.05-18.06.07:369][  0]LogTargetPlatformManager: Display: Loaded TargetPlatform 'Lumin'
[2020.04.05-18.06.07:369][  0]LogTargetPlatformManager: Display: Loaded TargetPlatform 'LuminClient'
[2020.04.05-18.06.07:390][  0]LogTargetPlatformManager: Display: Loaded TargetPlatform 'TVOSClient'
[2020.04.05-18.06.07:390][  0]LogTargetPlatformManager: Display: Loaded TargetPlatform 'TVOS'
[2020.04.05-18.06.07:469][  0]LogTargetPlatformManager: Display: Loaded TargetPlatform 'WindowsNoEditor'
[2020.04.05-18.06.07:524][  0]LogTargetPlatformManager: Display: Loaded TargetPlatform 'Windows'
[2020.04.05-18.06.07:576][  0]LogTargetPlatformManager: Display: Loaded TargetPlatform 'WindowsClient'
[2020.04.05-18.06.07:620][  0]LogTargetPlatformManager: Display: Loaded TargetPlatform 'WindowsServer'
[2020.04.05-18.06.07:621][  0]LogTargetPlatformManager: Display: Building Assets For Windows
[2020.04.05-18.06.07:806][  0]LogAudioDebug: Display: Lib vorbis DLL was dynamically loaded.
[2020.04.05-18.06.08:715][  0]LogShaderCompilers: Guid format shader working directory is -12 characters bigger than the processId version (F:/Projekty/Unreal Projects/SzopenHauer/Gra_o_szopie 4.24/Intermediate/Shaders/WorkingDirectory/10496/).
[2020.04.05-18.06.08:715][  0]LogShaderCompilers: Cleaned the shader compiler working directory 'C:/Users/yahoo/AppData/Local/Temp/UnrealShaderWorkingDir/08943CAF413F7AC8A6D59E91CB3C4EA0/'.
[2020.04.05-18.06.08:764][  0]LogXGEController: Cleaning working directory: C:/Users/yahoo/AppData/Local/Temp/UnrealXGEWorkingDir/
[2020.04.05-18.06.08:764][  0]LogXGEController: Cannot use XGE Controller as Incredibuild is not installed on this machine.
[2020.04.05-18.06.08:764][  0]LogShaderCompilers: Cannot use XGE Shader Compiler as Incredibuild is not installed on this machine.
[2020.04.05-18.06.08:764][  0]LogShaderCompilers: Display: Using Local Shader Compiler.
[2020.04.05-18.06.11:724][  0]LogDerivedDataCache: Display: Max Cache Size: 512 MB
[2020.04.05-18.06.12:199][  0]LogDerivedDataCache: Loaded boot cache 0.46s 78MB C:/Users/yahoo/AppData/Local/UnrealEngine/4.24/DerivedDataCache/Boot.ddc.
[2020.04.05-18.06.12:199][  0]LogDerivedDataCache: Display: Loaded Boot cache: C:/Users/yahoo/AppData/Local/UnrealEngine/4.24/DerivedDataCache/Boot.ddc
[2020.04.05-18.06.12:199][  0]LogDerivedDataCache: FDerivedDataBackendGraph:  Pak pak cache file F:/Projekty/Unreal Projects/SzopenHauer/Gra_o_szopie 4.24/DerivedDataCache/DDC.ddp not found, will not use a pak cache.
[2020.04.05-18.06.12:199][  0]LogDerivedDataCache: Unable to find inner node Pak for hierarchical cache Hierarchy.
[2020.04.05-18.06.12:199][  0]LogDerivedDataCache: FDerivedDataBackendGraph:  CompressedPak pak cache file F:/Projekty/Unreal Projects/SzopenHauer/Gra_o_szopie 4.24/DerivedDataCache/Compressed.ddp not found, will not use a pak cache.
[2020.04.05-18.06.12:199][  0]LogDerivedDataCache: Unable to find inner node CompressedPak for hierarchical cache Hierarchy.
[2020.04.05-18.06.12:275][  0]LogDerivedDataCache: Display: Pak cache opened for reading ../../../Engine/DerivedDataCache/Compressed.ddp.
[2020.04.05-18.06.12:275][  0]LogDerivedDataCache: FDerivedDataBackendGraph:  EnterprisePak pak cache file ../../../Enterprise/DerivedDataCache/Compressed.ddp not found, will not use a pak cache.
[2020.04.05-18.06.12:275][  0]LogDerivedDataCache: Unable to find inner node EnterprisePak for hierarchical cache Hierarchy.
[2020.04.05-18.06.12:304][  0]LogDerivedDataCache: Using Local data cache path C:/Users/yahoo/AppData/Local/UnrealEngine/Common/DerivedDataCache: Writable
[2020.04.05-18.06.12:304][  0]LogDerivedDataCache: Shared data cache path not found in *engine.ini, will not use an Shared cache.
[2020.04.05-18.06.12:304][  0]LogDerivedDataCache: Unable to find inner node Shared for hierarchical cache Hierarchy.
[2020.04.05-18.06.12:407][  0]LogMaterial: Verifying Global Shaders for PCD3D_SM5
[2020.04.05-18.06.12:551][  0]LogSlate: Using FreeType 2.10.0
[2020.04.05-18.06.12:672][  0]LogSlate: SlateFontServices - WITH_FREETYPE: 1, WITH_HARFBUZZ: 1
[2020.04.05-18.06.13:715][  0]LogAssetRegistry: FAssetRegistry took 0.0361 seconds to start up
[2020.04.05-18.06.18:655][  0]LogInit: Selected Device Profile: [Windows]
[2020.04.05-18.06.21:930][  0]LogMeshReduction: Using QuadricMeshReduction for automatic static mesh reduction
[2020.04.05-18.06.21:930][  0]LogMeshReduction: Using SimplygonMeshReduction for automatic skeletal mesh reduction
[2020.04.05-18.06.21:930][  0]LogMeshReduction: Using ProxyLODMeshReduction for automatic mesh merging
[2020.04.05-18.06.21:930][  0]LogMeshReduction: No distributed automatic mesh merging module available
[2020.04.05-18.06.21:930][  0]LogMeshMerging: No distributed automatic mesh merging module available
[2020.04.05-18.06.22:518][  0]LogNetVersion: Gra_o_szopie 1.0.0, NetCL: 10570792, EngineNetVer: 13, GameNetVer: 0 (Checksum: 2173554342)
[2020.04.05-18.06.22:852][  0]LogInput: Warning: Action Jump uses deprecated key MotionController_Left_Trigger.
[2020.04.05-18.06.22:852][  0]LogInput: Warning: Action ResetVR uses deprecated key MotionController_Left_Grip1.
[2020.04.05-18.06.22:852][  0]LogInput: Warning: Action Jump uses deprecated key MotionController_Right_Trigger.
[2020.04.05-18.06.22:852][  0]LogInput: Warning: Axis MoveForward uses deprecated key MotionController_Left_Thumbstick_Y.
[2020.04.05-18.06.22:852][  0]LogInput: Warning: Axis MoveRight uses deprecated key MotionController_Left_Thumbstick_X.
[2020.04.05-18.06.22:852][  0]LogInput: Warning: Axis TurnRate uses deprecated key MotionController_Right_Thumbstick_X.
[2020.04.05-18.06.42:712][  0]LogPackageLocalizationCache: Processed 10 localized package path(s) for 1 prioritized culture(s) in 0.274489 seconds
[2020.04.05-18.06.42:754][  0]LogUObjectArray: 46750 objects as part of root set at end of initial load.
[2020.04.05-18.06.42:754][  0]LogUObjectAllocator: 8137160 out of 0 bytes used by permanent object pool.
[2020.04.05-18.06.42:754][  0]LogUObjectArray: CloseDisregardForGC: 0/0 objects in disregard for GC pool
[2020.04.05-18.06.47:318][  0]LogTcpMessaging: Initializing TcpMessaging bridge
[2020.04.05-18.06.47:359][  0]LogUdpMessaging: Initializing bridge on interface 0.0.0.0:0 to multicast group 230.0.0.1:6666.
[2020.04.05-18.06.48:121][  0]SourceControl: Source control is disabled
[2020.04.05-18.06.48:134][  0]SourceControl: Source control is disabled
[2020.04.05-18.06.48:215][  0]SourceControl: Source control is disabled
[2020.04.05-18.06.48:236][  0]SourceControl: Source control is disabled
[2020.04.05-18.06.48:252][  0]SourceControl: Source control is disabled
[2020.04.05-18.06.49:635][  0]LogAndroidPermission: UAndroidPermissionCallbackProxy::GetInstance
[2020.04.05-18.06.49:723][  0]LogAudioCaptureCore: Display: No Audio Capture implementations found. Audio input will be silent.
[2020.04.05-18.06.49:723][  0]LogAudioCaptureCore: Display: No Audio Capture implementations found. Audio input will be silent.
[2020.04.05-18.06.50:171][  0]LogOcInput: OculusInput pre-init called
[2020.04.05-18.06.50:266][  0]LogWindows: Failed to load 'OVRPlugin.dll' (GetLastError=126)
[2020.04.05-18.06.50:266][  0]LogWindows: File 'OVRPlugin.dll' does not exist
[2020.04.05-18.06.51:342][  0]LogEngine: Initializing Engine...
[2020.04.05-18.06.51:365][  0]LogHMD: Failed to initialize OpenVR with code 110
[2020.04.05-18.06.51:432][  0]LogStats: UGameplayTagsManager::InitializeManager -  0.033 s
[2020.04.05-18.06.51:947][  0]LogInit: Initializing FReadOnlyCVARCache
[2020.04.05-18.06.52:568][  0]LogAIModule: Creating AISystem for world Untitled
[2020.04.05-18.06.52:746][  0]LogAudioMixer: Display: Audio Mixer Platform Settings:
[2020.04.05-18.06.52:746][  0]LogAudioMixer: Display: 	Sample Rate:						  48000
[2020.04.05-18.06.52:746][  0]LogAudioMixer: Display: 	Callback Buffer Frame Size Requested: 1024
[2020.04.05-18.06.52:746][  0]LogAudioMixer: Display: 	Callback Buffer Frame Size To Use:	  1024
[2020.04.05-18.06.52:746][  0]LogAudioMixer: Display: 	Number of buffers to queue:			  2
[2020.04.05-18.06.52:746][  0]LogAudioMixer: Display: 	Max Channels (voices):				  32
[2020.04.05-18.06.52:746][  0]LogAudioMixer: Display: 	Number of Async Source Workers:		  0
[2020.04.05-18.06.52:746][  0]LogAudio: Display: AudioDevice MaxSources: 32
[2020.04.05-18.06.52:774][  0]LogAudio: Display: Using built-in audio occlusion.
[2020.04.05-18.06.52:774][  0]LogAudioMixer: Display: Initializing audio mixer.
[2020.04.05-18.06.52:862][  0]LogAudioMixer: Display: Audio Device Output Speaker Info:
[2020.04.05-18.06.52:862][  0]LogAudioMixer: Display: Name: Słuchawki (High Definition Audio Device)
[2020.04.05-18.06.52:862][  0]LogAudioMixer: Display: Is Default: Yes
[2020.04.05-18.06.52:862][  0]LogAudioMixer: Display: Sample Rate: 48000
[2020.04.05-18.06.52:862][  0]LogAudioMixer: Display: Channel Count Used: 2
[2020.04.05-18.06.52:863][  0]LogAudioMixer: Display: Device Channel Count: 2
[2020.04.05-18.06.52:863][  0]LogAudioMixer: Display: Channel Order:
[2020.04.05-18.06.52:863][  0]LogAudioMixer: Display: 0: FrontLeft
[2020.04.05-18.06.52:863][  0]LogAudioMixer: Display: 1: FrontRight
[2020.04.05-18.06.52:928][  0]LogAudioMixer: Display: Using Audio Device Słuchawki (High Definition Audio Device)
[2020.04.05-18.06.52:963][  0]LogInit: FAudioDevice initialized.
[2020.04.05-18.06.52:963][  0]LogNetVersion: Set ProjectVersion to 1.0.0.0. Version Checksum will be recalculated on next use.
[2020.04.05-18.06.53:511][  0]LogDerivedDataCache: Saved boot cache 0.55s 78MB C:/Users/yahoo/AppData/Local/UnrealEngine/4.24/DerivedDataCache/Boot.ddc.
[2020.04.05-18.06.53:512][  0]LogInit: Texture streaming: Enabled
[2020.04.05-18.06.53:837][  0]LogEngineSessionManager: EngineSessionManager initialized
[2020.04.05-18.06.53:837][  0]LogEngineSessionManager: EngineSessionManager sent abnormal shutdown report. Type=AbnormalShutdown, SessionId={27C54C74-4668-01E6-369E-FC96C984344E}
[2020.04.05-18.06.53:837][  0]LogEditorSessionSummary: Verbose: Initializing EditorSessionSummaryWriter for editor session tracking
[2020.04.05-18.06.53:842][  0]LogEditorSessionSummary: EditorSessionSummaryWriter initialized
[2020.04.05-18.06.54:426][  0]LogInit: Transaction tracking system initialized
[2020.04.05-18.06.54:895][  0]BlueprintLog: New page: Editor Load
[2020.04.05-18.06.56:361][  0]LocalizationService: Localization service is disabled
[2020.04.05-18.06.58:901][  0]LogFileCache: Scanning file cache for directory 'F:/Projekty/Unreal Projects/SzopenHauer/Gra_o_szopie 4.24/Content/' took 0.01s
[2020.04.05-18.06.58:901][  0]LogCook: Display: Max memory allowance for cook 16384mb min free memory 0mb
[2020.04.05-18.06.58:901][  0]LogCook: Display: Mobile HDR setting 1
[2020.04.05-18.07.02:754][  0]SourceControl: Source control is disabled
[2020.04.05-18.07.02:810][  0]Cmd: MAP LOAD FILE="F:/Projekty/Unreal Projects/SzopenHauer/Gra_o_szopie 4.24/Content/ThirdPersonBP/Maps/ThirdPersonExampleMap.umap" TEMPLATE=0 SHOWPROGRESS=1 FEATURELEVEL=3
[2020.04.05-18.07.02:877][  0]LightingResults: New page: Lighting Build
[2020.04.05-18.07.03:063][  0]LogWorld: UWorld::CleanupWorld for Untitled, bSessionEnded=true, bCleanupResources=true
[2020.04.05-18.07.03:098][  0]LogSlate: InvalidateAllWidgets triggered.  All widgets were invalidated
[2020.04.05-18.07.03:105][  0]MapCheck: New page: Map Check
[2020.04.05-18.07.03:105][  0]LightingResults: New page: Lighting Build
[2020.04.05-18.07.03:363][  0]LogUObjectHash: Compacting FUObjectHashTables data took   8.51ms
[2020.04.05-18.07.06:936][  0]LogBlueprint: Warning: [Compiler PersistentLevel.ThirdPersonExampleMap] Node  Unknown  is not referencing a valid level actor
[2020.04.05-18.07.06:936][  0]LogBlueprint: Warning: [Compiler PersistentLevel.ThirdPersonExampleMap] Node  Unknown  is not referencing a valid level actor
[2020.04.05-18.07.06:936][  0]LogBlueprint: Warning: [Compiler PersistentLevel.ThirdPersonExampleMap] Node  Unknown  is not referencing a valid level actor
[2020.04.05-18.07.06:937][  0]LogBlueprint: Warning: [Compiler PersistentLevel.ThirdPersonExampleMap] Node  Unknown  is not referencing a valid level actor
[2020.04.05-18.07.06:937][  0]LogBlueprint: Warning: [Compiler PersistentLevel.ThirdPersonExampleMap] Node  Unknown  is not referencing a valid level actor
[2020.04.05-18.07.08:545][  0]LogTexture: Display: Building textures: raccoon_color_palette (BGRA8, 625X976)
[2020.04.05-18.07.08:545][  0]LogTexture: Display: Building textures: raccoon_color_palette (BGRA8, 625X976)
[2020.04.05-18.07.08:545][  0]LogTexture: Display: Building textures: Texture2D_0 (BGRA8, 256X128)
[2020.04.05-18.07.08:545][  0]LogTexture: Display: Building textures: HQ_Lightmap0_1 (AutoDXT, 1024X1024)
[2020.04.05-18.07.08:545][  0]LogTexture: Display: Building textures: HQ_Lightmap1_4 (AutoDXT, 128X128)
[2020.04.05-18.07.08:546][  0]LogTexture: Display: Building textures: HQ_Lightmap0_3 (AutoDXT, 256X256)
[2020.04.05-18.07.08:546][  0]LogTexture: Display: Building textures: HQ_Lightmap0_2 (AutoDXT, 1024X1024)
[2020.04.05-18.07.08:546][  0]LogTexture: Display: Building textures: HQ_Lightmap1_5 (AutoDXT, 64X64)
[2020.04.05-18.07.08:546][  0]LogTexture: Display: Building textures: LQ_Lightmap_0_1 (DXT1, 1024X1024)
[2020.04.05-18.07.08:546][  0]LogTexture: Display: Building textures: LQ_Lightmap_0_2 (DXT1, 1024X1024)
[2020.04.05-18.07.08:546][  0]LogMaterial: Display: Missing cached shader map for material Material_009, compiling. 
[2020.04.05-18.07.08:986][  0]LogTexture: Display: Building textures: LQ_Lightmap_0_3 (DXT1, 256X256)
[2020.04.05-18.07.08:986][  0]LogShaderCompilers: Display: Worker (1/3): shaders left to compile 39
[2020.04.05-18.07.08:986][  0]LogShaderCompilers: Display: Worker (2/3): shaders left to compile 29
[2020.04.05-18.07.08:986][  0]LogShaderCompilers: Display: Worker (3/3): shaders left to compile 19
[2020.04.05-18.07.08:986][  0]LogSkeletalMesh: Building Skeletal Mesh raccoon_playermodel...
[2020.04.05-18.07.09:261][  0]LogTexture: Display: Building textures: LQ_Lightmap_1_4 (DXT1, 128X128)
[2020.04.05-18.07.09:261][  0]LogTexture: Display: Building textures: LQ_Lightmap_1_5 (DXT1, 64X64)
[2020.04.05-18.07.09:261][  0]LogTexture: Display: Building textures: SkyOcclusion0_1 (AutoDXT, 1024X512)
[2020.04.05-18.07.09:261][  0]LogTexture: Display: Building textures: SkyOcclusion0_2 (AutoDXT, 1024X512)
[2020.04.05-18.07.09:652][  0]LogTexture: Display: Building textures: SkyOcclusion0_3 (AutoDXT, 256X128)
[2020.04.05-18.07.09:652][  0]LogSkeletalMesh: Section 0: 2336 vertices, 27 active bones
[2020.04.05-18.07.09:653][  0]LogSkeletalMesh: Section 0: Material=0, 2046 triangles
[2020.04.05-18.07.09:772][  0]LogSkeletalMesh: Built Skeletal Mesh [0.99s] /Game/ThirdPersonBP/Blueprints/Raccoon/raccoon_playermodel.raccoon_playermodel
[2020.04.05-18.07.10:128][  0]LogTexture: Display: Building textures: SkyOcclusion1_4 (AutoDXT, 128X64)
[2020.04.05-18.07.10:128][  0]LogTexture: Display: Building textures: SkyOcclusion1_5 (AutoDXT, 64X32)
[2020.04.05-18.07.10:128][  0]LogTexture: Display: Building textures: ShadowMapTexture2D_5 (G8, 1024X512)
[2020.04.05-18.07.10:128][  0]LogStaticMesh: Building static mesh szoppraczZakret...
[2020.04.05-18.07.10:544][  0]LogTexture: Display: Building textures: ShadowMapTexture2D_8 (G8, 32X32)
[2020.04.05-18.07.10:544][  0]LogTexture: Display: Building textures: ShadowMapTexture2D_6 (G8, 1024X512)
[2020.04.05-18.07.10:544][  0]LogTexture: Display: Building textures: ShadowMapTexture2D_7 (G8, 128X64)
[2020.04.05-18.07.10:544][  0]LogStaticMesh: Built static mesh [0.71s] /Game/ThirdPersonBP/Camera/Assety/szoppraczZakret.szoppraczZakret
[2020.04.05-18.07.10:803][  0]LogStaticMesh: Building static mesh szoppraczRAdio...
[2020.04.05-18.07.10:818][  0]LogStaticMesh: Built static mesh [0.06s] /Game/ThirdPersonBP/Camera/Assety/szoppraczRAdio.szoppraczRAdio
[2020.04.05-18.07.10:935][  0]LogMaterial: Display: Missing cached shader map for material Material_011, compiling. 
[2020.04.05-18.07.11:020][  0]LogStaticMesh: Building static mesh szoppraczpoduszka_...
[2020.04.05-18.07.11:030][  0]LogStaticMesh: Built static mesh [0.08s] /Game/ThirdPersonBP/Camera/Assety/szoppraczpoduszka_.szoppraczpoduszka_
[2020.04.05-18.07.11:105][  0]LogStaticMesh: Building static mesh szoppraczAssetPack_Sphere_002...
[2020.04.05-18.07.11:116][  0]LogStaticMesh: Built static mesh [0.01s] /Game/ThirdPersonBP/Camera/Assety/szoppraczAssetPack_Sphere_002.szoppraczAssetPack_Sphere_002
[2020.04.05-18.07.11:245][  0]LogStaticMesh: Building static mesh szoppraczAssetPack_Sphere_001...
[2020.04.05-18.07.11:266][  0]LogStaticMesh: Built static mesh [0.04s] /Game/ThirdPersonBP/Camera/Assety/szoppraczAssetPack_Sphere_001.szoppraczAssetPack_Sphere_001
[2020.04.05-18.07.11:394][  0]LogStaticMesh: Building static mesh szoppraczAssetPack_Plane_047...
[2020.04.05-18.07.11:426][  0]LogStaticMesh: Built static mesh [0.08s] /Game/ThirdPersonBP/Camera/Assety/szoppraczAssetPack_Plane_047.szoppraczAssetPack_Plane_047
[2020.04.05-18.07.11:557][  0]LogStaticMesh: Building static mesh szoppraczAssetPack_Plane_046...
[2020.04.05-18.07.11:727][  0]LogStaticMesh: Built static mesh [0.21s] /Game/ThirdPersonBP/Camera/Assety/szoppraczAssetPack_Plane_046.szoppraczAssetPack_Plane_046
[2020.04.05-18.07.11:796][  0]LogStaticMesh: Building static mesh szoppraczAssetPack_Plane_045...
[2020.04.05-18.07.11:828][  0]LogStaticMesh: Built static mesh [0.08s] /Game/ThirdPersonBP/Camera/Assety/szoppraczAssetPack_Plane_045.szoppraczAssetPack_Plane_045
[2020.04.05-18.07.11:923][  0]LogStaticMesh: Building static mesh szoppraczAssetPack_Plane_043...
[2020.04.05-18.07.11:938][  0]LogStaticMesh: Built static mesh [0.08s] /Game/ThirdPersonBP/Camera/Assety/szoppraczAssetPack_Plane_043.szoppraczAssetPack_Plane_043
[2020.04.05-18.07.11:969][  0]LogStaticMesh: Building static mesh szoppraczAssetPack_Plane_042...
[2020.04.05-18.07.11:985][  0]LogStaticMesh: Built static mesh [0.02s] /Game/ThirdPersonBP/Camera/Assety/szoppraczAssetPack_Plane_042.szoppraczAssetPack_Plane_042
[2020.04.05-18.07.12:064][  0]LogStaticMesh: Building static mesh szoppraczAssetPack_Plane_041...
[2020.04.05-18.07.12:274][  0]LogStaticMesh: Built static mesh [0.22s] /Game/ThirdPersonBP/Camera/Assety/szoppraczAssetPack_Plane_041.szoppraczAssetPack_Plane_041
[2020.04.05-18.07.12:394][  0]LogStaticMesh: Building static mesh szoppraczAssetPack_Plane_040...
[2020.04.05-18.07.12:428][  0]LogStaticMesh: Built static mesh [0.09s] /Game/ThirdPersonBP/Camera/Assety/szoppraczAssetPack_Plane_040.szoppraczAssetPack_Plane_040
[2020.04.05-18.07.12:492][  0]LogStaticMesh: Building static mesh szoppraczAssetPack_Plane_039...
[2020.04.05-18.07.12:710][  0]LogStaticMesh: Built static mesh [0.26s] /Game/ThirdPersonBP/Camera/Assety/szoppraczAssetPack_Plane_039.szoppraczAssetPack_Plane_039
[2020.04.05-18.07.12:800][  0]LogStaticMesh: Building static mesh szoppraczAssetPack_Plane_038...
[2020.04.05-18.07.12:903][  0]LogStaticMesh: Built static mesh [0.10s] /Game/ThirdPersonBP/Camera/Assety/szoppraczAssetPack_Plane_038.szoppraczAssetPack_Plane_038
[2020.04.05-18.07.12:952][  0]LogStaticMesh: Building static mesh szoppraczAssetPack_Plane_037...
[2020.04.05-18.07.12:964][  0]LogStaticMesh: Built static mesh [0.03s] /Game/ThirdPersonBP/Camera/Assety/szoppraczAssetPack_Plane_037.szoppraczAssetPack_Plane_037
[2020.04.05-18.07.13:239][  0]LogStaticMesh: Building static mesh szoppraczAssetPack_Plane_036...
[2020.04.05-18.07.13:249][  0]LogStaticMesh: Built static mesh [0.21s] /Game/ThirdPersonBP/Camera/Assety/szoppraczAssetPack_Plane_036.szoppraczAssetPack_Plane_036
[2020.04.05-18.07.13:275][  0]LogStaticMesh: Building static mesh szoppraczAssetPack_Plane_035...
[2020.04.05-18.07.13:279][  0]LogStaticMesh: Built static mesh [0.00s] /Game/ThirdPersonBP/Camera/Assety/szoppraczAssetPack_Plane_035.szoppraczAssetPack_Plane_035
[2020.04.05-18.07.13:338][  0]LogStaticMesh: Building static mesh szoppraczAssetPack_Plane_034...
[2020.04.05-18.07.13:434][  0]LogStaticMesh: Built static mesh [0.11s] /Game/ThirdPersonBP/Camera/Assety/szoppraczAssetPack_Plane_034.szoppraczAssetPack_Plane_034
[2020.04.05-18.07.13:601][  0]LogStaticMesh: Building static mesh szoppraczAssetPack_Plane_033...
[2020.04.05-18.07.13:673][  0]LogStaticMesh: Built static mesh [0.15s] /Game/ThirdPersonBP/Camera/Assety/szoppraczAssetPack_Plane_033.szoppraczAssetPack_Plane_033
[2020.04.05-18.07.13:724][  0]LogStaticMesh: Building static mesh szoppraczAssetPack_Plane_014...
[2020.04.05-18.07.13:731][  0]LogStaticMesh: Built static mesh [0.03s] /Game/ThirdPersonBP/Camera/Assety/szoppraczAssetPack_Plane_014.szoppraczAssetPack_Plane_014
[2020.04.05-18.07.13:785][  0]LogStaticMesh: Building static mesh szoppraczAssetPack_Plane_012...
[2020.04.05-18.07.13:796][  0]LogStaticMesh: Built static mesh [0.02s] /Game/ThirdPersonBP/Camera/Assety/szoppraczAssetPack_Plane_012.szoppraczAssetPack_Plane_012
[2020.04.05-18.07.13:845][  0]LogStaticMesh: Building static mesh szoppraczAssetPack_Plane_011...
[2020.04.05-18.07.13:901][  0]LogStaticMesh: Built static mesh [0.06s] /Game/ThirdPersonBP/Camera/Assety/szoppraczAssetPack_Plane_011.szoppraczAssetPack_Plane_011
[2020.04.05-18.07.13:950][  0]LogStaticMesh: Building static mesh szoppraczAssetPack_Plane_008...
[2020.04.05-18.07.13:976][  0]LogStaticMesh: Built static mesh [0.03s] /Game/ThirdPersonBP/Camera/Assety/szoppraczAssetPack_Plane_008.szoppraczAssetPack_Plane_008
[2020.04.05-18.07.14:052][  0]LogStaticMesh: Building static mesh szoppraczAssetPack_Plane_007...
[2020.04.05-18.07.14:084][  0]LogStaticMesh: Built static mesh [0.03s] /Game/ThirdPersonBP/Camera/Assety/szoppraczAssetPack_Plane_007.szoppraczAssetPack_Plane_007
[2020.04.05-18.07.14:114][  0]LogStaticMesh: Building static mesh szoppraczAssetPack_Plane_006...
[2020.04.05-18.07.14:146][  0]LogStaticMesh: Built static mesh [0.03s] /Game/ThirdPersonBP/Camera/Assety/szoppraczAssetPack_Plane_006.szoppraczAssetPack_Plane_006
[2020.04.05-18.07.14:258][  0]LogStaticMesh: Building static mesh szoppraczAssetPack_Plane_005...
[2020.04.05-18.07.14:288][  0]LogStaticMesh: Built static mesh [0.08s] /Game/ThirdPersonBP/Camera/Assety/szoppraczAssetPack_Plane_005.szoppraczAssetPack_Plane_005
[2020.04.05-18.07.14:321][  0]LogStaticMesh: Building static mesh szoppraczAssetPack_Plane_004...
[2020.04.05-18.07.14:342][  0]LogStaticMesh: Built static mesh [0.04s] /Game/ThirdPersonBP/Camera/Assety/szoppraczAssetPack_Plane_004.szoppraczAssetPack_Plane_004
[2020.04.05-18.07.14:365][  0]LogStaticMesh: Building static mesh szoppraczAssetPack_Plane_003...
[2020.04.05-18.07.14:389][  0]LogStaticMesh: Built static mesh [0.02s] /Game/ThirdPersonBP/Camera/Assety/szoppraczAssetPack_Plane_003.szoppraczAssetPack_Plane_003
[2020.04.05-18.07.14:421][  0]LogStaticMesh: Building static mesh szoppraczAssetPack_Plane_002...
[2020.04.05-18.07.14:441][  0]LogStaticMesh: Built static mesh [0.04s] /Game/ThirdPersonBP/Camera/Assety/szoppraczAssetPack_Plane_002.szoppraczAssetPack_Plane_002
[2020.04.05-18.07.14:480][  0]LogMaterial: Display: Missing cached shader map for material Material_012, compiling. 
[2020.04.05-18.07.14:595][  0]LogStaticMesh: Building static mesh szoppraczAssetPack_Plane_001...
[2020.04.05-18.07.14:626][  0]LogStaticMesh: Built static mesh [0.12s] /Game/ThirdPersonBP/Camera/Assety/szoppraczAssetPack_Plane_001.szoppraczAssetPack_Plane_001
[2020.04.05-18.07.14:645][  0]LogStaticMesh: Building static mesh szoppraczAssetPack_Cylinder_030...
[2020.04.05-18.07.14:745][  0]LogStaticMesh: Built static mesh [0.10s] /Game/ThirdPersonBP/Camera/Assety/szoppraczAssetPack_Cylinder_030.szoppraczAssetPack_Cylinder_030
[2020.04.05-18.07.14:768][  0]LogStaticMesh: Building static mesh szoppraczAssetPack_Cylinder_029...
[2020.04.05-18.07.14:782][  0]LogStaticMesh: Built static mesh [0.02s] /Game/ThirdPersonBP/Camera/Assety/szoppraczAssetPack_Cylinder_029.szoppraczAssetPack_Cylinder_029
[2020.04.05-18.07.14:796][  0]LogStaticMesh: Building static mesh szoppraczAssetPack_Cylinder_028...
[2020.04.05-18.07.14:808][  0]LogStaticMesh: Built static mesh [0.01s] /Game/ThirdPersonBP/Camera/Assety/szoppraczAssetPack_Cylinder_028.szoppraczAssetPack_Cylinder_028
[2020.04.05-18.07.14:854][  0]LogStaticMesh: Building static mesh szoppraczAssetPack_Cylinder_027...
[2020.04.05-18.07.14:873][  0]LogStaticMesh: Built static mesh [0.04s] /Game/ThirdPersonBP/Camera/Assety/szoppraczAssetPack_Cylinder_027.szoppraczAssetPack_Cylinder_027
[2020.04.05-18.07.14:905][  0]LogStaticMesh: Building static mesh szoppraczAssetPack_Cylinder_026...
[2020.04.05-18.07.14:931][  0]LogStaticMesh: Built static mesh [0.03s] /Game/ThirdPersonBP/Camera/Assety/szoppraczAssetPack_Cylinder_026.szoppraczAssetPack_Cylinder_026
[2020.04.05-18.07.14:985][  0]LogStaticMesh: Building static mesh szoppraczAssetPack_Cylinder_025...
[2020.04.05-18.07.15:023][  0]LogStaticMesh: Built static mesh [0.06s] /Game/ThirdPersonBP/Camera/Assety/szoppraczAssetPack_Cylinder_025.szoppraczAssetPack_Cylinder_025
[2020.04.05-18.07.15:040][  0]LogStaticMesh: Building static mesh szoppraczAssetPack_Cylinder_024...
[2020.04.05-18.07.15:061][  0]LogStaticMesh: Built static mesh [0.02s] /Game/ThirdPersonBP/Camera/Assety/szoppraczAssetPack_Cylinder_024.szoppraczAssetPack_Cylinder_024
[2020.04.05-18.07.15:095][  0]LogStaticMesh: Building static mesh szoppraczAssetPack_Cylinder_020...
[2020.04.05-18.07.15:127][  0]LogStaticMesh: Built static mesh [0.04s] /Game/ThirdPersonBP/Camera/Assety/szoppraczAssetPack_Cylinder_020.szoppraczAssetPack_Cylinder_020
[2020.04.05-18.07.15:181][  0]LogStaticMesh: Building static mesh szoppraczAssetPack_Cylinder_019...
[2020.04.05-18.07.15:188][  0]LogStaticMesh: Built static mesh [0.02s] /Game/ThirdPersonBP/Camera/Assety/szoppraczAssetPack_Cylinder_019.szoppraczAssetPack_Cylinder_019
[2020.04.05-18.07.15:233][  0]LogStaticMesh: Building static mesh szoppraczAssetPack_Cylinder_017...
[2020.04.05-18.07.15:255][  0]LogStaticMesh: Built static mesh [0.02s] /Game/ThirdPersonBP/Camera/Assety/szoppraczAssetPack_Cylinder_017.szoppraczAssetPack_Cylinder_017
[2020.04.05-18.07.15:285][  0]LogStaticMesh: Building static mesh szoppraczAssetPack_Cylinder_015...
[2020.04.05-18.07.15:317][  0]LogStaticMesh: Built static mesh [0.03s] /Game/ThirdPersonBP/Camera/Assety/szoppraczAssetPack_Cylinder_015.szoppraczAssetPack_Cylinder_015
[2020.04.05-18.07.15:369][  0]LogMaterial: Display: Missing cached shader map for material Material_001, compiling. 
[2020.04.05-18.07.15:413][  0]LogStaticMesh: Building static mesh szoppraczAssetPack_Cylinder_002...
[2020.04.05-18.07.15:463][  0]LogStaticMesh: Built static mesh [0.07s] /Game/ThirdPersonBP/Camera/Assety/szoppraczAssetPack_Cylinder_002.szoppraczAssetPack_Cylinder_002
[2020.04.05-18.07.15:480][  0]LogStaticMesh: Building static mesh szoppraczAssetPack_Cylinder...
[2020.04.05-18.07.15:513][  0]LogStaticMesh: Built static mesh [0.05s] /Game/ThirdPersonBP/Camera/Assety/szoppraczAssetPack_Cylinder.szoppraczAssetPack_Cylinder
[2020.04.05-18.07.15:571][  0]LogMaterial: Display: Missing cached shader map for material Material_010, compiling. 
[2020.04.05-18.07.15:592][  0]LogStaticMesh: Building static mesh szoppraczAssetPack_Cube_045...
[2020.04.05-18.07.15:678][  0]LogStaticMesh: Built static mesh [0.09s] /Game/ThirdPersonBP/Camera/Assety/szoppraczAssetPack_Cube_045.szoppraczAssetPack_Cube_045
[2020.04.05-18.07.15:701][  0]LogStaticMesh: Building static mesh szoppraczAssetPack_Cube_044...
[2020.04.05-18.07.15:744][  0]LogStaticMesh: Built static mesh [0.04s] /Game/ThirdPersonBP/Camera/Assety/szoppraczAssetPack_Cube_044.szoppraczAssetPack_Cube_044
[2020.04.05-18.07.15:761][  0]LogStaticMesh: Building static mesh szoppraczAssetPack_Cube_034...
[2020.04.05-18.07.15:765][  0]LogStaticMesh: Built static mesh [0.00s] /Game/ThirdPersonBP/Camera/Assety/szoppraczAssetPack_Cube_034.szoppraczAssetPack_Cube_034
[2020.04.05-18.07.15:779][  0]LogStaticMesh: Building static mesh szoppraczAssetPack_Cube_030...
[2020.04.05-18.07.15:872][  0]LogStaticMesh: Built static mesh [0.09s] /Game/ThirdPersonBP/Camera/Assety/szoppraczAssetPack_Cube_030.szoppraczAssetPack_Cube_030
[2020.04.05-18.07.15:890][  0]LogStaticMesh: Building static mesh szoppraczAssetPack_Cube_026...
[2020.04.05-18.07.15:959][  0]LogStaticMesh: Built static mesh [0.08s] /Game/ThirdPersonBP/Camera/Assety/szoppraczAssetPack_Cube_026.szoppraczAssetPack_Cube_026
[2020.04.05-18.07.15:987][  0]LogStaticMesh: Building static mesh szoppraczAssetPack_Cube_025...
[2020.04.05-18.07.16:001][  0]LogStaticMesh: Built static mesh [0.04s] /Game/ThirdPersonBP/Camera/Assety/szoppraczAssetPack_Cube_025.szoppraczAssetPack_Cube_025
[2020.04.05-18.07.16:021][  0]LogStaticMesh: Building static mesh szoppraczAssetPack_Cube_024...
[2020.04.05-18.07.16:037][  0]LogStaticMesh: Built static mesh [0.02s] /Game/ThirdPersonBP/Camera/Assety/szoppraczAssetPack_Cube_024.szoppraczAssetPack_Cube_024
[2020.04.05-18.07.16:046][  0]LogStaticMesh: Building static mesh szoppraczAssetPack_Cube_023...
[2020.04.05-18.07.16:065][  0]LogStaticMesh: Built static mesh [0.02s] /Game/ThirdPersonBP/Camera/Assety/szoppraczAssetPack_Cube_023.szoppraczAssetPack_Cube_023
[2020.04.05-18.07.16:079][  0]LogStaticMesh: Building static mesh szoppraczAssetPack_Cube_021...
[2020.04.05-18.07.16:094][  0]LogStaticMesh: Built static mesh [0.01s] /Game/ThirdPersonBP/Camera/Assety/szoppraczAssetPack_Cube_021.szoppraczAssetPack_Cube_021
[2020.04.05-18.07.16:120][  0]LogMaterial: Display: Missing cached shader map for material Material_037, compiling. 
[2020.04.05-18.07.16:162][  0]LogMaterial: Display: Missing cached shader map for material Material_036, compiling. 
[2020.04.05-18.07.16:199][  0]LogStaticMesh: Building static mesh szoppraczAssetPack_Cube_020...
[2020.04.05-18.07.16:205][  0]LogStaticMesh: Built static mesh [0.02s] /Game/ThirdPersonBP/Camera/Assety/szoppraczAssetPack_Cube_020.szoppraczAssetPack_Cube_020
[2020.04.05-18.07.16:216][  0]LogStaticMesh: Building static mesh szoppraczAssetPack_Cube_019...
[2020.04.05-18.07.16:235][  0]LogStaticMesh: Built static mesh [0.02s] /Game/ThirdPersonBP/Camera/Assety/szoppraczAssetPack_Cube_019.szoppraczAssetPack_Cube_019
[2020.04.05-18.07.16:241][  0]LogStaticMesh: Building static mesh szoppraczAssetPack_Cube_018...
[2020.04.05-18.07.16:249][  0]LogStaticMesh: Built static mesh [0.01s] /Game/ThirdPersonBP/Camera/Assety/szoppraczAssetPack_Cube_018.szoppraczAssetPack_Cube_018
[2020.04.05-18.07.16:262][  0]LogStaticMesh: Building static mesh szoppraczAssetPack_Cube_017...
[2020.04.05-18.07.16:289][  0]LogStaticMesh: Built static mesh [0.03s] /Game/ThirdPersonBP/Camera/Assety/szoppraczAssetPack_Cube_017.szoppraczAssetPack_Cube_017
[2020.04.05-18.07.16:304][  0]LogStaticMesh: Building static mesh szoppraczAssetPack_Cube_016...
[2020.04.05-18.07.16:337][  0]LogStaticMesh: Built static mesh [0.03s] /Game/ThirdPersonBP/Camera/Assety/szoppraczAssetPack_Cube_016.szoppraczAssetPack_Cube_016
[2020.04.05-18.07.16:372][  0]LogStaticMesh: Building static mesh szoppraczAssetPack_Cube_015...
[2020.04.05-18.07.16:378][  0]LogStaticMesh: Built static mesh [0.02s] /Game/ThirdPersonBP/Camera/Assety/szoppraczAssetPack_Cube_015.szoppraczAssetPack_Cube_015
[2020.04.05-18.07.16:418][  0]LogStaticMesh: Building static mesh szoppraczAssetPack_Cube_013...
[2020.04.05-18.07.16:445][  0]LogStaticMesh: Built static mesh [0.04s] /Game/ThirdPersonBP/Camera/Assety/szoppraczAssetPack_Cube_013.szoppraczAssetPack_Cube_013
[2020.04.05-18.07.16:474][  0]LogStaticMesh: Building static mesh szoppraczAssetPack_Cube_005...
[2020.04.05-18.07.16:506][  0]LogStaticMesh: Built static mesh [0.05s] /Game/ThirdPersonBP/Camera/Assety/szoppraczAssetPack_Cube_005.szoppraczAssetPack_Cube_005
[2020.04.05-18.07.16:534][  0]LogStaticMesh: Building static mesh szoppraczAssetPack_Cube_004...
[2020.04.05-18.07.16:575][  0]LogStaticMesh: Built static mesh [0.05s] /Game/ThirdPersonBP/Camera/Assety/szoppraczAssetPack_Cube_004.szoppraczAssetPack_Cube_004
[2020.04.05-18.07.16:598][  0]LogStaticMesh: Building static mesh szoppraczAssetPack_Circle_006...
[2020.04.05-18.07.16:611][  0]LogStaticMesh: Built static mesh [0.01s] /Game/ThirdPersonBP/Camera/Assety/szoppraczAssetPack_Circle_006.szoppraczAssetPack_Circle_006
[2020.04.05-18.07.16:650][  0]LogStaticMesh: Building static mesh szoppraczAssetPack_Circle_005...
[2020.04.05-18.07.16:667][  0]LogStaticMesh: Built static mesh [0.03s] /Game/ThirdPersonBP/Camera/Assety/szoppraczAssetPack_Circle_005.szoppraczAssetPack_Circle_005
[2020.04.05-18.07.16:688][  0]LogStaticMesh: Building static mesh szoppraczAssetPack_Circle_004...
[2020.04.05-18.07.16:706][  0]LogStaticMesh: Built static mesh [0.04s] /Game/ThirdPersonBP/Camera/Assety/szoppraczAssetPack_Circle_004.szoppraczAssetPack_Circle_004
[2020.04.05-18.07.16:729][  0]LogStaticMesh: Building static mesh szoppraczAssetPack_Circle_002...
[2020.04.05-18.07.16:770][  0]LogStaticMesh: Built static mesh [0.06s] /Game/ThirdPersonBP/Camera/Assety/szoppraczAssetPack_Circle_002.szoppraczAssetPack_Circle_002
[2020.04.05-18.07.16:794][  0]LogStaticMesh: Building static mesh szoppraczAssetBank...
[2020.04.05-18.07.17:010][  0]LogStaticMesh: Built static mesh [0.23s] /Game/ThirdPersonBP/Camera/Assety/szoppraczAssetBank.szoppraczAssetBank
[2020.04.05-18.07.17:035][  0]LogStaticMesh: Building static mesh szoppraczAssehOUSES_aSSETS_Cube_057...
[2020.04.05-18.07.17:055][  0]LogStaticMesh: Built static mesh [0.03s] /Game/ThirdPersonBP/Camera/Assety/szoppraczAssehOUSES_aSSETS_Cube_057.szoppraczAssehOUSES_aSSETS_Cube_057
[2020.04.05-18.07.17:058][  0]LogStaticMesh: Building static mesh szoppraczAssehOUSES_aSSETS_Cube_056...
[2020.04.05-18.07.17:072][  0]LogStaticMesh: Built static mesh [0.01s] /Game/ThirdPersonBP/Camera/Assety/szoppraczAssehOUSES_aSSETS_Cube_056.szoppraczAssehOUSES_aSSETS_Cube_056
[2020.04.05-18.07.17:096][  0]LogStaticMesh: Building static mesh szoppraczAssehOUSES_aSSETS_Cube_055...
[2020.04.05-18.07.17:119][  0]LogStaticMesh: Built static mesh [0.02s] /Game/ThirdPersonBP/Camera/Assety/szoppraczAssehOUSES_aSSETS_Cube_055.szoppraczAssehOUSES_aSSETS_Cube_055
[2020.04.05-18.07.17:156][  0]LogStaticMesh: Building static mesh szoppraczAssehOUSES_aSSETS_Cube_054...
[2020.04.05-18.07.17:176][  0]LogStaticMesh: Built static mesh [0.02s] /Game/ThirdPersonBP/Camera/Assety/szoppraczAssehOUSES_aSSETS_Cube_054.szoppraczAssehOUSES_aSSETS_Cube_054
[2020.04.05-18.07.17:206][  0]LogStaticMesh: Building static mesh szoppraczAssehOUSES_aSSETS_Cube_052...
[2020.04.05-18.07.17:220][  0]LogStaticMesh: Built static mesh [0.01s] /Game/ThirdPersonBP/Camera/Assety/szoppraczAssehOUSES_aSSETS_Cube_052.szoppraczAssehOUSES_aSSETS_Cube_052
[2020.04.05-18.07.17:232][  0]LogStaticMesh: Building static mesh szoppraczAssehOUSES_aSSETS_Cube_051...
[2020.04.05-18.07.17:254][  0]LogStaticMesh: Built static mesh [0.03s] /Game/ThirdPersonBP/Camera/Assety/szoppraczAssehOUSES_aSSETS_Cube_051.szoppraczAssehOUSES_aSSETS_Cube_051
[2020.04.05-18.07.17:299][  0]LogStaticMesh: Building static mesh szoppraczAssehOUSES_aSSETS_Cube_050...
[2020.04.05-18.07.17:319][  0]LogStaticMesh: Built static mesh [0.04s] /Game/ThirdPersonBP/Camera/Assety/szoppraczAssehOUSES_aSSETS_Cube_050.szoppraczAssehOUSES_aSSETS_Cube_050
[2020.04.05-18.07.17:350][  0]LogStaticMesh: Building static mesh szoppraczAssehOUSES_aSSETS_Cube_049...
[2020.04.05-18.07.17:370][  0]LogStaticMesh: Built static mesh [0.03s] /Game/ThirdPersonBP/Camera/Assety/szoppraczAssehOUSES_aSSETS_Cube_049.szoppraczAssehOUSES_aSSETS_Cube_049
[2020.04.05-18.07.17:388][  0]LogStaticMesh: Building static mesh szoppraczAssehOUSES_aSSETS_Cube_048...
[2020.04.05-18.07.17:402][  0]LogStaticMesh: Built static mesh [0.03s] /Game/ThirdPersonBP/Camera/Assety/szoppraczAssehOUSES_aSSETS_Cube_048.szoppraczAssehOUSES_aSSETS_Cube_048
[2020.04.05-18.07.17:420][  0]LogStaticMesh: Building static mesh szoppraczAssehOUSES_aSSETS_Cube_047...
[2020.04.05-18.07.17:443][  0]LogStaticMesh: Built static mesh [0.02s] /Game/ThirdPersonBP/Camera/Assety/szoppraczAssehOUSES_aSSETS_Cube_047.szoppraczAssehOUSES_aSSETS_Cube_047
[2020.04.05-18.07.17:489][  0]LogStaticMesh: Building static mesh szoppraczAssehOUSES_aSSETS_Cube_046...
[2020.04.05-18.07.17:508][  0]LogStaticMesh: Built static mesh [0.03s] /Game/ThirdPersonBP/Camera/Assety/szoppraczAssehOUSES_aSSETS_Cube_046.szoppraczAssehOUSES_aSSETS_Cube_046
[2020.04.05-18.07.17:536][  0]LogStaticMesh: Building static mesh szoppraczAssehOUSES_aSSETS_Cube_042...
[2020.04.05-18.07.17:550][  0]LogStaticMesh: Built static mesh [0.02s] /Game/ThirdPersonBP/Camera/Assety/szoppraczAssehOUSES_aSSETS_Cube_042.szoppraczAssehOUSES_aSSETS_Cube_042
[2020.04.05-18.07.17:590][  0]LogStaticMesh: Building static mesh szoppraczAssehOUSES_aSSETS_Cube_041...
[2020.04.05-18.07.17:612][  0]LogStaticMesh: Built static mesh [0.04s] /Game/ThirdPersonBP/Camera/Assety/szoppraczAssehOUSES_aSSETS_Cube_041.szoppraczAssehOUSES_aSSETS_Cube_041
[2020.04.05-18.07.17:614][  0]LogStaticMesh: Building static mesh szoppraczAssehOUSES_aSSETS_Cube_040...
[2020.04.05-18.07.17:634][  0]LogStaticMesh: Built static mesh [0.02s] /Game/ThirdPersonBP/Camera/Assety/szoppraczAssehOUSES_aSSETS_Cube_040.szoppraczAssehOUSES_aSSETS_Cube_040
[2020.04.05-18.07.17:639][  0]LogStaticMesh: Building static mesh szoppraczAsseCARS_Cube_038...
[2020.04.05-18.07.17:694][  0]LogStaticMesh: Built static mesh [0.06s] /Game/ThirdPersonBP/Camera/Assety/szoppraczAsseCARS_Cube_038.szoppraczAsseCARS_Cube_038
[2020.04.05-18.07.17:706][  0]LogStaticMesh: Building static mesh szoppraczAsseCARS_Cube_037...
[2020.04.05-18.07.17:764][  0]LogStaticMesh: Built static mesh [0.06s] /Game/ThirdPersonBP/Camera/Assety/szoppraczAsseCARS_Cube_037.szoppraczAsseCARS_Cube_037
[2020.04.05-18.07.17:796][  0]LogStaticMesh: Building static mesh szoppraczAsseCARS_Cube_036...
[2020.04.05-18.07.17:855][  0]LogStaticMesh: Built static mesh [0.07s] /Game/ThirdPersonBP/Camera/Assety/szoppraczAsseCARS_Cube_036.szoppraczAsseCARS_Cube_036
[2020.04.05-18.07.17:875][  0]LogStaticMesh: Building static mesh szoppraczAsseCARS_Cube_035...
[2020.04.05-18.07.17:930][  0]LogStaticMesh: Built static mesh [0.06s] /Game/ThirdPersonBP/Camera/Assety/szoppraczAsseCARS_Cube_035.szoppraczAsseCARS_Cube_035
[2020.04.05-18.07.17:936][  0]LogStaticMesh: Building static mesh flora_Plane_020...
[2020.04.05-18.07.18:058][  0]LogStaticMesh: Built static mesh [0.12s] /Game/ThirdPersonBP/Camera/Assety/flora_Plane_020.flora_Plane_020
[2020.04.05-18.07.18:079][  0]LogStaticMesh: Building static mesh flora_Plane_019...
[2020.04.05-18.07.18:205][  0]LogStaticMesh: Built static mesh [0.13s] /Game/ThirdPersonBP/Camera/Assety/flora_Plane_019.flora_Plane_019
[2020.04.05-18.07.18:277][  0]LogStaticMesh: Building static mesh flora_Plane_018...
[2020.04.05-18.07.18:294][  0]LogStaticMesh: Built static mesh [0.02s] /Game/ThirdPersonBP/Camera/Assety/flora_Plane_018.flora_Plane_018
[2020.04.05-18.07.18:302][  0]LogStaticMesh: Building static mesh flora_Plane_017...
[2020.04.05-18.07.18:323][  0]LogStaticMesh: Built static mesh [0.02s] /Game/ThirdPersonBP/Camera/Assety/flora_Plane_017.flora_Plane_017
[2020.04.05-18.07.18:347][  0]LogStaticMesh: Building static mesh flora_Plane_015...
[2020.04.05-18.07.18:359][  0]LogStaticMesh: Built static mesh [0.02s] /Game/ThirdPersonBP/Camera/Assety/flora_Plane_015.flora_Plane_015
[2020.04.05-18.07.18:362][  0]LogStaticMesh: Building static mesh flora_Plane_014...
[2020.04.05-18.07.21:438][  0]LogShaderCompilers: Display: Worker (3/3): shaders left to compile 99
[2020.04.05-18.07.21:438][  0]LogShaderCompilers: Display: Worker (2/3): shaders left to compile 89
[2020.04.05-18.07.21:438][  0]LogShaderCompilers: Display: Worker (1/3): shaders left to compile 79
[2020.04.05-18.07.21:438][  0]LogStaticMesh: Built static mesh [3.08s] /Game/ThirdPersonBP/Camera/Assety/flora_Plane_014.flora_Plane_014
[2020.04.05-18.07.22:304][  0]LogStaticMesh: Building static mesh flora_Plane_013...
[2020.04.05-18.07.22:467][  0]LogStaticMesh: Built static mesh [0.16s] /Game/ThirdPersonBP/Camera/Assety/flora_Plane_013.flora_Plane_013
[2020.04.05-18.07.22:560][  0]LogMaterial: Display: Missing cached shader map for material Material_002, compiling. 
[2020.04.05-18.07.22:620][  0]LogShaderCompilers: Display: Worker (3/3): shaders left to compile 69
[2020.04.05-18.07.22:620][  0]LogMaterial: Display: Missing cached shader map for material Material, compiling. 
[2020.04.05-18.07.22:662][  0]LogStaticMesh: Building static mesh flora_Plane_012...
[2020.04.05-18.07.22:809][  0]LogStaticMesh: Built static mesh [0.17s] /Game/ThirdPersonBP/Camera/Assety/flora_Plane_012.flora_Plane_012
[2020.04.05-18.07.22:830][  0]LogStaticMesh: Building static mesh flora_Plane_011...
[2020.04.05-18.07.22:844][  0]LogStaticMesh: Built static mesh [0.02s] /Game/ThirdPersonBP/Camera/Assety/flora_Plane_011.flora_Plane_011
[2020.04.05-18.07.22:884][  0]LogStaticMesh: Building static mesh flora_Plane_010...
[2020.04.05-18.07.33:202][  0]LogShaderCompilers: Display: Worker (2/3): shaders left to compile 89
[2020.04.05-18.07.33:203][  0]LogShaderCompilers: Display: Worker (1/3): shaders left to compile 79
[2020.04.05-18.07.33:203][  0]LogShaderCompilers: Display: Worker (3/3): shaders left to compile 69
[2020.04.05-18.07.33:203][  0]LogShaderCompilers: Display: Worker (1/3): shaders left to compile 59
[2020.04.05-18.07.33:203][  0]LogShaderCompilers: Display: Worker (2/3): shaders left to compile 49
[2020.04.05-18.07.33:203][  0]LogShaderCompilers: Display: Worker (3/3): shaders left to compile 39
[2020.04.05-18.07.33:203][  0]LogStaticMesh: Built static mesh [10.32s] /Game/ThirdPersonBP/Camera/Assety/flora_Plane_010.flora_Plane_010
[2020.04.05-18.07.33:562][  0]LogStaticMesh: Building static mesh flora_Plane_009...
[2020.04.05-18.07.44:391][  0]LogShaderCompilers: Display: Worker (3/3): shaders left to compile 29
[2020.04.05-18.07.44:391][  0]LogShaderCompilers: Display: Worker (2/3): shaders left to compile 19
[2020.04.05-18.07.44:391][  0]LogShaderCompilers: Display: Worker (1/3): shaders left to compile 12
[2020.04.05-18.07.44:391][  0]LogShaderCompilers: Display: Worker (2/3): shaders left to compile 7
[2020.04.05-18.07.44:391][  0]LogShaderCompilers: Display: Worker (1/3): shaders left to compile 4
[2020.04.05-18.07.44:391][  0]LogShaderCompilers: Display: Worker (1/3): shaders left to compile 2
[2020.04.05-18.07.44:391][  0]LogShaderCompilers: Display: Worker (1/3): shaders left to compile 1
[2020.04.05-18.07.44:391][  0]LogStaticMesh: Built static mesh [10.83s] /Game/ThirdPersonBP/Camera/Assety/flora_Plane_009.flora_Plane_009
[2020.04.05-18.07.44:673][  0]LogStaticMesh: Building static mesh flora_Plane_008...
[2020.04.05-18.07.44:695][  0]LogStaticMesh: Built static mesh [0.05s] /Game/ThirdPersonBP/Camera/Assety/flora_Plane_008.flora_Plane_008
[2020.04.05-18.07.44:734][  0]LogStaticMesh: Building static mesh flora_Plane_005...
[2020.04.05-18.07.44:753][  0]LogStaticMesh: Built static mesh [0.04s] /Game/ThirdPersonBP/Camera/Assety/flora_Plane_005.flora_Plane_005
[2020.04.05-18.07.44:788][  0]LogStaticMesh: Building static mesh flora_Plane_004...
[2020.04.05-18.07.44:810][  0]LogStaticMesh: Built static mesh [0.03s] /Game/ThirdPersonBP/Camera/Assety/flora_Plane_004.flora_Plane_004
[2020.04.05-18.07.44:833][  0]LogStaticMesh: Building static mesh flora_Plane_003...
[2020.04.05-18.07.44:846][  0]LogStaticMesh: Built static mesh [0.01s] /Game/ThirdPersonBP/Camera/Assety/flora_Plane_003.flora_Plane_003
[2020.04.05-18.07.44:857][  0]LogStaticMesh: Building static mesh flora_Plane_002...
[2020.04.05-18.07.55:209][  0]LogStaticMesh: Built static mesh [10.35s] /Game/ThirdPersonBP/Camera/Assety/flora_Plane_002.flora_Plane_002
[2020.04.05-18.07.55:443][  0]LogMaterial: Display: Missing cached shader map for material Material_020, compiling. 
[2020.04.05-18.07.55:542][  0]LogShaderCompilers: Display: Worker (1/3): shaders left to compile 39
[2020.04.05-18.07.55:542][  0]LogShaderCompilers: Display: Worker (2/3): shaders left to compile 29
[2020.04.05-18.07.55:542][  0]LogShaderCompilers: Display: Worker (3/3): shaders left to compile 19
[2020.04.05-18.07.55:542][  0]LogStaticMesh: Building static mesh flora_Plane...
[2020.04.05-18.07.55:551][  0]LogStaticMesh: Built static mesh [0.04s] /Game/ThirdPersonBP/Camera/Assety/flora_Plane.flora_Plane
[2020.04.05-18.07.56:299][  0]LogMaterial: Display: Missing cached shader map for material CubeMaterial_2, compiling. 
[2020.04.05-18.07.56:396][  0]LogMaterial: Display: Missing cached shader map for material CubeMaterial_2, compiling. 
[2020.04.05-18.07.56:462][  0]LogMaterial: Display: Missing cached shader map for material CubeMaterial_2, compiling. 
[2020.04.05-18.07.56:725][  0]LogMaterial: Display: Missing cached shader map for material Material_018, compiling. 
[2020.04.05-18.07.56:821][  0]LogMaterial: Display: Missing cached shader map for material CubeMaterial_4, compiling. 
[2020.04.05-18.07.56:857][  0]LogMaterial: Display: Missing cached shader map for material CubeMaterial_3, compiling. 
[2020.04.05-18.07.56:944][  0]LogAIModule: Creating AISystem for world ThirdPersonExampleMap
[2020.04.05-18.07.57:671][  0]LogMaterial: Display: Material /Game/ThirdPersonBP/Camera/Assety/Material_002.Material_002 needed to have new flag set bUsedWithInstancedStaticMeshes !
[2020.04.05-18.07.57:742][  0]LogMaterial: Display: Missing cached shader map for material Material_002, compiling. 
[2020.04.05-18.07.57:779][  0]MapCheck: Warning: Material_002 Material /Game/ThirdPersonBP/Camera/Assety/Material_002.Material_002 was missing the usage flag bUsedWithInstancedStaticMeshes. If the material asset is not re-saved, it may not render correctly when run outside the editor. Fix
[2020.04.05-18.07.57:780][  0]LogMaterial: Display: Material /Game/ThirdPersonBP/Camera/Assety/Material.Material needed to have new flag set bUsedWithInstancedStaticMeshes !
[2020.04.05-18.07.57:788][  0]LogMaterial: Display: Missing cached shader map for material Material, compiling. 
[2020.04.05-18.07.57:826][  0]MapCheck: Warning: Material Material /Game/ThirdPersonBP/Camera/Assety/Material.Material was missing the usage flag bUsedWithInstancedStaticMeshes. If the material asset is not re-saved, it may not render correctly when run outside the editor. Fix
[2020.04.05-18.07.58:046][  0]LogMaterial: Display: Material /Game/StarterContent/Materials/M_Tech_Hex_Tile_Pulse.M_Tech_Hex_Tile_Pulse needed to have new flag set bUsedWithSkeletalMesh !
[2020.04.05-18.07.58:063][  0]LogMaterial: Display: Missing cached shader map for material M_Tech_Hex_Tile_Pulse, compiling. 
[2020.04.05-18.07.58:117][  0]MapCheck: Warning: M_Tech_Hex_Tile_Pulse Material /Game/StarterContent/Materials/M_Tech_Hex_Tile_Pulse.M_Tech_Hex_Tile_Pulse was missing the usage flag bUsedWithSkeletalMesh. If the material asset is not re-saved, it may not render correctly when run outside the editor. Fix
[2020.04.05-18.07.58:700][  0]LogEditorServer: Finished looking for orphan Actors (0.000 secs)
[2020.04.05-18.07.58:990][  0]LogUObjectHash: Compacting FUObjectHashTables data took   7.90ms
[2020.04.05-18.07.58:994][  0]Cmd: MAP CHECKDEP NOCLEARLOG
[2020.04.05-18.07.59:009][  0]MapCheck: Map check complete: 0 Error(s), 3 Warning(s), took 1,178ms to complete.
[2020.04.05-18.07.59:235][  0]LogFileHelpers: Loading map 'ThirdPersonExampleMap' took 56.445
[2020.04.05-18.08.01:096][  0]LogShaderCompilers: Display: Worker (3/3): shaders left to compile 294
[2020.04.05-18.08.01:096][  0]LogSlate: Updating window title bar state: overlay mode, drag disabled, window buttons hidden, title bar hidden
[2020.04.05-18.08.01:129][  0]LogSlate: Updating window title bar state: overlay mode, drag disabled, window buttons hidden, title bar hidden
[2020.04.05-18.08.01:146][  0]LogSlate: Updating window title bar state: overlay mode, drag disabled, window buttons hidden, title bar hidden
[2020.04.05-18.08.01:163][  0]LogSlate: Updating window title bar state: overlay mode, drag disabled, window buttons hidden, title bar hidden
[2020.04.05-18.08.01:361][  0]LogCollectionManager: Loaded 0 collections in 0.001715 seconds
[2020.04.05-18.08.01:498][  0]LogFileCache: Scanning file cache for directory 'F:/Projekty/Unreal Projects/SzopenHauer/Gra_o_szopie 4.24/Saved/Collections/' took 0.00s
[2020.04.05-18.08.01:498][  0]LogFileCache: Scanning file cache for directory 'F:/Projekty/Unreal Projects/SzopenHauer/Gra_o_szopie 4.24/Content/Developers/yahoo/Collections/' took 0.00s
[2020.04.05-18.08.01:498][  0]LogFileCache: Scanning file cache for directory 'F:/Projekty/Unreal Projects/SzopenHauer/Gra_o_szopie 4.24/Content/Collections/' took 0.00s
[2020.04.05-18.08.01:498][  0]LogContentBrowser: Native class hierarchy populated in 0.0217 seconds. Added 3015 classes and 717 folders.
[2020.04.05-18.08.01:606][  0]LogContentBrowser: Native class hierarchy updated for 'WidgetCarousel' in 0.0005 seconds. Added 0 classes and 0 folders.
[2020.04.05-18.08.02:488][  0]LogContentBrowser: Native class hierarchy updated for 'AddContentDialog' in 0.0004 seconds. Added 0 classes and 0 folders.
[2020.04.05-18.08.02:574][  0]LogContentBrowser: Native class hierarchy updated for 'SceneOutliner' in 0.0022 seconds. Added 2 classes and 3 folders.
[2020.04.05-18.08.03:377][  0]LogShaderCompilers: Display: Worker (1/3): shaders left to compile 284
[2020.04.05-18.08.03:377][  0]LogSlate: Took 0.030220 seconds to synchronously load lazily loaded font '../../../Engine/Content/Slate/Fonts/Roboto-Regular.ttf' (155K)
[2020.04.05-18.08.03:420][  0]LogSlate: Took 0.033949 seconds to synchronously load lazily loaded font '../../../Engine/Content/Slate/Fonts/Roboto-Bold.ttf' (160K)
[2020.04.05-18.08.03:470][  0]LogSlate: Took 0.021425 seconds to synchronously load lazily loaded font '../../../Engine/Content/Editor/Slate/Fonts/FontAwesome.ttf' (139K)
[2020.04.05-18.08.04:186][  0]LogRenderer: Reallocating scene render targets to support 1056x556 Format 10 NumSamples 1 (Frame:1).
[2020.04.05-18.08.06:241][  0]LogContentBrowser: Native class hierarchy updated for 'HierarchicalLODOutliner' in 0.0004 seconds. Added 0 classes and 0 folders.
[2020.04.05-18.08.06:241][  0]LogLoad: (Engine Initialization) Total time: 151.72 seconds
[2020.04.05-18.08.06:241][  0]LogLoad: (Engine Initialization) Total Blueprint compile time: 0.00 seconds
[2020.04.05-18.08.06:427][  0]LogContentStreaming: Texture pool size now 1000 MB
[2020.04.05-18.08.06:622][  0]LogSlate: Took 0.034242 seconds to synchronously load lazily loaded font '../../../Engine/Content/Slate/Fonts/Roboto-Light.ttf' (167K)
[2020.04.05-18.08.08:238][ 11]LogAssetRegistry: Asset discovery search completed in 114.5262 seconds
[2020.04.05-18.08.08:245][ 11]LogCollectionManager: Fixed up redirectors for 0 collections in 0.000014 seconds (updated 0 objects)
[2020.04.05-18.08.09:356][ 15]LogShaderCompilers: Display: Worker (2/3): shaders left to compile 274
[2020.04.05-18.08.25:845][296]LogShaderCompilers: Display: Worker (1/3): shaders left to compile 264
[2020.04.05-18.08.29:391][315]LogShaderCompilers: Display: Worker (2/3): shaders left to compile 254
[2020.04.05-18.08.34:537][356]LogShaderCompilers: Display: Worker (1/3): shaders left to compile 244
[2020.04.05-18.08.39:951][458]LogShaderCompilers: Display: Worker (2/3): shaders left to compile 234
[2020.04.05-18.08.45:424][560]LogShaderCompilers: Display: Worker (1/3): shaders left to compile 224
[2020.04.05-18.08.50:571][653]LogShaderCompilers: Display: Worker (2/3): shaders left to compile 214
[2020.04.05-18.08.53:557][709]LogShaderCompilers: Display: Worker (1/3): shaders left to compile 204
[2020.04.05-18.08.58:835][713]LogAudioMixer: Display: Audio Buffer Underrun detected.
[2020.04.05-18.09.00:553][734]LogShaderCompilers: Display: Worker (2/3): shaders left to compile 194
[2020.04.05-18.09.04:840][815]LogShaderCompilers: Display: Worker (1/3): shaders left to compile 184
[2020.04.05-18.09.11:957][908]LogShaderCompilers: Display: Worker (2/3): shaders left to compile 174
[2020.04.05-18.09.14:590][950]LogShaderCompilers: Display: Worker (1/3): shaders left to compile 164
[2020.04.05-18.09.20:802][ 55]LogShaderCompilers: Display: Worker (2/3): shaders left to compile 154
[2020.04.05-18.09.27:892][177]LogShaderCompilers: Display: Worker (1/3): shaders left to compile 144
[2020.04.05-18.09.33:361][266]LogShaderCompilers: Display: Worker (2/3): shaders left to compile 134
[2020.04.05-18.09.40:283][363]LogShaderCompilers: Display: Worker (2/3): shaders left to compile 124
[2020.04.05-18.09.44:203][406]LogShaderCompilers: Display: Worker (1/3): shaders left to compile 114
[2020.04.05-18.09.47:822][465]LogShaderCompilers: Display: Worker (2/3): shaders left to compile 104
[2020.04.05-18.09.50:156][490]LogShaderCompilers: Display: Worker (1/3): shaders left to compile 94
[2020.04.05-18.09.58:061][579]LogShaderCompilers: Display: Worker (2/3): shaders left to compile 84
[2020.04.05-18.09.59:699][604]LogShaderCompilers: Display: Worker (1/3): shaders left to compile 74
[2020.04.05-18.10.06:664][702]LogShaderCompilers: Display: Worker (2/3): shaders left to compile 64
[2020.04.05-18.10.15:011][738]LogShaderCompilers: Display: Worker (1/3): shaders left to compile 54
[2020.04.05-18.10.20:132][826]LogShaderCompilers: Display: Worker (2/3): shaders left to compile 44
[2020.04.05-18.10.23:498][868]LogShaderCompilers: Display: Worker (1/3): shaders left to compile 34
[2020.04.05-18.10.34:568][988]LogShaderCompilers: Display: Worker (1/3): shaders left to compile 24
[2020.04.05-18.10.36:118][ 11]LogAudioMixer: Warning: Changing default audio render device to new device: .
[2020.04.05-18.10.36:151][ 11]LogTemp: Resetting audio stream to device id 
